SiFacil.exe: 00001C68: 10:47:38 []:>--------------------------------------------------------------<
SiFacil.exe: 00001C68: 10:47:38 [TUniServerModule]:Server First Init.
SiFacil.exe: 00001C68: 10:47:38 [TUniServerModule]:Debug Mode = ON
SiFacil.exe: 00001C68: 10:47:38 []:Error deleting file: "D:\SiFácil\Si-Facil\Controllers\Win32\Debug\cache\sifacil_exe\BxNdOwonfF10B3C9D8C\FRKVRY220930212704442.png" [OS Error:5]
SiFacil.exe: 00001C68: 10:47:38 []:Error deleting file: "D:\SiFácil\Si-Facil\Controllers\Win32\Debug\cache\sifacil_exe\BxNdOwonfF10B3C9D8C\JJDIYL220930212704442.png" [OS Error:5]
SiFacil.exe: 00001C68: 10:47:38 []:Error deleting file: "D:\SiFácil\Si-Facil\Controllers\Win32\Debug\cache\sifacil_exe\BxNdOwonfF10B3C9D8C\NSGAKE220930212704442.png" [OS Error:5]
SiFacil.exe: 00001C68: 10:47:38 []:Error deleting file: "D:\SiFácil\Si-Facil\Controllers\Win32\Debug\cache\sifacil_exe\BxNdOwonfF10B3C9D8C\POPFRH220930212704442.png" [OS Error:5]
SiFacil.exe: 00001C68: 10:47:38 []:Error deleting file: "D:\SiFácil\Si-Facil\Controllers\Win32\Debug\cache\sifacil_exe\BxNdOwonfF10B3C9D8C\UBSGXQ220930212704442.png" [OS Error:5]
SiFacil.exe: 00001C68: 10:47:38 []:Error deleting file: "D:\SiFácil\Si-Facil\Controllers\Win32\Debug\cache\sifacil_exe\BxNdOwonfF10B3C9D8C\VSHYFB220930212704442.png" [OS Error:5]
SiFacil.exe: 00001C68: 10:47:38 []:Error deleting file: "D:\SiFácil\Si-Facil\Controllers\Win32\Debug\cache\sifacil_exe\BxNdOwonfF10B3C9D8C\WJTGEE220930212704442.png" [OS Error:5]
SiFacil.exe: 00001C68: 10:47:38 []:Error deleting folder: "D:\SiFácil\Si-Facil\Controllers\Win32\Debug\cache\sifacil_exe\BxNdOwonfF10B3C9D8C\" [OS Error:145]
SiFacil.exe: 00001C68: 10:47:38 []:Error deleting file: "D:\SiFácil\Si-Facil\Controllers\Win32\Debug\cache\sifacil_exe\EuIH7h54dp10B3C9E31\KMAQAT220930212703265.png" [OS Error:5]
SiFacil.exe: 00001C68: 10:47:38 []:Error deleting file: "D:\SiFácil\Si-Facil\Controllers\Win32\Debug\cache\sifacil_exe\EuIH7h54dp10B3C9E31\LAYZJN220930212703265.png" [OS Error:5]
SiFacil.exe: 00001C68: 10:47:38 []:Error deleting file: "D:\SiFácil\Si-Facil\Controllers\Win32\Debug\cache\sifacil_exe\EuIH7h54dp10B3C9E31\MSYPLX220930212703265.png" [OS Error:5]
SiFacil.exe: 00001C68: 10:47:38 []:Error deleting file: "D:\SiFácil\Si-Facil\Controllers\Win32\Debug\cache\sifacil_exe\EuIH7h54dp10B3C9E31\TRBOEP220930212703265.png" [OS Error:5]
SiFacil.exe: 00001C68: 10:47:38 []:Error deleting file: "D:\SiFácil\Si-Facil\Controllers\Win32\Debug\cache\sifacil_exe\EuIH7h54dp10B3C9E31\VYAYFE220930212703265.png" [OS Error:5]
SiFacil.exe: 00001C68: 10:47:38 []:Error deleting file: "D:\SiFácil\Si-Facil\Controllers\Win32\Debug\cache\sifacil_exe\EuIH7h54dp10B3C9E31\WKAOTA220930212703265.png" [OS Error:5]
SiFacil.exe: 00001C68: 10:47:38 []:Error deleting file: "D:\SiFácil\Si-Facil\Controllers\Win32\Debug\cache\sifacil_exe\EuIH7h54dp10B3C9E31\YLPAMK220930212703265.png" [OS Error:5]
SiFacil.exe: 00001C68: 10:47:38 []:Error deleting folder: "D:\SiFácil\Si-Facil\Controllers\Win32\Debug\cache\sifacil_exe\EuIH7h54dp10B3C9E31\" [OS Error:145]
SiFacil.exe: 00001C68: 10:47:38 []:Error deleting file: "D:\SiFácil\Si-Facil\Controllers\Win32\Debug\cache\sifacil_exe\res\__0D793CC11ACA91ED2843D567.png" [OS Error:5]
SiFacil.exe: 00001C68: 10:47:39 []:Error deleting file: "D:\SiFácil\Si-Facil\Controllers\Win32\Debug\cache\sifacil_exe\res\__3F7F57AC57B3F503973356C7.png" [OS Error:5]
SiFacil.exe: 00001C68: 10:47:39 []:Error deleting file: "D:\SiFácil\Si-Facil\Controllers\Win32\Debug\cache\sifacil_exe\res\__6D4B95677BB2D9E2E8FE776F.png" [OS Error:5]
SiFacil.exe: 00001C68: 10:47:39 []:Error deleting file: "D:\SiFácil\Si-Facil\Controllers\Win32\Debug\cache\sifacil_exe\res\__74E35A3F1D828ED19265E674.png" [OS Error:5]
SiFacil.exe: 00001C68: 10:47:39 []:Error deleting file: "D:\SiFácil\Si-Facil\Controllers\Win32\Debug\cache\sifacil_exe\res\__8CA59ECAA03C3E802CE21CC6.png" [OS Error:5]
SiFacil.exe: 00001C68: 10:47:39 []:Error deleting file: "D:\SiFácil\Si-Facil\Controllers\Win32\Debug\cache\sifacil_exe\res\__9B946CE896C715A2325B7814.png" [OS Error:5]
SiFacil.exe: 00001C68: 10:47:39 []:Error deleting file: "D:\SiFácil\Si-Facil\Controllers\Win32\Debug\cache\sifacil_exe\res\__BCB3DEA5EBCB6F37A87F5249.png" [OS Error:5]
SiFacil.exe: 00001C68: 10:47:39 []:Error deleting file: "D:\SiFácil\Si-Facil\Controllers\Win32\Debug\cache\sifacil_exe\res\__C1B6C9AC1BCA3E4DDD81253D.png" [OS Error:5]
SiFacil.exe: 00001C68: 10:47:39 []:Error deleting file: "D:\SiFácil\Si-Facil\Controllers\Win32\Debug\cache\sifacil_exe\res\__E04CDB0E7C67BF6E5D66E722.png" [OS Error:5]
SiFacil.exe: 00001C68: 10:47:39 []:Error deleting file: "D:\SiFácil\Si-Facil\Controllers\Win32\Debug\cache\sifacil_exe\res\__F6CE4E7B02B9959FF98808EA.png" [OS Error:5]
SiFacil.exe: 00001C68: 10:47:39 []:Error deleting folder: "D:\SiFácil\Si-Facil\Controllers\Win32\Debug\cache\sifacil_exe\res\" [OS Error:145]
SiFacil.exe: 00001C68: 10:47:39 [TUniServerModule]:Global Cache Folder Erased. <7> Files deleted.
SiFacil.exe: 00001C68: 10:47:39 [TUniServerModule]:Starting HTTP Server on Port: 8077...
SiFacil.exe: 00001C68: 10:47:39 [TUniServerModule]:HTTP Server Started on Port: 8077
SiFacil.exe: 0000397C: 11:08:33 [127.0.0.1]:EUniSessionException : Invalid session or session Timeout. : Addr: $00791827
SiFacil.exe: 00000D4C: 11:27:59 []:>--------------------------------------------------------------<
SiFacil.exe: 00000D4C: 11:27:59 [TUniServerModule]:Server First Init.
SiFacil.exe: 00000D4C: 11:27:59 [TUniServerModule]:Debug Mode = ON
SiFacil.exe: 00000D4C: 11:27:59 []:Error deleting file: "D:\SiFácil\Si-Facil\Controllers\Win32\Debug\cache\sifacil_exe\BxNdOwonfF10B3C9D8C\FRKVRY220930212704442.png" [OS Error:5]
SiFacil.exe: 00000D4C: 11:27:59 []:Error deleting file: "D:\SiFácil\Si-Facil\Controllers\Win32\Debug\cache\sifacil_exe\BxNdOwonfF10B3C9D8C\JJDIYL220930212704442.png" [OS Error:5]
SiFacil.exe: 00000D4C: 11:27:59 []:Error deleting file: "D:\SiFácil\Si-Facil\Controllers\Win32\Debug\cache\sifacil_exe\BxNdOwonfF10B3C9D8C\NSGAKE220930212704442.png" [OS Error:5]
SiFacil.exe: 00000D4C: 11:27:59 []:Error deleting file: "D:\SiFácil\Si-Facil\Controllers\Win32\Debug\cache\sifacil_exe\BxNdOwonfF10B3C9D8C\POPFRH220930212704442.png" [OS Error:5]
SiFacil.exe: 00000D4C: 11:27:59 []:Error deleting file: "D:\SiFácil\Si-Facil\Controllers\Win32\Debug\cache\sifacil_exe\BxNdOwonfF10B3C9D8C\UBSGXQ220930212704442.png" [OS Error:5]
SiFacil.exe: 00000D4C: 11:27:59 []:Error deleting file: "D:\SiFácil\Si-Facil\Controllers\Win32\Debug\cache\sifacil_exe\BxNdOwonfF10B3C9D8C\VSHYFB220930212704442.png" [OS Error:5]
SiFacil.exe: 00000D4C: 11:27:59 []:Error deleting file: "D:\SiFácil\Si-Facil\Controllers\Win32\Debug\cache\sifacil_exe\BxNdOwonfF10B3C9D8C\WJTGEE220930212704442.png" [OS Error:5]
SiFacil.exe: 00000D4C: 11:27:59 []:Error deleting folder: "D:\SiFácil\Si-Facil\Controllers\Win32\Debug\cache\sifacil_exe\BxNdOwonfF10B3C9D8C\" [OS Error:145]
SiFacil.exe: 00000D4C: 11:27:59 []:Error deleting file: "D:\SiFácil\Si-Facil\Controllers\Win32\Debug\cache\sifacil_exe\EuIH7h54dp10B3C9E31\KMAQAT220930212703265.png" [OS Error:5]
SiFacil.exe: 00000D4C: 11:27:59 []:Error deleting file: "D:\SiFácil\Si-Facil\Controllers\Win32\Debug\cache\sifacil_exe\EuIH7h54dp10B3C9E31\LAYZJN220930212703265.png" [OS Error:5]
SiFacil.exe: 00000D4C: 11:27:59 []:Error deleting file: "D:\SiFácil\Si-Facil\Controllers\Win32\Debug\cache\sifacil_exe\EuIH7h54dp10B3C9E31\MSYPLX220930212703265.png" [OS Error:5]
SiFacil.exe: 00000D4C: 11:27:59 []:Error deleting file: "D:\SiFácil\Si-Facil\Controllers\Win32\Debug\cache\sifacil_exe\EuIH7h54dp10B3C9E31\TRBOEP220930212703265.png" [OS Error:5]
SiFacil.exe: 00000D4C: 11:27:59 []:Error deleting file: "D:\SiFácil\Si-Facil\Controllers\Win32\Debug\cache\sifacil_exe\EuIH7h54dp10B3C9E31\VYAYFE220930212703265.png" [OS Error:5]
SiFacil.exe: 00000D4C: 11:27:59 []:Error deleting file: "D:\SiFácil\Si-Facil\Controllers\Win32\Debug\cache\sifacil_exe\EuIH7h54dp10B3C9E31\WKAOTA220930212703265.png" [OS Error:5]
SiFacil.exe: 00000D4C: 11:27:59 []:Error deleting file: "D:\SiFácil\Si-Facil\Controllers\Win32\Debug\cache\sifacil_exe\EuIH7h54dp10B3C9E31\YLPAMK220930212703265.png" [OS Error:5]
SiFacil.exe: 00000D4C: 11:27:59 []:Error deleting folder: "D:\SiFácil\Si-Facil\Controllers\Win32\Debug\cache\sifacil_exe\EuIH7h54dp10B3C9E31\" [OS Error:145]
SiFacil.exe: 00000D4C: 11:27:59 []:Error deleting file: "D:\SiFácil\Si-Facil\Controllers\Win32\Debug\cache\sifacil_exe\res\__0D793CC11ACA91ED2843D567.png" [OS Error:5]
SiFacil.exe: 00000D4C: 11:27:59 []:Error deleting file: "D:\SiFácil\Si-Facil\Controllers\Win32\Debug\cache\sifacil_exe\res\__3F7F57AC57B3F503973356C7.png" [OS Error:5]
SiFacil.exe: 00000D4C: 11:27:59 []:Error deleting file: "D:\SiFácil\Si-Facil\Controllers\Win32\Debug\cache\sifacil_exe\res\__6D4B95677BB2D9E2E8FE776F.png" [OS Error:5]
SiFacil.exe: 00000D4C: 11:27:59 []:Error deleting file: "D:\SiFácil\Si-Facil\Controllers\Win32\Debug\cache\sifacil_exe\res\__74E35A3F1D828ED19265E674.png" [OS Error:5]
SiFacil.exe: 00000D4C: 11:27:59 []:Error deleting file: "D:\SiFácil\Si-Facil\Controllers\Win32\Debug\cache\sifacil_exe\res\__8CA59ECAA03C3E802CE21CC6.png" [OS Error:5]
SiFacil.exe: 00000D4C: 11:27:59 []:Error deleting file: "D:\SiFácil\Si-Facil\Controllers\Win32\Debug\cache\sifacil_exe\res\__9B946CE896C715A2325B7814.png" [OS Error:5]
SiFacil.exe: 00000D4C: 11:27:59 []:Error deleting file: "D:\SiFácil\Si-Facil\Controllers\Win32\Debug\cache\sifacil_exe\res\__BCB3DEA5EBCB6F37A87F5249.png" [OS Error:5]
SiFacil.exe: 00000D4C: 11:27:59 []:Error deleting file: "D:\SiFácil\Si-Facil\Controllers\Win32\Debug\cache\sifacil_exe\res\__C1B6C9AC1BCA3E4DDD81253D.png" [OS Error:5]
SiFacil.exe: 00000D4C: 11:27:59 []:Error deleting file: "D:\SiFácil\Si-Facil\Controllers\Win32\Debug\cache\sifacil_exe\res\__E04CDB0E7C67BF6E5D66E722.png" [OS Error:5]
SiFacil.exe: 00000D4C: 11:27:59 []:Error deleting file: "D:\SiFácil\Si-Facil\Controllers\Win32\Debug\cache\sifacil_exe\res\__F6CE4E7B02B9959FF98808EA.png" [OS Error:5]
SiFacil.exe: 00000D4C: 11:27:59 []:Error deleting folder: "D:\SiFácil\Si-Facil\Controllers\Win32\Debug\cache\sifacil_exe\res\" [OS Error:145]
SiFacil.exe: 00000D4C: 11:27:59 [TUniServerModule]:Global Cache Folder Erased. <1> Files deleted.
SiFacil.exe: 00000D4C: 11:27:59 [TUniServerModule]:Starting HTTP Server on Port: 8077...
SiFacil.exe: 00000D4C: 11:27:59 [TUniServerModule]:HTTP Server Started on Port: 8077
SiFacil.exe: 000004DC: 19:52:29 []:>--------------------------------------------------------------<
SiFacil.exe: 000004DC: 19:52:30 [TUniServerModule]:Server First Init.
SiFacil.exe: 000004DC: 19:52:30 [TUniServerModule]:Debug Mode = ON
SiFacil.exe: 000004DC: 19:52:30 []:Error deleting file: "D:\SiFácil\Si-Facil\Controllers\Win32\Debug\cache\sifacil_exe\BxNdOwonfF10B3C9D8C\FRKVRY220930212704442.png" [OS Error:5]
SiFacil.exe: 000004DC: 19:52:30 []:Error deleting file: "D:\SiFácil\Si-Facil\Controllers\Win32\Debug\cache\sifacil_exe\BxNdOwonfF10B3C9D8C\JJDIYL220930212704442.png" [OS Error:5]
SiFacil.exe: 000004DC: 19:52:30 []:Error deleting file: "D:\SiFácil\Si-Facil\Controllers\Win32\Debug\cache\sifacil_exe\BxNdOwonfF10B3C9D8C\NSGAKE220930212704442.png" [OS Error:5]
SiFacil.exe: 000004DC: 19:52:30 []:Error deleting file: "D:\SiFácil\Si-Facil\Controllers\Win32\Debug\cache\sifacil_exe\BxNdOwonfF10B3C9D8C\POPFRH220930212704442.png" [OS Error:5]
SiFacil.exe: 000004DC: 19:52:30 []:Error deleting file: "D:\SiFácil\Si-Facil\Controllers\Win32\Debug\cache\sifacil_exe\BxNdOwonfF10B3C9D8C\UBSGXQ220930212704442.png" [OS Error:5]
SiFacil.exe: 000004DC: 19:52:30 []:Error deleting file: "D:\SiFácil\Si-Facil\Controllers\Win32\Debug\cache\sifacil_exe\BxNdOwonfF10B3C9D8C\VSHYFB220930212704442.png" [OS Error:5]
SiFacil.exe: 000004DC: 19:52:30 []:Error deleting file: "D:\SiFácil\Si-Facil\Controllers\Win32\Debug\cache\sifacil_exe\BxNdOwonfF10B3C9D8C\WJTGEE220930212704442.png" [OS Error:5]
SiFacil.exe: 000004DC: 19:52:30 []:Error deleting folder: "D:\SiFácil\Si-Facil\Controllers\Win32\Debug\cache\sifacil_exe\BxNdOwonfF10B3C9D8C\" [OS Error:145]
SiFacil.exe: 000004DC: 19:52:30 []:Error deleting file: "D:\SiFácil\Si-Facil\Controllers\Win32\Debug\cache\sifacil_exe\EuIH7h54dp10B3C9E31\KMAQAT220930212703265.png" [OS Error:5]
SiFacil.exe: 000004DC: 19:52:30 []:Error deleting file: "D:\SiFácil\Si-Facil\Controllers\Win32\Debug\cache\sifacil_exe\EuIH7h54dp10B3C9E31\LAYZJN220930212703265.png" [OS Error:5]
SiFacil.exe: 000004DC: 19:52:30 []:Error deleting file: "D:\SiFácil\Si-Facil\Controllers\Win32\Debug\cache\sifacil_exe\EuIH7h54dp10B3C9E31\MSYPLX220930212703265.png" [OS Error:5]
SiFacil.exe: 000004DC: 19:52:30 []:Error deleting file: "D:\SiFácil\Si-Facil\Controllers\Win32\Debug\cache\sifacil_exe\EuIH7h54dp10B3C9E31\TRBOEP220930212703265.png" [OS Error:5]
SiFacil.exe: 000004DC: 19:52:30 []:Error deleting file: "D:\SiFácil\Si-Facil\Controllers\Win32\Debug\cache\sifacil_exe\EuIH7h54dp10B3C9E31\VYAYFE220930212703265.png" [OS Error:5]
SiFacil.exe: 000004DC: 19:52:30 []:Error deleting file: "D:\SiFácil\Si-Facil\Controllers\Win32\Debug\cache\sifacil_exe\EuIH7h54dp10B3C9E31\WKAOTA220930212703265.png" [OS Error:5]
SiFacil.exe: 000004DC: 19:52:30 []:Error deleting file: "D:\SiFácil\Si-Facil\Controllers\Win32\Debug\cache\sifacil_exe\EuIH7h54dp10B3C9E31\YLPAMK220930212703265.png" [OS Error:5]
SiFacil.exe: 000004DC: 19:52:30 []:Error deleting folder: "D:\SiFácil\Si-Facil\Controllers\Win32\Debug\cache\sifacil_exe\EuIH7h54dp10B3C9E31\" [OS Error:145]
SiFacil.exe: 000004DC: 19:52:30 []:Error deleting file: "D:\SiFácil\Si-Facil\Controllers\Win32\Debug\cache\sifacil_exe\res\__0D793CC11ACA91ED2843D567.png" [OS Error:5]
SiFacil.exe: 000004DC: 19:52:30 []:Error deleting file: "D:\SiFácil\Si-Facil\Controllers\Win32\Debug\cache\sifacil_exe\res\__3F7F57AC57B3F503973356C7.png" [OS Error:5]
SiFacil.exe: 000004DC: 19:52:30 []:Error deleting file: "D:\SiFácil\Si-Facil\Controllers\Win32\Debug\cache\sifacil_exe\res\__6D4B95677BB2D9E2E8FE776F.png" [OS Error:5]
SiFacil.exe: 000004DC: 19:52:30 []:Error deleting file: "D:\SiFácil\Si-Facil\Controllers\Win32\Debug\cache\sifacil_exe\res\__74E35A3F1D828ED19265E674.png" [OS Error:5]
SiFacil.exe: 000004DC: 19:52:30 []:Error deleting file: "D:\SiFácil\Si-Facil\Controllers\Win32\Debug\cache\sifacil_exe\res\__8CA59ECAA03C3E802CE21CC6.png" [OS Error:5]
SiFacil.exe: 000004DC: 19:52:30 []:Error deleting file: "D:\SiFácil\Si-Facil\Controllers\Win32\Debug\cache\sifacil_exe\res\__9B946CE896C715A2325B7814.png" [OS Error:5]
SiFacil.exe: 000004DC: 19:52:30 []:Error deleting file: "D:\SiFácil\Si-Facil\Controllers\Win32\Debug\cache\sifacil_exe\res\__BCB3DEA5EBCB6F37A87F5249.png" [OS Error:5]
SiFacil.exe: 000004DC: 19:52:30 []:Error deleting file: "D:\SiFácil\Si-Facil\Controllers\Win32\Debug\cache\sifacil_exe\res\__C1B6C9AC1BCA3E4DDD81253D.png" [OS Error:5]
SiFacil.exe: 000004DC: 19:52:30 []:Error deleting file: "D:\SiFácil\Si-Facil\Controllers\Win32\Debug\cache\sifacil_exe\res\__E04CDB0E7C67BF6E5D66E722.png" [OS Error:5]
SiFacil.exe: 000004DC: 19:52:30 []:Error deleting file: "D:\SiFácil\Si-Facil\Controllers\Win32\Debug\cache\sifacil_exe\res\__F6CE4E7B02B9959FF98808EA.png" [OS Error:5]
SiFacil.exe: 000004DC: 19:52:30 []:Error deleting folder: "D:\SiFácil\Si-Facil\Controllers\Win32\Debug\cache\sifacil_exe\res\" [OS Error:145]
SiFacil.exe: 000004DC: 19:52:30 [TUniServerModule]:Global Cache Folder Erased. <12> Files deleted.
SiFacil.exe: 000004DC: 19:52:30 [TUniServerModule]:Starting HTTP Server on Port: 8077...
SiFacil.exe: 000004DC: 19:52:30 [TUniServerModule]:HTTP Server Started on Port: 8077
SiFacil.exe: 000030AC: 20:05:09 []:>--------------------------------------------------------------<
SiFacil.exe: 000030AC: 20:05:09 [TUniServerModule]:Server First Init.
SiFacil.exe: 000030AC: 20:05:09 [TUniServerModule]:Debug Mode = ON
SiFacil.exe: 000030AC: 20:05:09 []:Error deleting file: "D:\SiFácil\Si-Facil\Controllers\Win32\Debug\cache\sifacil_exe\BxNdOwonfF10B3C9D8C\FRKVRY220930212704442.png" [OS Error:5]
SiFacil.exe: 000030AC: 20:05:09 []:Error deleting file: "D:\SiFácil\Si-Facil\Controllers\Win32\Debug\cache\sifacil_exe\BxNdOwonfF10B3C9D8C\JJDIYL220930212704442.png" [OS Error:5]
SiFacil.exe: 000030AC: 20:05:09 []:Error deleting file: "D:\SiFácil\Si-Facil\Controllers\Win32\Debug\cache\sifacil_exe\BxNdOwonfF10B3C9D8C\NSGAKE220930212704442.png" [OS Error:5]
SiFacil.exe: 000030AC: 20:05:09 []:Error deleting file: "D:\SiFácil\Si-Facil\Controllers\Win32\Debug\cache\sifacil_exe\BxNdOwonfF10B3C9D8C\POPFRH220930212704442.png" [OS Error:5]
SiFacil.exe: 000030AC: 20:05:09 []:Error deleting file: "D:\SiFácil\Si-Facil\Controllers\Win32\Debug\cache\sifacil_exe\BxNdOwonfF10B3C9D8C\UBSGXQ220930212704442.png" [OS Error:5]
SiFacil.exe: 000030AC: 20:05:09 []:Error deleting file: "D:\SiFácil\Si-Facil\Controllers\Win32\Debug\cache\sifacil_exe\BxNdOwonfF10B3C9D8C\VSHYFB220930212704442.png" [OS Error:5]
SiFacil.exe: 000030AC: 20:05:09 []:Error deleting file: "D:\SiFácil\Si-Facil\Controllers\Win32\Debug\cache\sifacil_exe\BxNdOwonfF10B3C9D8C\WJTGEE220930212704442.png" [OS Error:5]
SiFacil.exe: 000030AC: 20:05:09 []:Error deleting folder: "D:\SiFácil\Si-Facil\Controllers\Win32\Debug\cache\sifacil_exe\BxNdOwonfF10B3C9D8C\" [OS Error:145]
SiFacil.exe: 000030AC: 20:05:09 []:Error deleting file: "D:\SiFácil\Si-Facil\Controllers\Win32\Debug\cache\sifacil_exe\EuIH7h54dp10B3C9E31\KMAQAT220930212703265.png" [OS Error:5]
SiFacil.exe: 000030AC: 20:05:09 []:Error deleting file: "D:\SiFácil\Si-Facil\Controllers\Win32\Debug\cache\sifacil_exe\EuIH7h54dp10B3C9E31\LAYZJN220930212703265.png" [OS Error:5]
SiFacil.exe: 000030AC: 20:05:09 []:Error deleting file: "D:\SiFácil\Si-Facil\Controllers\Win32\Debug\cache\sifacil_exe\EuIH7h54dp10B3C9E31\MSYPLX220930212703265.png" [OS Error:5]
SiFacil.exe: 000030AC: 20:05:09 []:Error deleting file: "D:\SiFácil\Si-Facil\Controllers\Win32\Debug\cache\sifacil_exe\EuIH7h54dp10B3C9E31\TRBOEP220930212703265.png" [OS Error:5]
SiFacil.exe: 000030AC: 20:05:09 []:Error deleting file: "D:\SiFácil\Si-Facil\Controllers\Win32\Debug\cache\sifacil_exe\EuIH7h54dp10B3C9E31\VYAYFE220930212703265.png" [OS Error:5]
SiFacil.exe: 000030AC: 20:05:09 []:Error deleting file: "D:\SiFácil\Si-Facil\Controllers\Win32\Debug\cache\sifacil_exe\EuIH7h54dp10B3C9E31\WKAOTA220930212703265.png" [OS Error:5]
SiFacil.exe: 000030AC: 20:05:09 []:Error deleting file: "D:\SiFácil\Si-Facil\Controllers\Win32\Debug\cache\sifacil_exe\EuIH7h54dp10B3C9E31\YLPAMK220930212703265.png" [OS Error:5]
SiFacil.exe: 000030AC: 20:05:09 []:Error deleting folder: "D:\SiFácil\Si-Facil\Controllers\Win32\Debug\cache\sifacil_exe\EuIH7h54dp10B3C9E31\" [OS Error:145]
SiFacil.exe: 000030AC: 20:05:09 []:Error deleting file: "D:\SiFácil\Si-Facil\Controllers\Win32\Debug\cache\sifacil_exe\res\__0D793CC11ACA91ED2843D567.png" [OS Error:5]
SiFacil.exe: 000030AC: 20:05:09 []:Error deleting file: "D:\SiFácil\Si-Facil\Controllers\Win32\Debug\cache\sifacil_exe\res\__3F7F57AC57B3F503973356C7.png" [OS Error:5]
SiFacil.exe: 000030AC: 20:05:09 []:Error deleting file: "D:\SiFácil\Si-Facil\Controllers\Win32\Debug\cache\sifacil_exe\res\__6D4B95677BB2D9E2E8FE776F.png" [OS Error:5]
SiFacil.exe: 000030AC: 20:05:09 []:Error deleting file: "D:\SiFácil\Si-Facil\Controllers\Win32\Debug\cache\sifacil_exe\res\__74E35A3F1D828ED19265E674.png" [OS Error:5]
SiFacil.exe: 000030AC: 20:05:09 []:Error deleting file: "D:\SiFácil\Si-Facil\Controllers\Win32\Debug\cache\sifacil_exe\res\__8CA59ECAA03C3E802CE21CC6.png" [OS Error:5]
SiFacil.exe: 000030AC: 20:05:09 []:Error deleting file: "D:\SiFácil\Si-Facil\Controllers\Win32\Debug\cache\sifacil_exe\res\__9B946CE896C715A2325B7814.png" [OS Error:5]
SiFacil.exe: 000030AC: 20:05:09 []:Error deleting file: "D:\SiFácil\Si-Facil\Controllers\Win32\Debug\cache\sifacil_exe\res\__BCB3DEA5EBCB6F37A87F5249.png" [OS Error:5]
SiFacil.exe: 000030AC: 20:05:09 []:Error deleting file: "D:\SiFácil\Si-Facil\Controllers\Win32\Debug\cache\sifacil_exe\res\__C1B6C9AC1BCA3E4DDD81253D.png" [OS Error:5]
SiFacil.exe: 000030AC: 20:05:09 []:Error deleting file: "D:\SiFácil\Si-Facil\Controllers\Win32\Debug\cache\sifacil_exe\res\__E04CDB0E7C67BF6E5D66E722.png" [OS Error:5]
SiFacil.exe: 000030AC: 20:05:09 []:Error deleting file: "D:\SiFácil\Si-Facil\Controllers\Win32\Debug\cache\sifacil_exe\res\__F6CE4E7B02B9959FF98808EA.png" [OS Error:5]
SiFacil.exe: 000030AC: 20:05:09 []:Error deleting folder: "D:\SiFácil\Si-Facil\Controllers\Win32\Debug\cache\sifacil_exe\res\" [OS Error:145]
SiFacil.exe: 000030AC: 20:05:09 [TUniServerModule]:Global Cache Folder Erased. <12> Files deleted.
SiFacil.exe: 000030AC: 20:05:09 [TUniServerModule]:Starting HTTP Server on Port: 8077...
SiFacil.exe: 000030AC: 20:05:09 [TUniServerModule]:HTTP Server Started on Port: 8077
SiFacil.exe: 000035FC: 21:24:03 []:>--------------------------------------------------------------<
SiFacil.exe: 000035FC: 21:24:03 [TUniServerModule]:Server First Init.
SiFacil.exe: 000035FC: 21:24:03 [TUniServerModule]:Debug Mode = ON
SiFacil.exe: 000035FC: 21:24:03 []:Error deleting file: "D:\SiFácil\Si-Facil\Controllers\Win32\Debug\cache\sifacil_exe\BxNdOwonfF10B3C9D8C\FRKVRY220930212704442.png" [OS Error:5]
SiFacil.exe: 000035FC: 21:24:03 []:Error deleting file: "D:\SiFácil\Si-Facil\Controllers\Win32\Debug\cache\sifacil_exe\BxNdOwonfF10B3C9D8C\JJDIYL220930212704442.png" [OS Error:5]
SiFacil.exe: 000035FC: 21:24:03 []:Error deleting file: "D:\SiFácil\Si-Facil\Controllers\Win32\Debug\cache\sifacil_exe\BxNdOwonfF10B3C9D8C\NSGAKE220930212704442.png" [OS Error:5]
SiFacil.exe: 000035FC: 21:24:03 []:Error deleting file: "D:\SiFácil\Si-Facil\Controllers\Win32\Debug\cache\sifacil_exe\BxNdOwonfF10B3C9D8C\POPFRH220930212704442.png" [OS Error:5]
SiFacil.exe: 000035FC: 21:24:03 []:Error deleting file: "D:\SiFácil\Si-Facil\Controllers\Win32\Debug\cache\sifacil_exe\BxNdOwonfF10B3C9D8C\UBSGXQ220930212704442.png" [OS Error:5]
SiFacil.exe: 000035FC: 21:24:03 []:Error deleting file: "D:\SiFácil\Si-Facil\Controllers\Win32\Debug\cache\sifacil_exe\BxNdOwonfF10B3C9D8C\VSHYFB220930212704442.png" [OS Error:5]
SiFacil.exe: 000035FC: 21:24:03 []:Error deleting file: "D:\SiFácil\Si-Facil\Controllers\Win32\Debug\cache\sifacil_exe\BxNdOwonfF10B3C9D8C\WJTGEE220930212704442.png" [OS Error:5]
SiFacil.exe: 000035FC: 21:24:03 []:Error deleting folder: "D:\SiFácil\Si-Facil\Controllers\Win32\Debug\cache\sifacil_exe\BxNdOwonfF10B3C9D8C\" [OS Error:145]
SiFacil.exe: 000035FC: 21:24:03 []:Error deleting file: "D:\SiFácil\Si-Facil\Controllers\Win32\Debug\cache\sifacil_exe\EuIH7h54dp10B3C9E31\KMAQAT220930212703265.png" [OS Error:5]
SiFacil.exe: 000035FC: 21:24:03 []:Error deleting file: "D:\SiFácil\Si-Facil\Controllers\Win32\Debug\cache\sifacil_exe\EuIH7h54dp10B3C9E31\LAYZJN220930212703265.png" [OS Error:5]
SiFacil.exe: 000035FC: 21:24:03 []:Error deleting file: "D:\SiFácil\Si-Facil\Controllers\Win32\Debug\cache\sifacil_exe\EuIH7h54dp10B3C9E31\MSYPLX220930212703265.png" [OS Error:5]
SiFacil.exe: 000035FC: 21:24:03 []:Error deleting file: "D:\SiFácil\Si-Facil\Controllers\Win32\Debug\cache\sifacil_exe\EuIH7h54dp10B3C9E31\TRBOEP220930212703265.png" [OS Error:5]
SiFacil.exe: 000035FC: 21:24:03 []:Error deleting file: "D:\SiFácil\Si-Facil\Controllers\Win32\Debug\cache\sifacil_exe\EuIH7h54dp10B3C9E31\VYAYFE220930212703265.png" [OS Error:5]
SiFacil.exe: 000035FC: 21:24:03 []:Error deleting file: "D:\SiFácil\Si-Facil\Controllers\Win32\Debug\cache\sifacil_exe\EuIH7h54dp10B3C9E31\WKAOTA220930212703265.png" [OS Error:5]
SiFacil.exe: 000035FC: 21:24:03 []:Error deleting file: "D:\SiFácil\Si-Facil\Controllers\Win32\Debug\cache\sifacil_exe\EuIH7h54dp10B3C9E31\YLPAMK220930212703265.png" [OS Error:5]
SiFacil.exe: 000035FC: 21:24:03 []:Error deleting folder: "D:\SiFácil\Si-Facil\Controllers\Win32\Debug\cache\sifacil_exe\EuIH7h54dp10B3C9E31\" [OS Error:145]
SiFacil.exe: 000035FC: 21:24:03 []:Error deleting file: "D:\SiFácil\Si-Facil\Controllers\Win32\Debug\cache\sifacil_exe\res\__0D793CC11ACA91ED2843D567.png" [OS Error:5]
SiFacil.exe: 000035FC: 21:24:03 []:Error deleting file: "D:\SiFácil\Si-Facil\Controllers\Win32\Debug\cache\sifacil_exe\res\__3F7F57AC57B3F503973356C7.png" [OS Error:5]
SiFacil.exe: 000035FC: 21:24:03 []:Error deleting file: "D:\SiFácil\Si-Facil\Controllers\Win32\Debug\cache\sifacil_exe\res\__6D4B95677BB2D9E2E8FE776F.png" [OS Error:5]
SiFacil.exe: 000035FC: 21:24:03 []:Error deleting file: "D:\SiFácil\Si-Facil\Controllers\Win32\Debug\cache\sifacil_exe\res\__74E35A3F1D828ED19265E674.png" [OS Error:5]
SiFacil.exe: 000035FC: 21:24:03 []:Error deleting file: "D:\SiFácil\Si-Facil\Controllers\Win32\Debug\cache\sifacil_exe\res\__8CA59ECAA03C3E802CE21CC6.png" [OS Error:5]
SiFacil.exe: 000035FC: 21:24:03 []:Error deleting file: "D:\SiFácil\Si-Facil\Controllers\Win32\Debug\cache\sifacil_exe\res\__9B946CE896C715A2325B7814.png" [OS Error:5]
SiFacil.exe: 000035FC: 21:24:03 []:Error deleting file: "D:\SiFácil\Si-Facil\Controllers\Win32\Debug\cache\sifacil_exe\res\__BCB3DEA5EBCB6F37A87F5249.png" [OS Error:5]
SiFacil.exe: 000035FC: 21:24:03 []:Error deleting file: "D:\SiFácil\Si-Facil\Controllers\Win32\Debug\cache\sifacil_exe\res\__C1B6C9AC1BCA3E4DDD81253D.png" [OS Error:5]
SiFacil.exe: 000035FC: 21:24:03 []:Error deleting file: "D:\SiFácil\Si-Facil\Controllers\Win32\Debug\cache\sifacil_exe\res\__E04CDB0E7C67BF6E5D66E722.png" [OS Error:5]
SiFacil.exe: 000035FC: 21:24:03 []:Error deleting file: "D:\SiFácil\Si-Facil\Controllers\Win32\Debug\cache\sifacil_exe\res\__F6CE4E7B02B9959FF98808EA.png" [OS Error:5]
SiFacil.exe: 000035FC: 21:24:03 []:Error deleting folder: "D:\SiFácil\Si-Facil\Controllers\Win32\Debug\cache\sifacil_exe\res\" [OS Error:145]
SiFacil.exe: 000035FC: 21:24:03 [TUniServerModule]:Global Cache Folder Erased. <12> Files deleted.
SiFacil.exe: 000035FC: 21:24:03 [TUniServerModule]:Starting HTTP Server on Port: 8077...
SiFacil.exe: 000035FC: 21:24:03 [TUniServerModule]:HTTP Server Started on Port: 8077
SiFacil.exe: 00001F20: 21:59:38 []:>--------------------------------------------------------------<
SiFacil.exe: 00001F20: 21:59:38 [TUniServerModule]:Server First Init.
SiFacil.exe: 00001F20: 21:59:38 [TUniServerModule]:Debug Mode = ON
SiFacil.exe: 00001F20: 21:59:38 []:Error deleting file: "D:\SiFácil\Si-Facil\Controllers\Win32\Debug\cache\sifacil_exe\BxNdOwonfF10B3C9D8C\FRKVRY220930212704442.png" [OS Error:5]
SiFacil.exe: 00001F20: 21:59:38 []:Error deleting file: "D:\SiFácil\Si-Facil\Controllers\Win32\Debug\cache\sifacil_exe\BxNdOwonfF10B3C9D8C\JJDIYL220930212704442.png" [OS Error:5]
SiFacil.exe: 00001F20: 21:59:38 []:Error deleting file: "D:\SiFácil\Si-Facil\Controllers\Win32\Debug\cache\sifacil_exe\BxNdOwonfF10B3C9D8C\NSGAKE220930212704442.png" [OS Error:5]
SiFacil.exe: 00001F20: 21:59:38 []:Error deleting file: "D:\SiFácil\Si-Facil\Controllers\Win32\Debug\cache\sifacil_exe\BxNdOwonfF10B3C9D8C\POPFRH220930212704442.png" [OS Error:5]
SiFacil.exe: 00001F20: 21:59:38 []:Error deleting file: "D:\SiFácil\Si-Facil\Controllers\Win32\Debug\cache\sifacil_exe\BxNdOwonfF10B3C9D8C\UBSGXQ220930212704442.png" [OS Error:5]
SiFacil.exe: 00001F20: 21:59:38 []:Error deleting file: "D:\SiFácil\Si-Facil\Controllers\Win32\Debug\cache\sifacil_exe\BxNdOwonfF10B3C9D8C\VSHYFB220930212704442.png" [OS Error:5]
SiFacil.exe: 00001F20: 21:59:38 []:Error deleting file: "D:\SiFácil\Si-Facil\Controllers\Win32\Debug\cache\sifacil_exe\BxNdOwonfF10B3C9D8C\WJTGEE220930212704442.png" [OS Error:5]
SiFacil.exe: 00001F20: 21:59:38 []:Error deleting folder: "D:\SiFácil\Si-Facil\Controllers\Win32\Debug\cache\sifacil_exe\BxNdOwonfF10B3C9D8C\" [OS Error:145]
SiFacil.exe: 00001F20: 21:59:38 []:Error deleting file: "D:\SiFácil\Si-Facil\Controllers\Win32\Debug\cache\sifacil_exe\EuIH7h54dp10B3C9E31\KMAQAT220930212703265.png" [OS Error:5]
SiFacil.exe: 00001F20: 21:59:38 []:Error deleting file: "D:\SiFácil\Si-Facil\Controllers\Win32\Debug\cache\sifacil_exe\EuIH7h54dp10B3C9E31\LAYZJN220930212703265.png" [OS Error:5]
SiFacil.exe: 00001F20: 21:59:38 []:Error deleting file: "D:\SiFácil\Si-Facil\Controllers\Win32\Debug\cache\sifacil_exe\EuIH7h54dp10B3C9E31\MSYPLX220930212703265.png" [OS Error:5]
SiFacil.exe: 00001F20: 21:59:38 []:Error deleting file: "D:\SiFácil\Si-Facil\Controllers\Win32\Debug\cache\sifacil_exe\EuIH7h54dp10B3C9E31\TRBOEP220930212703265.png" [OS Error:5]
SiFacil.exe: 00001F20: 21:59:38 []:Error deleting file: "D:\SiFácil\Si-Facil\Controllers\Win32\Debug\cache\sifacil_exe\EuIH7h54dp10B3C9E31\VYAYFE220930212703265.png" [OS Error:5]
SiFacil.exe: 00001F20: 21:59:38 []:Error deleting file: "D:\SiFácil\Si-Facil\Controllers\Win32\Debug\cache\sifacil_exe\EuIH7h54dp10B3C9E31\WKAOTA220930212703265.png" [OS Error:5]
SiFacil.exe: 00001F20: 21:59:38 []:Error deleting file: "D:\SiFácil\Si-Facil\Controllers\Win32\Debug\cache\sifacil_exe\EuIH7h54dp10B3C9E31\YLPAMK220930212703265.png" [OS Error:5]
SiFacil.exe: 00001F20: 21:59:38 []:Error deleting folder: "D:\SiFácil\Si-Facil\Controllers\Win32\Debug\cache\sifacil_exe\EuIH7h54dp10B3C9E31\" [OS Error:145]
SiFacil.exe: 00001F20: 21:59:38 []:Error deleting file: "D:\SiFácil\Si-Facil\Controllers\Win32\Debug\cache\sifacil_exe\res\__0D793CC11ACA91ED2843D567.png" [OS Error:5]
SiFacil.exe: 00001F20: 21:59:38 []:Error deleting file: "D:\SiFácil\Si-Facil\Controllers\Win32\Debug\cache\sifacil_exe\res\__3F7F57AC57B3F503973356C7.png" [OS Error:5]
SiFacil.exe: 00001F20: 21:59:38 []:Error deleting file: "D:\SiFácil\Si-Facil\Controllers\Win32\Debug\cache\sifacil_exe\res\__6D4B95677BB2D9E2E8FE776F.png" [OS Error:5]
SiFacil.exe: 00001F20: 21:59:38 []:Error deleting file: "D:\SiFácil\Si-Facil\Controllers\Win32\Debug\cache\sifacil_exe\res\__74E35A3F1D828ED19265E674.png" [OS Error:5]
SiFacil.exe: 00001F20: 21:59:38 []:Error deleting file: "D:\SiFácil\Si-Facil\Controllers\Win32\Debug\cache\sifacil_exe\res\__8CA59ECAA03C3E802CE21CC6.png" [OS Error:5]
SiFacil.exe: 00001F20: 21:59:38 []:Error deleting file: "D:\SiFácil\Si-Facil\Controllers\Win32\Debug\cache\sifacil_exe\res\__9B946CE896C715A2325B7814.png" [OS Error:5]
SiFacil.exe: 00001F20: 21:59:38 []:Error deleting file: "D:\SiFácil\Si-Facil\Controllers\Win32\Debug\cache\sifacil_exe\res\__BCB3DEA5EBCB6F37A87F5249.png" [OS Error:5]
SiFacil.exe: 00001F20: 21:59:38 []:Error deleting file: "D:\SiFácil\Si-Facil\Controllers\Win32\Debug\cache\sifacil_exe\res\__C1B6C9AC1BCA3E4DDD81253D.png" [OS Error:5]
SiFacil.exe: 00001F20: 21:59:38 []:Error deleting file: "D:\SiFácil\Si-Facil\Controllers\Win32\Debug\cache\sifacil_exe\res\__E04CDB0E7C67BF6E5D66E722.png" [OS Error:5]
SiFacil.exe: 00001F20: 21:59:38 []:Error deleting file: "D:\SiFácil\Si-Facil\Controllers\Win32\Debug\cache\sifacil_exe\res\__F6CE4E7B02B9959FF98808EA.png" [OS Error:5]
SiFacil.exe: 00001F20: 21:59:38 []:Error deleting folder: "D:\SiFácil\Si-Facil\Controllers\Win32\Debug\cache\sifacil_exe\res\" [OS Error:145]
SiFacil.exe: 00001F20: 21:59:38 [TUniServerModule]:Global Cache Folder Erased. <13> Files deleted.
SiFacil.exe: 00001F20: 21:59:38 [TUniServerModule]:Starting HTTP Server on Port: 8077...
SiFacil.exe: 00001F20: 21:59:38 [TUniServerModule]:HTTP Server Started on Port: 8077
