SiFacil.exe: 00003604: 12:59:33 []:>--------------------------------------------------------------<
SiFacil.exe: 00003604: 12:59:33 [TUniServerModule]:Server First Init.
SiFacil.exe: 00003604: 12:59:33 [TUniServerModule]:Debug Mode = ON
SiFacil.exe: 00003604: 12:59:33 [TUniServerModule]:Global Cache Folder Erased. <6> Files deleted.
SiFacil.exe: 00003604: 12:59:33 [TUniServerModule]:Starting HTTP Server on Port: 8077...
SiFacil.exe: 00003604: 12:59:33 [TUniServerModule]:HTTP Server Started on Port: 8077
SiFacil.exe: 00003B20: 13:17:11 []:>--------------------------------------------------------------<
SiFacil.exe: 00003B20: 13:17:11 [TUniServerModule]:Server First Init.
SiFacil.exe: 00003B20: 13:17:11 [TUniServerModule]:Debug Mode = ON
SiFacil.exe: 00003B20: 13:17:11 [TUniServerModule]:Global Cache Folder Erased. <4> Files deleted.
SiFacil.exe: 00003B20: 13:17:11 [TUniServerModule]:Starting HTTP Server on Port: 8077...
SiFacil.exe: 00003B20: 13:17:11 [TUniServerModule]:HTTP Server Started on Port: 8077
SiFacil.exe: 00001F88: 13:17:13 [127.0.0.1]:EUniSessionException : Invalid session or session Timeout. : Addr: $00791797
SiFacil.exe: 000034E0: 13:17:13 [127.0.0.1]:EUniSessionException : Invalid session or session Timeout. : Addr: $00791797
SiFacil.exe: 00000B24: 13:20:39 []:>--------------------------------------------------------------<
SiFacil.exe: 00000B24: 13:20:39 [TUniServerModule]:Server First Init.
SiFacil.exe: 00000B24: 13:20:39 [TUniServerModule]:Debug Mode = ON
SiFacil.exe: 00000B24: 13:20:39 [TUniServerModule]:Global Cache Folder Erased. <4> Files deleted.
SiFacil.exe: 00000B24: 13:20:39 [TUniServerModule]:Starting HTTP Server on Port: 8077...
SiFacil.exe: 00000B24: 13:20:39 [TUniServerModule]:HTTP Server Started on Port: 8077
SiFacil.exe: 00002EB8: 13:21:10 []:>--------------------------------------------------------------<
SiFacil.exe: 00002EB8: 13:21:10 [TUniServerModule]:Server First Init.
SiFacil.exe: 00002EB8: 13:21:10 [TUniServerModule]:Debug Mode = ON
SiFacil.exe: 00002EB8: 13:21:10 [TUniServerModule]:Global Cache Folder Erased. <4> Files deleted.
SiFacil.exe: 00002EB8: 13:21:10 [TUniServerModule]:Starting HTTP Server on Port: 8077...
SiFacil.exe: 00002EB8: 13:21:10 [TUniServerModule]:HTTP Server Started on Port: 8077
SiFacil.exe: 0000050C: 13:25:13 []:>--------------------------------------------------------------<
SiFacil.exe: 0000050C: 13:25:13 [TUniServerModule]:Server First Init.
SiFacil.exe: 0000050C: 13:25:13 [TUniServerModule]:Debug Mode = ON
SiFacil.exe: 0000050C: 13:25:13 [TUniServerModule]:Global Cache Folder Erased. <6> Files deleted.
SiFacil.exe: 0000050C: 13:25:13 [TUniServerModule]:Starting HTTP Server on Port: 8077...
SiFacil.exe: 0000050C: 13:25:13 [TUniServerModule]:HTTP Server Started on Port: 8077
SiFacil.exe: 00001548: 13:25:54 []:>--------------------------------------------------------------<
SiFacil.exe: 00001548: 13:25:54 [TUniServerModule]:Server First Init.
SiFacil.exe: 00001548: 13:25:54 [TUniServerModule]:Debug Mode = ON
SiFacil.exe: 00001548: 13:25:54 [TUniServerModule]:Global Cache Folder Erased. <4> Files deleted.
SiFacil.exe: 00001548: 13:25:54 [TUniServerModule]:Starting HTTP Server on Port: 8077...
SiFacil.exe: 00001548: 13:25:54 [TUniServerModule]:HTTP Server Started on Port: 8077
SiFacil.exe: 00000D68: 15:43:47 []:>--------------------------------------------------------------<
SiFacil.exe: 00000D68: 15:43:47 [TUniServerModule]:Server First Init.
SiFacil.exe: 00000D68: 15:43:47 [TUniServerModule]:Debug Mode = ON
SiFacil.exe: 00000D68: 15:43:47 [TUniServerModule]:Global Cache Folder Erased. <4> Files deleted.
SiFacil.exe: 00000D68: 15:43:47 [TUniServerModule]:Starting HTTP Server on Port: 8077...
SiFacil.exe: 00000D68: 15:43:47 [TUniServerModule]:HTTP Server Started on Port: 8077
SiFacil.exe: 00002078: 15:45:41 []:>--------------------------------------------------------------<
SiFacil.exe: 00002078: 15:45:41 [TUniServerModule]:Server First Init.
SiFacil.exe: 00002078: 15:45:41 [TUniServerModule]:Debug Mode = ON
SiFacil.exe: 00002078: 15:45:41 [TUniServerModule]:Global Cache Folder Erased. <4> Files deleted.
SiFacil.exe: 00002078: 15:45:41 [TUniServerModule]:Starting HTTP Server on Port: 8077...
SiFacil.exe: 00002078: 15:45:41 [TUniServerModule]:HTTP Server Started on Port: 8077
SiFacil.exe: 00003580: 15:48:11 []:>--------------------------------------------------------------<
SiFacil.exe: 00003580: 15:48:11 [TUniServerModule]:Server First Init.
SiFacil.exe: 00003580: 15:48:11 [TUniServerModule]:Debug Mode = ON
SiFacil.exe: 00003580: 15:48:11 [TUniServerModule]:Global Cache Folder Erased. <4> Files deleted.
SiFacil.exe: 00003580: 15:48:11 [TUniServerModule]:Starting HTTP Server on Port: 8077...
SiFacil.exe: 00003580: 15:48:11 [TUniServerModule]:HTTP Server Started on Port: 8077
SiFacil.exe: 000008F0: 15:48:11 [127.0.0.1]:EUniSessionException : Invalid session or session Timeout. : Addr: $00791797
SiFacil.exe: 00003568: 15:48:11 [127.0.0.1]:EUniSessionException : Invalid session or session Timeout. : Addr: $00791797
SiFacil.exe: 000025E0: 15:48:11 [127.0.0.1]:EUniSessionException : Invalid session or session Timeout. : Addr: $00791797
SiFacil.exe: 000031CC: 15:48:11 [127.0.0.1]:EUniSessionException : Invalid session or session Timeout. : Addr: $00791797
SiFacil.exe: 00003440: 15:48:12 [127.0.0.1]:EUniSessionException : Invalid session or session Timeout. : Addr: $00791797
SiFacil.exe: 00003AE4: 15:49:27 []:>--------------------------------------------------------------<
SiFacil.exe: 00003AE4: 15:49:27 [TUniServerModule]:Server First Init.
SiFacil.exe: 00003AE4: 15:49:27 [TUniServerModule]:Debug Mode = ON
SiFacil.exe: 00003AE4: 15:49:27 [TUniServerModule]:Global Cache Folder Erased. <4> Files deleted.
SiFacil.exe: 00003AE4: 15:49:28 [TUniServerModule]:Starting HTTP Server on Port: 8077...
SiFacil.exe: 00003AE4: 15:49:28 [TUniServerModule]:HTTP Server Started on Port: 8077
SiFacil.exe: 0000221C: 15:50:19 []:>--------------------------------------------------------------<
SiFacil.exe: 0000221C: 15:50:19 [TUniServerModule]:Server First Init.
SiFacil.exe: 0000221C: 15:50:19 [TUniServerModule]:Debug Mode = ON
SiFacil.exe: 0000221C: 15:50:19 [TUniServerModule]:Global Cache Folder Erased. <4> Files deleted.
SiFacil.exe: 0000221C: 15:50:19 [TUniServerModule]:Starting HTTP Server on Port: 8077...
SiFacil.exe: 0000221C: 15:50:19 [TUniServerModule]:HTTP Server Started on Port: 8077
SiFacil.exe: 00002730: 15:51:21 []:>--------------------------------------------------------------<
SiFacil.exe: 00002730: 15:51:21 [TUniServerModule]:Server First Init.
SiFacil.exe: 00002730: 15:51:21 [TUniServerModule]:Debug Mode = ON
SiFacil.exe: 00002730: 15:51:21 [TUniServerModule]:Global Cache Folder Erased. <4> Files deleted.
SiFacil.exe: 00002730: 15:51:21 [TUniServerModule]:Starting HTTP Server on Port: 8077...
SiFacil.exe: 00002730: 15:51:21 [TUniServerModule]:HTTP Server Started on Port: 8077
SiFacil.exe: 00001C9C: 15:53:05 []:>--------------------------------------------------------------<
SiFacil.exe: 00001C9C: 15:53:05 [TUniServerModule]:Server First Init.
SiFacil.exe: 00001C9C: 15:53:05 [TUniServerModule]:Debug Mode = ON
SiFacil.exe: 00001C9C: 15:53:05 [TUniServerModule]:Global Cache Folder Erased. <4> Files deleted.
SiFacil.exe: 00001C9C: 15:53:05 [TUniServerModule]:Starting HTTP Server on Port: 8077...
SiFacil.exe: 00001C9C: 15:53:05 [TUniServerModule]:HTTP Server Started on Port: 8077
SiFacil.exe: 000034A0: 15:55:59 []:>--------------------------------------------------------------<
SiFacil.exe: 000034A0: 15:55:59 [TUniServerModule]:Server First Init.
SiFacil.exe: 000034A0: 15:55:59 [TUniServerModule]:Debug Mode = ON
SiFacil.exe: 000034A0: 15:55:59 [TUniServerModule]:Global Cache Folder Erased. <4> Files deleted.
SiFacil.exe: 000034A0: 15:55:59 [TUniServerModule]:Starting HTTP Server on Port: 8077...
SiFacil.exe: 000034A0: 15:55:59 [TUniServerModule]:HTTP Server Started on Port: 8077
SiFacil.exe: 00003938: 15:56:50 []:>--------------------------------------------------------------<
SiFacil.exe: 00003938: 15:56:50 [TUniServerModule]:Server First Init.
SiFacil.exe: 00003938: 15:56:50 [TUniServerModule]:Debug Mode = ON
SiFacil.exe: 00003938: 15:56:50 [TUniServerModule]:Global Cache Folder Erased. <4> Files deleted.
SiFacil.exe: 00003938: 15:56:50 [TUniServerModule]:Starting HTTP Server on Port: 8077...
SiFacil.exe: 00003938: 15:56:50 [TUniServerModule]:HTTP Server Started on Port: 8077
SiFacil.exe: 00003494: 15:57:06 []:>--------------------------------------------------------------<
SiFacil.exe: 00003494: 15:57:06 [TUniServerModule]:Server First Init.
SiFacil.exe: 00003494: 15:57:06 [TUniServerModule]:Debug Mode = ON
SiFacil.exe: 00003494: 15:57:06 [TUniServerModule]:Global Cache Folder Erased. <1> Files deleted.
SiFacil.exe: 00003494: 15:57:06 [TUniServerModule]:Starting HTTP Server on Port: 8077...
SiFacil.exe: 00003494: 15:57:06 [TUniServerModule]:HTTP Server Started on Port: 8077
SiFacil.exe: 000035A4: 16:07:57 []:>--------------------------------------------------------------<
SiFacil.exe: 000035A4: 16:07:57 [TUniServerModule]:Server First Init.
SiFacil.exe: 000035A4: 16:07:57 [TUniServerModule]:Debug Mode = ON
SiFacil.exe: 000035A4: 16:07:57 [TUniServerModule]:Global Cache Folder Erased. <2> Files deleted.
SiFacil.exe: 000035A4: 16:07:57 [TUniServerModule]:Starting HTTP Server on Port: 8077...
SiFacil.exe: 000035A4: 16:07:57 [TUniServerModule]:HTTP Server Started on Port: 8077
SiFacil.exe: 000034DC: 16:10:02 []:>--------------------------------------------------------------<
SiFacil.exe: 000034DC: 16:10:02 [TUniServerModule]:Server First Init.
SiFacil.exe: 000034DC: 16:10:02 [TUniServerModule]:Debug Mode = ON
SiFacil.exe: 000034DC: 16:10:02 [TUniServerModule]:Global Cache Folder Erased. <4> Files deleted.
SiFacil.exe: 000034DC: 16:10:02 [TUniServerModule]:Starting HTTP Server on Port: 8077...
SiFacil.exe: 000034DC: 16:10:02 [TUniServerModule]:HTTP Server Started on Port: 8077
SiFacil.exe: 00003748: 16:13:09 []:>--------------------------------------------------------------<
SiFacil.exe: 00003748: 16:13:09 [TUniServerModule]:Server First Init.
SiFacil.exe: 00003748: 16:13:09 [TUniServerModule]:Debug Mode = ON
SiFacil.exe: 00003748: 16:13:09 [TUniServerModule]:Global Cache Folder Erased. <4> Files deleted.
SiFacil.exe: 00003748: 16:13:10 [TUniServerModule]:Starting HTTP Server on Port: 8077...
SiFacil.exe: 00003748: 16:13:10 [TUniServerModule]:HTTP Server Started on Port: 8077
SiFacil.exe: 00000CCC: 16:13:51 []:>--------------------------------------------------------------<
SiFacil.exe: 00000CCC: 16:13:51 [TUniServerModule]:Server First Init.
SiFacil.exe: 00000CCC: 16:13:51 [TUniServerModule]:Debug Mode = ON
SiFacil.exe: 00000CCC: 16:13:51 [TUniServerModule]:Global Cache Folder Erased. <4> Files deleted.
SiFacil.exe: 00000CCC: 16:13:51 [TUniServerModule]:Starting HTTP Server on Port: 8077...
SiFacil.exe: 00000CCC: 16:13:51 [TUniServerModule]:HTTP Server Started on Port: 8077
SiFacil.exe: 00001A18: 16:27:45 []:>--------------------------------------------------------------<
SiFacil.exe: 00001A18: 16:27:45 [TUniServerModule]:Server First Init.
SiFacil.exe: 00001A18: 16:27:45 [TUniServerModule]:Debug Mode = ON
SiFacil.exe: 00001A18: 16:27:45 [TUniServerModule]:Global Cache Folder Erased. <4> Files deleted.
SiFacil.exe: 00001A18: 16:27:45 [TUniServerModule]:Starting HTTP Server on Port: 8077...
SiFacil.exe: 00001A18: 16:27:45 [TUniServerModule]:HTTP Server Started on Port: 8077
SiFacil.exe: 00003B40: 16:27:50 [127.0.0.1]:EUniSessionException : Invalid session or session Timeout. : Addr: $00791797
SiFacil.exe: 00003754: 16:29:09 []:>--------------------------------------------------------------<
SiFacil.exe: 00003754: 16:29:09 [TUniServerModule]:Server First Init.
SiFacil.exe: 00003754: 16:29:09 [TUniServerModule]:Debug Mode = ON
SiFacil.exe: 00003754: 16:29:09 [TUniServerModule]:Global Cache Folder Erased. <4> Files deleted.
SiFacil.exe: 00003754: 16:29:09 [TUniServerModule]:Starting HTTP Server on Port: 8077...
SiFacil.exe: 00003754: 16:29:09 [TUniServerModule]:HTTP Server Started on Port: 8077
SiFacil.exe: 00003258: 16:35:54 []:>--------------------------------------------------------------<
SiFacil.exe: 00003258: 16:35:54 [TUniServerModule]:Server First Init.
SiFacil.exe: 00003258: 16:35:54 [TUniServerModule]:Debug Mode = ON
SiFacil.exe: 00003258: 16:35:54 [TUniServerModule]:Global Cache Folder Erased. <4> Files deleted.
SiFacil.exe: 00003258: 16:35:54 [TUniServerModule]:Starting HTTP Server on Port: 8077...
SiFacil.exe: 00003258: 16:35:54 [TUniServerModule]:HTTP Server Started on Port: 8077
SiFacil.exe: 00002654: 17:23:43 []:>--------------------------------------------------------------<
SiFacil.exe: 00002654: 17:23:43 [TUniServerModule]:Server First Init.
SiFacil.exe: 00002654: 17:23:43 [TUniServerModule]:Debug Mode = ON
SiFacil.exe: 00002654: 17:23:43 [TUniServerModule]:Global Cache Folder Erased. <4> Files deleted.
SiFacil.exe: 00002654: 17:23:43 [TUniServerModule]:Starting HTTP Server on Port: 8077...
SiFacil.exe: 00002654: 17:23:43 [TUniServerModule]:HTTP Server Started on Port: 8077
SiFacil.exe: 000037BC: 17:23:45 [127.0.0.1]:EUniSessionException : Invalid session or session Timeout. : Addr: $00791797
SiFacil.exe: 00002D0C: 17:23:46 [127.0.0.1]:EUniSessionException : Invalid session or session Timeout. : Addr: $00791797
SiFacil.exe: 00001F38: 17:29:14 []:>--------------------------------------------------------------<
SiFacil.exe: 00001F38: 17:29:14 [TUniServerModule]:Server First Init.
SiFacil.exe: 00001F38: 17:29:14 [TUniServerModule]:Debug Mode = ON
SiFacil.exe: 00001F38: 17:29:14 [TUniServerModule]:Global Cache Folder Erased. <4> Files deleted.
SiFacil.exe: 00001F38: 17:29:14 [TUniServerModule]:Starting HTTP Server on Port: 8077...
SiFacil.exe: 00001F38: 17:29:14 [TUniServerModule]:HTTP Server Started on Port: 8077
SiFacil.exe: 000012F4: 17:31:10 []:>--------------------------------------------------------------<
SiFacil.exe: 000012F4: 17:31:10 [TUniServerModule]:Server First Init.
SiFacil.exe: 000012F4: 17:31:10 [TUniServerModule]:Debug Mode = ON
SiFacil.exe: 000012F4: 17:31:10 [TUniServerModule]:Global Cache Folder Erased. <4> Files deleted.
SiFacil.exe: 000012F4: 17:31:10 [TUniServerModule]:Starting HTTP Server on Port: 8077...
SiFacil.exe: 000012F4: 17:31:10 [TUniServerModule]:HTTP Server Started on Port: 8077
SiFacil.exe: 00001D08: 17:33:00 []:>--------------------------------------------------------------<
SiFacil.exe: 00001D08: 17:33:00 [TUniServerModule]:Server First Init.
SiFacil.exe: 00001D08: 17:33:00 [TUniServerModule]:Debug Mode = ON
SiFacil.exe: 00001D08: 17:33:00 [TUniServerModule]:Global Cache Folder Erased. <4> Files deleted.
SiFacil.exe: 00001D08: 17:33:00 [TUniServerModule]:Starting HTTP Server on Port: 8077...
SiFacil.exe: 00001D08: 17:33:00 [TUniServerModule]:HTTP Server Started on Port: 8077
SiFacil.exe: 00002CA0: 17:51:00 []:>--------------------------------------------------------------<
SiFacil.exe: 00002CA0: 17:51:00 [TUniServerModule]:Server First Init.
SiFacil.exe: 00002CA0: 17:51:00 [TUniServerModule]:Debug Mode = ON
SiFacil.exe: 00002CA0: 17:51:00 [TUniServerModule]:Global Cache Folder Erased. <4> Files deleted.
SiFacil.exe: 00002CA0: 17:51:00 [TUniServerModule]:Starting HTTP Server on Port: 8077...
SiFacil.exe: 00002CA0: 17:51:00 [TUniServerModule]:HTTP Server Started on Port: 8077
SiFacil.exe: 00003858: 17:52:22 []:>--------------------------------------------------------------<
SiFacil.exe: 00003858: 17:52:22 [TUniServerModule]:Server First Init.
SiFacil.exe: 00003858: 17:52:22 [TUniServerModule]:Debug Mode = ON
SiFacil.exe: 00003858: 17:52:22 [TUniServerModule]:Global Cache Folder Erased. <8> Files deleted.
SiFacil.exe: 00003858: 17:52:22 [TUniServerModule]:Starting HTTP Server on Port: 8077...
SiFacil.exe: 00003858: 17:52:22 [TUniServerModule]:HTTP Server Started on Port: 8077
SiFacil.exe: 00002E9C: 17:54:52 []:>--------------------------------------------------------------<
SiFacil.exe: 00002E9C: 17:54:52 [TUniServerModule]:Server First Init.
SiFacil.exe: 00002E9C: 17:54:52 [TUniServerModule]:Debug Mode = ON
SiFacil.exe: 00002E9C: 17:54:52 [TUniServerModule]:Global Cache Folder Erased. <9> Files deleted.
SiFacil.exe: 00002E9C: 17:54:52 [TUniServerModule]:Starting HTTP Server on Port: 8077...
SiFacil.exe: 00002E9C: 17:54:52 [TUniServerModule]:HTTP Server Started on Port: 8077
SiFacil.exe: 00002F24: 17:59:19 []:>--------------------------------------------------------------<
SiFacil.exe: 00002F24: 17:59:19 [TUniServerModule]:Server First Init.
SiFacil.exe: 00002F24: 17:59:19 [TUniServerModule]:Debug Mode = ON
SiFacil.exe: 00002F24: 17:59:19 [TUniServerModule]:Global Cache Folder Erased. <10> Files deleted.
SiFacil.exe: 00002F24: 17:59:19 [TUniServerModule]:Starting HTTP Server on Port: 8077...
SiFacil.exe: 00002F24: 17:59:19 [TUniServerModule]:HTTP Server Started on Port: 8077
SiFacil.exe: 00003354: 18:15:34 []:>--------------------------------------------------------------<
SiFacil.exe: 00003354: 18:15:34 [TUniServerModule]:Server First Init.
SiFacil.exe: 00003354: 18:15:34 [TUniServerModule]:Debug Mode = ON
SiFacil.exe: 00003354: 18:15:34 [TUniServerModule]:Global Cache Folder Erased. <22> Files deleted.
SiFacil.exe: 00003354: 18:15:34 [TUniServerModule]:Starting HTTP Server on Port: 8077...
SiFacil.exe: 00003354: 18:15:34 [TUniServerModule]:HTTP Server Started on Port: 8077
SiFacil.exe: 000037E4: 18:24:21 []:>--------------------------------------------------------------<
SiFacil.exe: 000037E4: 18:24:21 [TUniServerModule]:Server First Init.
SiFacil.exe: 000037E4: 18:24:21 [TUniServerModule]:Debug Mode = ON
SiFacil.exe: 000037E4: 18:24:21 [TUniServerModule]:Global Cache Folder Erased. <11> Files deleted.
SiFacil.exe: 000037E4: 18:24:21 [TUniServerModule]:Starting HTTP Server on Port: 8077...
SiFacil.exe: 000037E4: 18:24:21 [TUniServerModule]:HTTP Server Started on Port: 8077
SiFacil.exe: 000009A0: 20:26:42 []:>--------------------------------------------------------------<
SiFacil.exe: 000009A0: 20:26:42 [TUniServerModule]:Server First Init.
SiFacil.exe: 000009A0: 20:26:42 [TUniServerModule]:Debug Mode = ON
SiFacil.exe: 000009A0: 20:26:42 [TUniServerModule]:Global Cache Folder Erased. <11> Files deleted.
SiFacil.exe: 000009A0: 20:26:42 [TUniServerModule]:Starting HTTP Server on Port: 8077...
SiFacil.exe: 000009A0: 20:26:42 [TUniServerModule]:HTTP Server Started on Port: 8077
SiFacil.exe: 000035C8: 20:35:10 []:>--------------------------------------------------------------<
SiFacil.exe: 000035C8: 20:35:10 [TUniServerModule]:Server First Init.
SiFacil.exe: 000035C8: 20:35:10 [TUniServerModule]:Debug Mode = ON
SiFacil.exe: 000035C8: 20:35:10 [TUniServerModule]:Global Cache Folder Erased. <21> Files deleted.
SiFacil.exe: 000035C8: 20:35:10 [TUniServerModule]:Starting HTTP Server on Port: 8077...
SiFacil.exe: 000035C8: 20:35:11 [TUniServerModule]:HTTP Server Started on Port: 8077
