SiFacil.exe: 000009FC: 16:11:53 []:>--------------------------------------------------------------<
SiFacil.exe: 000009FC: 16:11:53 [TUniServerModule]:Server First Init.
SiFacil.exe: 000009FC: 16:11:53 [TUniServerModule]:Debug Mode = ON
SiFacil.exe: 000009FC: 16:11:53 []:Error deleting file: "D:\SiFácil\Si-Facil\Controllers\Win32\Debug\cache\sifacil_exe\BxNdOwonfF10B3C9D8C\FRKVRY220930212704442.png" [OS Error:5]
SiFacil.exe: 000009FC: 16:11:53 []:Error deleting file: "D:\SiFácil\Si-Facil\Controllers\Win32\Debug\cache\sifacil_exe\BxNdOwonfF10B3C9D8C\JJDIYL220930212704442.png" [OS Error:5]
SiFacil.exe: 000009FC: 16:11:53 []:Error deleting file: "D:\SiFácil\Si-Facil\Controllers\Win32\Debug\cache\sifacil_exe\BxNdOwonfF10B3C9D8C\NSGAKE220930212704442.png" [OS Error:5]
SiFacil.exe: 000009FC: 16:11:53 []:Error deleting file: "D:\SiFácil\Si-Facil\Controllers\Win32\Debug\cache\sifacil_exe\BxNdOwonfF10B3C9D8C\POPFRH220930212704442.png" [OS Error:5]
SiFacil.exe: 000009FC: 16:11:54 []:Error deleting file: "D:\SiFácil\Si-Facil\Controllers\Win32\Debug\cache\sifacil_exe\BxNdOwonfF10B3C9D8C\UBSGXQ220930212704442.png" [OS Error:5]
SiFacil.exe: 000009FC: 16:11:54 []:Error deleting file: "D:\SiFácil\Si-Facil\Controllers\Win32\Debug\cache\sifacil_exe\BxNdOwonfF10B3C9D8C\VSHYFB220930212704442.png" [OS Error:5]
SiFacil.exe: 000009FC: 16:11:54 []:Error deleting file: "D:\SiFácil\Si-Facil\Controllers\Win32\Debug\cache\sifacil_exe\BxNdOwonfF10B3C9D8C\WJTGEE220930212704442.png" [OS Error:5]
SiFacil.exe: 000009FC: 16:11:54 []:Error deleting folder: "D:\SiFácil\Si-Facil\Controllers\Win32\Debug\cache\sifacil_exe\BxNdOwonfF10B3C9D8C\" [OS Error:145]
SiFacil.exe: 000009FC: 16:11:54 []:Error deleting file: "D:\SiFácil\Si-Facil\Controllers\Win32\Debug\cache\sifacil_exe\EuIH7h54dp10B3C9E31\KMAQAT220930212703265.png" [OS Error:5]
SiFacil.exe: 000009FC: 16:11:54 []:Error deleting file: "D:\SiFácil\Si-Facil\Controllers\Win32\Debug\cache\sifacil_exe\EuIH7h54dp10B3C9E31\LAYZJN220930212703265.png" [OS Error:5]
SiFacil.exe: 000009FC: 16:11:54 []:Error deleting file: "D:\SiFácil\Si-Facil\Controllers\Win32\Debug\cache\sifacil_exe\EuIH7h54dp10B3C9E31\MSYPLX220930212703265.png" [OS Error:5]
SiFacil.exe: 000009FC: 16:11:54 []:Error deleting file: "D:\SiFácil\Si-Facil\Controllers\Win32\Debug\cache\sifacil_exe\EuIH7h54dp10B3C9E31\TRBOEP220930212703265.png" [OS Error:5]
SiFacil.exe: 000009FC: 16:11:54 []:Error deleting file: "D:\SiFácil\Si-Facil\Controllers\Win32\Debug\cache\sifacil_exe\EuIH7h54dp10B3C9E31\VYAYFE220930212703265.png" [OS Error:5]
SiFacil.exe: 000009FC: 16:11:54 []:Error deleting file: "D:\SiFácil\Si-Facil\Controllers\Win32\Debug\cache\sifacil_exe\EuIH7h54dp10B3C9E31\WKAOTA220930212703265.png" [OS Error:5]
SiFacil.exe: 000009FC: 16:11:54 []:Error deleting file: "D:\SiFácil\Si-Facil\Controllers\Win32\Debug\cache\sifacil_exe\EuIH7h54dp10B3C9E31\YLPAMK220930212703265.png" [OS Error:5]
SiFacil.exe: 000009FC: 16:11:54 []:Error deleting folder: "D:\SiFácil\Si-Facil\Controllers\Win32\Debug\cache\sifacil_exe\EuIH7h54dp10B3C9E31\" [OS Error:145]
SiFacil.exe: 000009FC: 16:11:54 []:Error deleting file: "D:\SiFácil\Si-Facil\Controllers\Win32\Debug\cache\sifacil_exe\orlQ7nlKUK10B4A1F3D\DSVLZA221009175039535.png" [OS Error:5]
SiFacil.exe: 000009FC: 16:11:54 []:Error deleting file: "D:\SiFácil\Si-Facil\Controllers\Win32\Debug\cache\sifacil_exe\orlQ7nlKUK10B4A1F3D\HBJBGF221009175039535.png" [OS Error:5]
SiFacil.exe: 000009FC: 16:11:54 []:Error deleting file: "D:\SiFácil\Si-Facil\Controllers\Win32\Debug\cache\sifacil_exe\orlQ7nlKUK10B4A1F3D\HICGHQ221009175039535.png" [OS Error:5]
SiFacil.exe: 000009FC: 16:11:54 []:Error deleting file: "D:\SiFácil\Si-Facil\Controllers\Win32\Debug\cache\sifacil_exe\orlQ7nlKUK10B4A1F3D\KSUSXH221009175039535.png" [OS Error:5]
SiFacil.exe: 000009FC: 16:11:54 []:Error deleting file: "D:\SiFácil\Si-Facil\Controllers\Win32\Debug\cache\sifacil_exe\orlQ7nlKUK10B4A1F3D\RADTND221009175039535.png" [OS Error:5]
SiFacil.exe: 000009FC: 16:11:54 []:Error deleting file: "D:\SiFácil\Si-Facil\Controllers\Win32\Debug\cache\sifacil_exe\orlQ7nlKUK10B4A1F3D\REONJE221009175039535.png" [OS Error:5]
SiFacil.exe: 000009FC: 16:11:54 []:Error deleting file: "D:\SiFácil\Si-Facil\Controllers\Win32\Debug\cache\sifacil_exe\orlQ7nlKUK10B4A1F3D\XDSLZK221009175039535.png" [OS Error:5]
SiFacil.exe: 000009FC: 16:11:54 []:Error deleting folder: "D:\SiFácil\Si-Facil\Controllers\Win32\Debug\cache\sifacil_exe\orlQ7nlKUK10B4A1F3D\" [OS Error:145]
SiFacil.exe: 000009FC: 16:11:54 []:Error deleting file: "D:\SiFácil\Si-Facil\Controllers\Win32\Debug\cache\sifacil_exe\res\__0D793CC11ACA91ED2843D567.png" [OS Error:5]
SiFacil.exe: 000009FC: 16:11:54 []:Error deleting file: "D:\SiFácil\Si-Facil\Controllers\Win32\Debug\cache\sifacil_exe\res\__3F7F57AC57B3F503973356C7.png" [OS Error:5]
SiFacil.exe: 000009FC: 16:11:54 []:Error deleting file: "D:\SiFácil\Si-Facil\Controllers\Win32\Debug\cache\sifacil_exe\res\__6D4B95677BB2D9E2E8FE776F.png" [OS Error:5]
SiFacil.exe: 000009FC: 16:11:54 []:Error deleting file: "D:\SiFácil\Si-Facil\Controllers\Win32\Debug\cache\sifacil_exe\res\__74E35A3F1D828ED19265E674.png" [OS Error:5]
SiFacil.exe: 000009FC: 16:11:54 []:Error deleting file: "D:\SiFácil\Si-Facil\Controllers\Win32\Debug\cache\sifacil_exe\res\__8CA59ECAA03C3E802CE21CC6.png" [OS Error:5]
SiFacil.exe: 000009FC: 16:11:54 []:Error deleting file: "D:\SiFácil\Si-Facil\Controllers\Win32\Debug\cache\sifacil_exe\res\__9B946CE896C715A2325B7814.png" [OS Error:5]
SiFacil.exe: 000009FC: 16:11:54 []:Error deleting file: "D:\SiFácil\Si-Facil\Controllers\Win32\Debug\cache\sifacil_exe\res\__BCB3DEA5EBCB6F37A87F5249.png" [OS Error:5]
SiFacil.exe: 000009FC: 16:11:54 []:Error deleting file: "D:\SiFácil\Si-Facil\Controllers\Win32\Debug\cache\sifacil_exe\res\__C1B6C9AC1BCA3E4DDD81253D.png" [OS Error:5]
SiFacil.exe: 000009FC: 16:11:54 []:Error deleting file: "D:\SiFácil\Si-Facil\Controllers\Win32\Debug\cache\sifacil_exe\res\__E04CDB0E7C67BF6E5D66E722.png" [OS Error:5]
SiFacil.exe: 000009FC: 16:11:54 []:Error deleting file: "D:\SiFácil\Si-Facil\Controllers\Win32\Debug\cache\sifacil_exe\res\__F6CE4E7B02B9959FF98808EA.png" [OS Error:5]
SiFacil.exe: 000009FC: 16:11:54 []:Error deleting folder: "D:\SiFácil\Si-Facil\Controllers\Win32\Debug\cache\sifacil_exe\res\" [OS Error:145]
SiFacil.exe: 000009FC: 16:11:54 [TUniServerModule]:Global Cache Folder Erased. <3> Files deleted.
SiFacil.exe: 000009FC: 16:11:54 [TUniServerModule]:Starting HTTP Server on Port: 8077...
SiFacil.exe: 000009FC: 16:11:54 [TUniServerModule]:HTTP Server Started on Port: 8077
SiFacil.exe: 00002208: 16:11:59 [HandleFileRequest[127.0.0.1]]:File not found: D:\SiFácil\Si-Facil\Controllers\Win32\Debug\favicon.ico
SiFacil.exe: 000029E4: 16:16:36 []:>--------------------------------------------------------------<
SiFacil.exe: 000029E4: 16:16:36 [TUniServerModule]:Server First Init.
SiFacil.exe: 000029E4: 16:16:36 [TUniServerModule]:Debug Mode = ON
SiFacil.exe: 000029E4: 16:16:36 []:Error deleting file: "D:\SiFácil\Si-Facil\Controllers\Win32\Debug\cache\sifacil_exe\BxNdOwonfF10B3C9D8C\FRKVRY220930212704442.png" [OS Error:5]
SiFacil.exe: 000029E4: 16:16:36 []:Error deleting file: "D:\SiFácil\Si-Facil\Controllers\Win32\Debug\cache\sifacil_exe\BxNdOwonfF10B3C9D8C\JJDIYL220930212704442.png" [OS Error:5]
SiFacil.exe: 000029E4: 16:16:36 []:Error deleting file: "D:\SiFácil\Si-Facil\Controllers\Win32\Debug\cache\sifacil_exe\BxNdOwonfF10B3C9D8C\NSGAKE220930212704442.png" [OS Error:5]
SiFacil.exe: 000029E4: 16:16:36 []:Error deleting file: "D:\SiFácil\Si-Facil\Controllers\Win32\Debug\cache\sifacil_exe\BxNdOwonfF10B3C9D8C\POPFRH220930212704442.png" [OS Error:5]
SiFacil.exe: 000029E4: 16:16:36 []:Error deleting file: "D:\SiFácil\Si-Facil\Controllers\Win32\Debug\cache\sifacil_exe\BxNdOwonfF10B3C9D8C\UBSGXQ220930212704442.png" [OS Error:5]
SiFacil.exe: 000029E4: 16:16:36 []:Error deleting file: "D:\SiFácil\Si-Facil\Controllers\Win32\Debug\cache\sifacil_exe\BxNdOwonfF10B3C9D8C\VSHYFB220930212704442.png" [OS Error:5]
SiFacil.exe: 000029E4: 16:16:36 []:Error deleting file: "D:\SiFácil\Si-Facil\Controllers\Win32\Debug\cache\sifacil_exe\BxNdOwonfF10B3C9D8C\WJTGEE220930212704442.png" [OS Error:5]
SiFacil.exe: 000029E4: 16:16:36 []:Error deleting folder: "D:\SiFácil\Si-Facil\Controllers\Win32\Debug\cache\sifacil_exe\BxNdOwonfF10B3C9D8C\" [OS Error:145]
SiFacil.exe: 000029E4: 16:16:36 []:Error deleting file: "D:\SiFácil\Si-Facil\Controllers\Win32\Debug\cache\sifacil_exe\EuIH7h54dp10B3C9E31\KMAQAT220930212703265.png" [OS Error:5]
SiFacil.exe: 000029E4: 16:16:36 []:Error deleting file: "D:\SiFácil\Si-Facil\Controllers\Win32\Debug\cache\sifacil_exe\EuIH7h54dp10B3C9E31\LAYZJN220930212703265.png" [OS Error:5]
SiFacil.exe: 000029E4: 16:16:36 []:Error deleting file: "D:\SiFácil\Si-Facil\Controllers\Win32\Debug\cache\sifacil_exe\EuIH7h54dp10B3C9E31\MSYPLX220930212703265.png" [OS Error:5]
SiFacil.exe: 000029E4: 16:16:36 []:Error deleting file: "D:\SiFácil\Si-Facil\Controllers\Win32\Debug\cache\sifacil_exe\EuIH7h54dp10B3C9E31\TRBOEP220930212703265.png" [OS Error:5]
SiFacil.exe: 000029E4: 16:16:36 []:Error deleting file: "D:\SiFácil\Si-Facil\Controllers\Win32\Debug\cache\sifacil_exe\EuIH7h54dp10B3C9E31\VYAYFE220930212703265.png" [OS Error:5]
SiFacil.exe: 000029E4: 16:16:36 []:Error deleting file: "D:\SiFácil\Si-Facil\Controllers\Win32\Debug\cache\sifacil_exe\EuIH7h54dp10B3C9E31\WKAOTA220930212703265.png" [OS Error:5]
SiFacil.exe: 000029E4: 16:16:36 []:Error deleting file: "D:\SiFácil\Si-Facil\Controllers\Win32\Debug\cache\sifacil_exe\EuIH7h54dp10B3C9E31\YLPAMK220930212703265.png" [OS Error:5]
SiFacil.exe: 000029E4: 16:16:36 []:Error deleting folder: "D:\SiFácil\Si-Facil\Controllers\Win32\Debug\cache\sifacil_exe\EuIH7h54dp10B3C9E31\" [OS Error:145]
SiFacil.exe: 000029E4: 16:16:36 []:Error deleting file: "D:\SiFácil\Si-Facil\Controllers\Win32\Debug\cache\sifacil_exe\orlQ7nlKUK10B4A1F3D\DSVLZA221009175039535.png" [OS Error:5]
SiFacil.exe: 000029E4: 16:16:36 []:Error deleting file: "D:\SiFácil\Si-Facil\Controllers\Win32\Debug\cache\sifacil_exe\orlQ7nlKUK10B4A1F3D\HBJBGF221009175039535.png" [OS Error:5]
SiFacil.exe: 000029E4: 16:16:36 []:Error deleting file: "D:\SiFácil\Si-Facil\Controllers\Win32\Debug\cache\sifacil_exe\orlQ7nlKUK10B4A1F3D\HICGHQ221009175039535.png" [OS Error:5]
SiFacil.exe: 000029E4: 16:16:36 []:Error deleting file: "D:\SiFácil\Si-Facil\Controllers\Win32\Debug\cache\sifacil_exe\orlQ7nlKUK10B4A1F3D\KSUSXH221009175039535.png" [OS Error:5]
SiFacil.exe: 000029E4: 16:16:36 []:Error deleting file: "D:\SiFácil\Si-Facil\Controllers\Win32\Debug\cache\sifacil_exe\orlQ7nlKUK10B4A1F3D\RADTND221009175039535.png" [OS Error:5]
SiFacil.exe: 000029E4: 16:16:36 []:Error deleting file: "D:\SiFácil\Si-Facil\Controllers\Win32\Debug\cache\sifacil_exe\orlQ7nlKUK10B4A1F3D\REONJE221009175039535.png" [OS Error:5]
SiFacil.exe: 000029E4: 16:16:36 []:Error deleting file: "D:\SiFácil\Si-Facil\Controllers\Win32\Debug\cache\sifacil_exe\orlQ7nlKUK10B4A1F3D\XDSLZK221009175039535.png" [OS Error:5]
SiFacil.exe: 000029E4: 16:16:36 []:Error deleting folder: "D:\SiFácil\Si-Facil\Controllers\Win32\Debug\cache\sifacil_exe\orlQ7nlKUK10B4A1F3D\" [OS Error:145]
SiFacil.exe: 000029E4: 16:16:36 []:Error deleting file: "D:\SiFácil\Si-Facil\Controllers\Win32\Debug\cache\sifacil_exe\res\__0D793CC11ACA91ED2843D567.png" [OS Error:5]
SiFacil.exe: 000029E4: 16:16:36 []:Error deleting file: "D:\SiFácil\Si-Facil\Controllers\Win32\Debug\cache\sifacil_exe\res\__3F7F57AC57B3F503973356C7.png" [OS Error:5]
SiFacil.exe: 000029E4: 16:16:36 []:Error deleting file: "D:\SiFácil\Si-Facil\Controllers\Win32\Debug\cache\sifacil_exe\res\__6D4B95677BB2D9E2E8FE776F.png" [OS Error:5]
SiFacil.exe: 000029E4: 16:16:36 []:Error deleting file: "D:\SiFácil\Si-Facil\Controllers\Win32\Debug\cache\sifacil_exe\res\__74E35A3F1D828ED19265E674.png" [OS Error:5]
SiFacil.exe: 000029E4: 16:16:36 []:Error deleting file: "D:\SiFácil\Si-Facil\Controllers\Win32\Debug\cache\sifacil_exe\res\__8CA59ECAA03C3E802CE21CC6.png" [OS Error:5]
SiFacil.exe: 000029E4: 16:16:36 []:Error deleting file: "D:\SiFácil\Si-Facil\Controllers\Win32\Debug\cache\sifacil_exe\res\__9B946CE896C715A2325B7814.png" [OS Error:5]
SiFacil.exe: 000029E4: 16:16:36 []:Error deleting file: "D:\SiFácil\Si-Facil\Controllers\Win32\Debug\cache\sifacil_exe\res\__BCB3DEA5EBCB6F37A87F5249.png" [OS Error:5]
SiFacil.exe: 000029E4: 16:16:36 []:Error deleting file: "D:\SiFácil\Si-Facil\Controllers\Win32\Debug\cache\sifacil_exe\res\__C1B6C9AC1BCA3E4DDD81253D.png" [OS Error:5]
SiFacil.exe: 000029E4: 16:16:36 []:Error deleting file: "D:\SiFácil\Si-Facil\Controllers\Win32\Debug\cache\sifacil_exe\res\__E04CDB0E7C67BF6E5D66E722.png" [OS Error:5]
SiFacil.exe: 000029E4: 16:16:36 []:Error deleting file: "D:\SiFácil\Si-Facil\Controllers\Win32\Debug\cache\sifacil_exe\res\__F6CE4E7B02B9959FF98808EA.png" [OS Error:5]
SiFacil.exe: 000029E4: 16:16:36 []:Error deleting folder: "D:\SiFácil\Si-Facil\Controllers\Win32\Debug\cache\sifacil_exe\res\" [OS Error:145]
SiFacil.exe: 000029E4: 16:16:36 [TUniServerModule]:Global Cache Folder Erased. <15> Files deleted.
SiFacil.exe: 000029E4: 16:16:36 [TUniServerModule]:Starting HTTP Server on Port: 8077...
SiFacil.exe: 000029E4: 16:16:36 [TUniServerModule]:HTTP Server Started on Port: 8077
SiFacil.exe: 0000239C: 16:17:57 [127.0.0.1]:EUniSessionException : Invalid session or session Timeout. : Addr: $00791D57
SiFacil.exe: 000024D0: 16:20:50 []:>--------------------------------------------------------------<
SiFacil.exe: 000024D0: 16:20:50 [TUniServerModule]:Server First Init.
SiFacil.exe: 000024D0: 16:20:50 [TUniServerModule]:Debug Mode = ON
SiFacil.exe: 000024D0: 16:20:50 []:Error deleting file: "D:\SiFácil\Si-Facil\Controllers\Win32\Debug\cache\sifacil_exe\BxNdOwonfF10B3C9D8C\FRKVRY220930212704442.png" [OS Error:5]
SiFacil.exe: 000024D0: 16:20:50 []:Error deleting file: "D:\SiFácil\Si-Facil\Controllers\Win32\Debug\cache\sifacil_exe\BxNdOwonfF10B3C9D8C\JJDIYL220930212704442.png" [OS Error:5]
SiFacil.exe: 000024D0: 16:20:50 []:Error deleting file: "D:\SiFácil\Si-Facil\Controllers\Win32\Debug\cache\sifacil_exe\BxNdOwonfF10B3C9D8C\NSGAKE220930212704442.png" [OS Error:5]
SiFacil.exe: 000024D0: 16:20:50 []:Error deleting file: "D:\SiFácil\Si-Facil\Controllers\Win32\Debug\cache\sifacil_exe\BxNdOwonfF10B3C9D8C\POPFRH220930212704442.png" [OS Error:5]
SiFacil.exe: 000024D0: 16:20:50 []:Error deleting file: "D:\SiFácil\Si-Facil\Controllers\Win32\Debug\cache\sifacil_exe\BxNdOwonfF10B3C9D8C\UBSGXQ220930212704442.png" [OS Error:5]
SiFacil.exe: 000024D0: 16:20:50 []:Error deleting file: "D:\SiFácil\Si-Facil\Controllers\Win32\Debug\cache\sifacil_exe\BxNdOwonfF10B3C9D8C\VSHYFB220930212704442.png" [OS Error:5]
SiFacil.exe: 000024D0: 16:20:50 []:Error deleting file: "D:\SiFácil\Si-Facil\Controllers\Win32\Debug\cache\sifacil_exe\BxNdOwonfF10B3C9D8C\WJTGEE220930212704442.png" [OS Error:5]
SiFacil.exe: 000024D0: 16:20:50 []:Error deleting folder: "D:\SiFácil\Si-Facil\Controllers\Win32\Debug\cache\sifacil_exe\BxNdOwonfF10B3C9D8C\" [OS Error:145]
SiFacil.exe: 000024D0: 16:20:50 []:Error deleting file: "D:\SiFácil\Si-Facil\Controllers\Win32\Debug\cache\sifacil_exe\EuIH7h54dp10B3C9E31\KMAQAT220930212703265.png" [OS Error:5]
SiFacil.exe: 000024D0: 16:20:50 []:Error deleting file: "D:\SiFácil\Si-Facil\Controllers\Win32\Debug\cache\sifacil_exe\EuIH7h54dp10B3C9E31\LAYZJN220930212703265.png" [OS Error:5]
SiFacil.exe: 000024D0: 16:20:50 []:Error deleting file: "D:\SiFácil\Si-Facil\Controllers\Win32\Debug\cache\sifacil_exe\EuIH7h54dp10B3C9E31\MSYPLX220930212703265.png" [OS Error:5]
SiFacil.exe: 000024D0: 16:20:50 []:Error deleting file: "D:\SiFácil\Si-Facil\Controllers\Win32\Debug\cache\sifacil_exe\EuIH7h54dp10B3C9E31\TRBOEP220930212703265.png" [OS Error:5]
SiFacil.exe: 000024D0: 16:20:50 []:Error deleting file: "D:\SiFácil\Si-Facil\Controllers\Win32\Debug\cache\sifacil_exe\EuIH7h54dp10B3C9E31\VYAYFE220930212703265.png" [OS Error:5]
SiFacil.exe: 000024D0: 16:20:50 []:Error deleting file: "D:\SiFácil\Si-Facil\Controllers\Win32\Debug\cache\sifacil_exe\EuIH7h54dp10B3C9E31\WKAOTA220930212703265.png" [OS Error:5]
SiFacil.exe: 000024D0: 16:20:50 []:Error deleting file: "D:\SiFácil\Si-Facil\Controllers\Win32\Debug\cache\sifacil_exe\EuIH7h54dp10B3C9E31\YLPAMK220930212703265.png" [OS Error:5]
SiFacil.exe: 000024D0: 16:20:50 []:Error deleting folder: "D:\SiFácil\Si-Facil\Controllers\Win32\Debug\cache\sifacil_exe\EuIH7h54dp10B3C9E31\" [OS Error:145]
SiFacil.exe: 000024D0: 16:20:50 []:Error deleting file: "D:\SiFácil\Si-Facil\Controllers\Win32\Debug\cache\sifacil_exe\orlQ7nlKUK10B4A1F3D\DSVLZA221009175039535.png" [OS Error:5]
SiFacil.exe: 000024D0: 16:20:50 []:Error deleting file: "D:\SiFácil\Si-Facil\Controllers\Win32\Debug\cache\sifacil_exe\orlQ7nlKUK10B4A1F3D\HBJBGF221009175039535.png" [OS Error:5]
SiFacil.exe: 000024D0: 16:20:50 []:Error deleting file: "D:\SiFácil\Si-Facil\Controllers\Win32\Debug\cache\sifacil_exe\orlQ7nlKUK10B4A1F3D\HICGHQ221009175039535.png" [OS Error:5]
SiFacil.exe: 000024D0: 16:20:50 []:Error deleting file: "D:\SiFácil\Si-Facil\Controllers\Win32\Debug\cache\sifacil_exe\orlQ7nlKUK10B4A1F3D\KSUSXH221009175039535.png" [OS Error:5]
SiFacil.exe: 000024D0: 16:20:50 []:Error deleting file: "D:\SiFácil\Si-Facil\Controllers\Win32\Debug\cache\sifacil_exe\orlQ7nlKUK10B4A1F3D\RADTND221009175039535.png" [OS Error:5]
SiFacil.exe: 000024D0: 16:20:50 []:Error deleting file: "D:\SiFácil\Si-Facil\Controllers\Win32\Debug\cache\sifacil_exe\orlQ7nlKUK10B4A1F3D\REONJE221009175039535.png" [OS Error:5]
SiFacil.exe: 000024D0: 16:20:50 []:Error deleting file: "D:\SiFácil\Si-Facil\Controllers\Win32\Debug\cache\sifacil_exe\orlQ7nlKUK10B4A1F3D\XDSLZK221009175039535.png" [OS Error:5]
SiFacil.exe: 000024D0: 16:20:50 []:Error deleting folder: "D:\SiFácil\Si-Facil\Controllers\Win32\Debug\cache\sifacil_exe\orlQ7nlKUK10B4A1F3D\" [OS Error:145]
SiFacil.exe: 000024D0: 16:20:50 []:Error deleting file: "D:\SiFácil\Si-Facil\Controllers\Win32\Debug\cache\sifacil_exe\res\__0D793CC11ACA91ED2843D567.png" [OS Error:5]
SiFacil.exe: 000024D0: 16:20:50 []:Error deleting file: "D:\SiFácil\Si-Facil\Controllers\Win32\Debug\cache\sifacil_exe\res\__3F7F57AC57B3F503973356C7.png" [OS Error:5]
SiFacil.exe: 000024D0: 16:20:50 []:Error deleting file: "D:\SiFácil\Si-Facil\Controllers\Win32\Debug\cache\sifacil_exe\res\__6D4B95677BB2D9E2E8FE776F.png" [OS Error:5]
SiFacil.exe: 000024D0: 16:20:50 []:Error deleting file: "D:\SiFácil\Si-Facil\Controllers\Win32\Debug\cache\sifacil_exe\res\__74E35A3F1D828ED19265E674.png" [OS Error:5]
SiFacil.exe: 000024D0: 16:20:50 []:Error deleting file: "D:\SiFácil\Si-Facil\Controllers\Win32\Debug\cache\sifacil_exe\res\__8CA59ECAA03C3E802CE21CC6.png" [OS Error:5]
SiFacil.exe: 000024D0: 16:20:50 []:Error deleting file: "D:\SiFácil\Si-Facil\Controllers\Win32\Debug\cache\sifacil_exe\res\__9B946CE896C715A2325B7814.png" [OS Error:5]
SiFacil.exe: 000024D0: 16:20:50 []:Error deleting file: "D:\SiFácil\Si-Facil\Controllers\Win32\Debug\cache\sifacil_exe\res\__BCB3DEA5EBCB6F37A87F5249.png" [OS Error:5]
SiFacil.exe: 000024D0: 16:20:50 []:Error deleting file: "D:\SiFácil\Si-Facil\Controllers\Win32\Debug\cache\sifacil_exe\res\__C1B6C9AC1BCA3E4DDD81253D.png" [OS Error:5]
SiFacil.exe: 000024D0: 16:20:50 []:Error deleting file: "D:\SiFácil\Si-Facil\Controllers\Win32\Debug\cache\sifacil_exe\res\__E04CDB0E7C67BF6E5D66E722.png" [OS Error:5]
SiFacil.exe: 000024D0: 16:20:50 []:Error deleting file: "D:\SiFácil\Si-Facil\Controllers\Win32\Debug\cache\sifacil_exe\res\__F6CE4E7B02B9959FF98808EA.png" [OS Error:5]
SiFacil.exe: 000024D0: 16:20:50 []:Error deleting folder: "D:\SiFácil\Si-Facil\Controllers\Win32\Debug\cache\sifacil_exe\res\" [OS Error:145]
SiFacil.exe: 000024D0: 16:20:50 [TUniServerModule]:Global Cache Folder Erased. <23> Files deleted.
SiFacil.exe: 000024D0: 16:20:50 [TUniServerModule]:Starting HTTP Server on Port: 8077...
SiFacil.exe: 000024D0: 16:20:50 [TUniServerModule]:HTTP Server Started on Port: 8077
SiFacil.exe: 00001C10: 16:21:09 [127.0.0.1]:EUniSessionException : Invalid session or session Timeout. : Addr: $00791D57
SiFacil.exe: 00001AD0: 16:22:12 []:>--------------------------------------------------------------<
SiFacil.exe: 00001AD0: 16:22:12 [TUniServerModule]:Server First Init.
SiFacil.exe: 00001AD0: 16:22:12 [TUniServerModule]:Debug Mode = ON
SiFacil.exe: 00001AD0: 16:22:12 []:Error deleting file: "D:\SiFácil\Si-Facil\Controllers\Win32\Debug\cache\sifacil_exe\BxNdOwonfF10B3C9D8C\FRKVRY220930212704442.png" [OS Error:5]
SiFacil.exe: 00001AD0: 16:22:12 []:Error deleting file: "D:\SiFácil\Si-Facil\Controllers\Win32\Debug\cache\sifacil_exe\BxNdOwonfF10B3C9D8C\JJDIYL220930212704442.png" [OS Error:5]
SiFacil.exe: 00001AD0: 16:22:12 []:Error deleting file: "D:\SiFácil\Si-Facil\Controllers\Win32\Debug\cache\sifacil_exe\BxNdOwonfF10B3C9D8C\NSGAKE220930212704442.png" [OS Error:5]
SiFacil.exe: 00001AD0: 16:22:12 []:Error deleting file: "D:\SiFácil\Si-Facil\Controllers\Win32\Debug\cache\sifacil_exe\BxNdOwonfF10B3C9D8C\POPFRH220930212704442.png" [OS Error:5]
SiFacil.exe: 00001AD0: 16:22:12 []:Error deleting file: "D:\SiFácil\Si-Facil\Controllers\Win32\Debug\cache\sifacil_exe\BxNdOwonfF10B3C9D8C\UBSGXQ220930212704442.png" [OS Error:5]
SiFacil.exe: 00001AD0: 16:22:12 []:Error deleting file: "D:\SiFácil\Si-Facil\Controllers\Win32\Debug\cache\sifacil_exe\BxNdOwonfF10B3C9D8C\VSHYFB220930212704442.png" [OS Error:5]
SiFacil.exe: 00001AD0: 16:22:12 []:Error deleting file: "D:\SiFácil\Si-Facil\Controllers\Win32\Debug\cache\sifacil_exe\BxNdOwonfF10B3C9D8C\WJTGEE220930212704442.png" [OS Error:5]
SiFacil.exe: 00001AD0: 16:22:12 []:Error deleting folder: "D:\SiFácil\Si-Facil\Controllers\Win32\Debug\cache\sifacil_exe\BxNdOwonfF10B3C9D8C\" [OS Error:145]
SiFacil.exe: 00001AD0: 16:22:12 []:Error deleting file: "D:\SiFácil\Si-Facil\Controllers\Win32\Debug\cache\sifacil_exe\EuIH7h54dp10B3C9E31\KMAQAT220930212703265.png" [OS Error:5]
SiFacil.exe: 00001AD0: 16:22:12 []:Error deleting file: "D:\SiFácil\Si-Facil\Controllers\Win32\Debug\cache\sifacil_exe\EuIH7h54dp10B3C9E31\LAYZJN220930212703265.png" [OS Error:5]
SiFacil.exe: 00001AD0: 16:22:12 []:Error deleting file: "D:\SiFácil\Si-Facil\Controllers\Win32\Debug\cache\sifacil_exe\EuIH7h54dp10B3C9E31\MSYPLX220930212703265.png" [OS Error:5]
SiFacil.exe: 00001AD0: 16:22:12 []:Error deleting file: "D:\SiFácil\Si-Facil\Controllers\Win32\Debug\cache\sifacil_exe\EuIH7h54dp10B3C9E31\TRBOEP220930212703265.png" [OS Error:5]
SiFacil.exe: 00001AD0: 16:22:12 []:Error deleting file: "D:\SiFácil\Si-Facil\Controllers\Win32\Debug\cache\sifacil_exe\EuIH7h54dp10B3C9E31\VYAYFE220930212703265.png" [OS Error:5]
SiFacil.exe: 00001AD0: 16:22:12 []:Error deleting file: "D:\SiFácil\Si-Facil\Controllers\Win32\Debug\cache\sifacil_exe\EuIH7h54dp10B3C9E31\WKAOTA220930212703265.png" [OS Error:5]
SiFacil.exe: 00001AD0: 16:22:12 []:Error deleting file: "D:\SiFácil\Si-Facil\Controllers\Win32\Debug\cache\sifacil_exe\EuIH7h54dp10B3C9E31\YLPAMK220930212703265.png" [OS Error:5]
SiFacil.exe: 00001AD0: 16:22:12 []:Error deleting folder: "D:\SiFácil\Si-Facil\Controllers\Win32\Debug\cache\sifacil_exe\EuIH7h54dp10B3C9E31\" [OS Error:145]
SiFacil.exe: 00001AD0: 16:22:12 []:Error deleting file: "D:\SiFácil\Si-Facil\Controllers\Win32\Debug\cache\sifacil_exe\orlQ7nlKUK10B4A1F3D\DSVLZA221009175039535.png" [OS Error:5]
SiFacil.exe: 00001AD0: 16:22:12 []:Error deleting file: "D:\SiFácil\Si-Facil\Controllers\Win32\Debug\cache\sifacil_exe\orlQ7nlKUK10B4A1F3D\HBJBGF221009175039535.png" [OS Error:5]
SiFacil.exe: 00001AD0: 16:22:12 []:Error deleting file: "D:\SiFácil\Si-Facil\Controllers\Win32\Debug\cache\sifacil_exe\orlQ7nlKUK10B4A1F3D\HICGHQ221009175039535.png" [OS Error:5]
SiFacil.exe: 00001AD0: 16:22:12 []:Error deleting file: "D:\SiFácil\Si-Facil\Controllers\Win32\Debug\cache\sifacil_exe\orlQ7nlKUK10B4A1F3D\KSUSXH221009175039535.png" [OS Error:5]
SiFacil.exe: 00001AD0: 16:22:12 []:Error deleting file: "D:\SiFácil\Si-Facil\Controllers\Win32\Debug\cache\sifacil_exe\orlQ7nlKUK10B4A1F3D\RADTND221009175039535.png" [OS Error:5]
SiFacil.exe: 00001AD0: 16:22:12 []:Error deleting file: "D:\SiFácil\Si-Facil\Controllers\Win32\Debug\cache\sifacil_exe\orlQ7nlKUK10B4A1F3D\REONJE221009175039535.png" [OS Error:5]
SiFacil.exe: 00001AD0: 16:22:12 []:Error deleting file: "D:\SiFácil\Si-Facil\Controllers\Win32\Debug\cache\sifacil_exe\orlQ7nlKUK10B4A1F3D\XDSLZK221009175039535.png" [OS Error:5]
SiFacil.exe: 00001AD0: 16:22:12 []:Error deleting folder: "D:\SiFácil\Si-Facil\Controllers\Win32\Debug\cache\sifacil_exe\orlQ7nlKUK10B4A1F3D\" [OS Error:145]
SiFacil.exe: 00001AD0: 16:22:12 []:Error deleting file: "D:\SiFácil\Si-Facil\Controllers\Win32\Debug\cache\sifacil_exe\res\__0D793CC11ACA91ED2843D567.png" [OS Error:5]
SiFacil.exe: 00001AD0: 16:22:12 []:Error deleting file: "D:\SiFácil\Si-Facil\Controllers\Win32\Debug\cache\sifacil_exe\res\__3F7F57AC57B3F503973356C7.png" [OS Error:5]
SiFacil.exe: 00001AD0: 16:22:12 []:Error deleting file: "D:\SiFácil\Si-Facil\Controllers\Win32\Debug\cache\sifacil_exe\res\__6D4B95677BB2D9E2E8FE776F.png" [OS Error:5]
SiFacil.exe: 00001AD0: 16:22:12 []:Error deleting file: "D:\SiFácil\Si-Facil\Controllers\Win32\Debug\cache\sifacil_exe\res\__74E35A3F1D828ED19265E674.png" [OS Error:5]
SiFacil.exe: 00001AD0: 16:22:12 []:Error deleting file: "D:\SiFácil\Si-Facil\Controllers\Win32\Debug\cache\sifacil_exe\res\__8CA59ECAA03C3E802CE21CC6.png" [OS Error:5]
SiFacil.exe: 00001AD0: 16:22:12 []:Error deleting file: "D:\SiFácil\Si-Facil\Controllers\Win32\Debug\cache\sifacil_exe\res\__9B946CE896C715A2325B7814.png" [OS Error:5]
SiFacil.exe: 00001AD0: 16:22:12 []:Error deleting file: "D:\SiFácil\Si-Facil\Controllers\Win32\Debug\cache\sifacil_exe\res\__BCB3DEA5EBCB6F37A87F5249.png" [OS Error:5]
SiFacil.exe: 00001AD0: 16:22:12 []:Error deleting file: "D:\SiFácil\Si-Facil\Controllers\Win32\Debug\cache\sifacil_exe\res\__C1B6C9AC1BCA3E4DDD81253D.png" [OS Error:5]
SiFacil.exe: 00001AD0: 16:22:12 []:Error deleting file: "D:\SiFácil\Si-Facil\Controllers\Win32\Debug\cache\sifacil_exe\res\__E04CDB0E7C67BF6E5D66E722.png" [OS Error:5]
SiFacil.exe: 00001AD0: 16:22:12 []:Error deleting file: "D:\SiFácil\Si-Facil\Controllers\Win32\Debug\cache\sifacil_exe\res\__F6CE4E7B02B9959FF98808EA.png" [OS Error:5]
SiFacil.exe: 00001AD0: 16:22:12 []:Error deleting folder: "D:\SiFácil\Si-Facil\Controllers\Win32\Debug\cache\sifacil_exe\res\" [OS Error:145]
SiFacil.exe: 00001AD0: 16:22:12 [TUniServerModule]:Global Cache Folder Erased. <21> Files deleted.
SiFacil.exe: 00001AD0: 16:22:12 [TUniServerModule]:Starting HTTP Server on Port: 8077...
SiFacil.exe: 00001AD0: 16:22:12 [TUniServerModule]:HTTP Server Started on Port: 8077
SiFacil.exe: 00002AC8: 16:22:16 [127.0.0.1]:EUniSessionException : Invalid session or session Timeout. : Addr: $00791D57
SiFacil.exe: 00001AB0: 17:40:29 []:>--------------------------------------------------------------<
SiFacil.exe: 00001AB0: 17:40:29 [TUniServerModule]:Server First Init.
SiFacil.exe: 00001AB0: 17:40:29 [TUniServerModule]:Debug Mode = ON
SiFacil.exe: 00001AB0: 17:40:30 []:Error deleting file: "D:\SiFácil\Si-Facil\Controllers\Win32\Debug\cache\sifacil_exe\BxNdOwonfF10B3C9D8C\FRKVRY220930212704442.png" [OS Error:5]
SiFacil.exe: 00001AB0: 17:40:30 []:Error deleting file: "D:\SiFácil\Si-Facil\Controllers\Win32\Debug\cache\sifacil_exe\BxNdOwonfF10B3C9D8C\JJDIYL220930212704442.png" [OS Error:5]
SiFacil.exe: 00001AB0: 17:40:30 []:Error deleting file: "D:\SiFácil\Si-Facil\Controllers\Win32\Debug\cache\sifacil_exe\BxNdOwonfF10B3C9D8C\NSGAKE220930212704442.png" [OS Error:5]
SiFacil.exe: 00001AB0: 17:40:30 []:Error deleting file: "D:\SiFácil\Si-Facil\Controllers\Win32\Debug\cache\sifacil_exe\BxNdOwonfF10B3C9D8C\POPFRH220930212704442.png" [OS Error:5]
SiFacil.exe: 00001AB0: 17:40:30 []:Error deleting file: "D:\SiFácil\Si-Facil\Controllers\Win32\Debug\cache\sifacil_exe\BxNdOwonfF10B3C9D8C\UBSGXQ220930212704442.png" [OS Error:5]
SiFacil.exe: 00001AB0: 17:40:30 []:Error deleting file: "D:\SiFácil\Si-Facil\Controllers\Win32\Debug\cache\sifacil_exe\BxNdOwonfF10B3C9D8C\VSHYFB220930212704442.png" [OS Error:5]
SiFacil.exe: 00001AB0: 17:40:30 []:Error deleting file: "D:\SiFácil\Si-Facil\Controllers\Win32\Debug\cache\sifacil_exe\BxNdOwonfF10B3C9D8C\WJTGEE220930212704442.png" [OS Error:5]
SiFacil.exe: 00001AB0: 17:40:30 []:Error deleting folder: "D:\SiFácil\Si-Facil\Controllers\Win32\Debug\cache\sifacil_exe\BxNdOwonfF10B3C9D8C\" [OS Error:145]
SiFacil.exe: 00001AB0: 17:40:30 []:Error deleting file: "D:\SiFácil\Si-Facil\Controllers\Win32\Debug\cache\sifacil_exe\EuIH7h54dp10B3C9E31\KMAQAT220930212703265.png" [OS Error:5]
SiFacil.exe: 00001AB0: 17:40:30 []:Error deleting file: "D:\SiFácil\Si-Facil\Controllers\Win32\Debug\cache\sifacil_exe\EuIH7h54dp10B3C9E31\LAYZJN220930212703265.png" [OS Error:5]
SiFacil.exe: 00001AB0: 17:40:30 []:Error deleting file: "D:\SiFácil\Si-Facil\Controllers\Win32\Debug\cache\sifacil_exe\EuIH7h54dp10B3C9E31\MSYPLX220930212703265.png" [OS Error:5]
SiFacil.exe: 00001AB0: 17:40:30 []:Error deleting file: "D:\SiFácil\Si-Facil\Controllers\Win32\Debug\cache\sifacil_exe\EuIH7h54dp10B3C9E31\TRBOEP220930212703265.png" [OS Error:5]
SiFacil.exe: 00001AB0: 17:40:30 []:Error deleting file: "D:\SiFácil\Si-Facil\Controllers\Win32\Debug\cache\sifacil_exe\EuIH7h54dp10B3C9E31\VYAYFE220930212703265.png" [OS Error:5]
SiFacil.exe: 00001AB0: 17:40:30 []:Error deleting file: "D:\SiFácil\Si-Facil\Controllers\Win32\Debug\cache\sifacil_exe\EuIH7h54dp10B3C9E31\WKAOTA220930212703265.png" [OS Error:5]
SiFacil.exe: 00001AB0: 17:40:30 []:Error deleting file: "D:\SiFácil\Si-Facil\Controllers\Win32\Debug\cache\sifacil_exe\EuIH7h54dp10B3C9E31\YLPAMK220930212703265.png" [OS Error:5]
SiFacil.exe: 00001AB0: 17:40:30 []:Error deleting folder: "D:\SiFácil\Si-Facil\Controllers\Win32\Debug\cache\sifacil_exe\EuIH7h54dp10B3C9E31\" [OS Error:145]
SiFacil.exe: 00001AB0: 17:40:30 []:Error deleting file: "D:\SiFácil\Si-Facil\Controllers\Win32\Debug\cache\sifacil_exe\orlQ7nlKUK10B4A1F3D\DSVLZA221009175039535.png" [OS Error:5]
SiFacil.exe: 00001AB0: 17:40:30 []:Error deleting file: "D:\SiFácil\Si-Facil\Controllers\Win32\Debug\cache\sifacil_exe\orlQ7nlKUK10B4A1F3D\HBJBGF221009175039535.png" [OS Error:5]
SiFacil.exe: 00001AB0: 17:40:30 []:Error deleting file: "D:\SiFácil\Si-Facil\Controllers\Win32\Debug\cache\sifacil_exe\orlQ7nlKUK10B4A1F3D\HICGHQ221009175039535.png" [OS Error:5]
SiFacil.exe: 00001AB0: 17:40:30 []:Error deleting file: "D:\SiFácil\Si-Facil\Controllers\Win32\Debug\cache\sifacil_exe\orlQ7nlKUK10B4A1F3D\KSUSXH221009175039535.png" [OS Error:5]
SiFacil.exe: 00001AB0: 17:40:30 []:Error deleting file: "D:\SiFácil\Si-Facil\Controllers\Win32\Debug\cache\sifacil_exe\orlQ7nlKUK10B4A1F3D\RADTND221009175039535.png" [OS Error:5]
SiFacil.exe: 00001AB0: 17:40:30 []:Error deleting file: "D:\SiFácil\Si-Facil\Controllers\Win32\Debug\cache\sifacil_exe\orlQ7nlKUK10B4A1F3D\REONJE221009175039535.png" [OS Error:5]
SiFacil.exe: 00001AB0: 17:40:30 []:Error deleting file: "D:\SiFácil\Si-Facil\Controllers\Win32\Debug\cache\sifacil_exe\orlQ7nlKUK10B4A1F3D\XDSLZK221009175039535.png" [OS Error:5]
SiFacil.exe: 00001AB0: 17:40:30 []:Error deleting folder: "D:\SiFácil\Si-Facil\Controllers\Win32\Debug\cache\sifacil_exe\orlQ7nlKUK10B4A1F3D\" [OS Error:145]
SiFacil.exe: 00001AB0: 17:40:30 []:Error deleting file: "D:\SiFácil\Si-Facil\Controllers\Win32\Debug\cache\sifacil_exe\res\__0D793CC11ACA91ED2843D567.png" [OS Error:5]
SiFacil.exe: 00001AB0: 17:40:30 []:Error deleting file: "D:\SiFácil\Si-Facil\Controllers\Win32\Debug\cache\sifacil_exe\res\__3F7F57AC57B3F503973356C7.png" [OS Error:5]
SiFacil.exe: 00001AB0: 17:40:30 []:Error deleting file: "D:\SiFácil\Si-Facil\Controllers\Win32\Debug\cache\sifacil_exe\res\__6D4B95677BB2D9E2E8FE776F.png" [OS Error:5]
SiFacil.exe: 00001AB0: 17:40:30 []:Error deleting file: "D:\SiFácil\Si-Facil\Controllers\Win32\Debug\cache\sifacil_exe\res\__74E35A3F1D828ED19265E674.png" [OS Error:5]
SiFacil.exe: 00001AB0: 17:40:30 []:Error deleting file: "D:\SiFácil\Si-Facil\Controllers\Win32\Debug\cache\sifacil_exe\res\__8CA59ECAA03C3E802CE21CC6.png" [OS Error:5]
SiFacil.exe: 00001AB0: 17:40:30 []:Error deleting file: "D:\SiFácil\Si-Facil\Controllers\Win32\Debug\cache\sifacil_exe\res\__9B946CE896C715A2325B7814.png" [OS Error:5]
SiFacil.exe: 00001AB0: 17:40:30 []:Error deleting file: "D:\SiFácil\Si-Facil\Controllers\Win32\Debug\cache\sifacil_exe\res\__BCB3DEA5EBCB6F37A87F5249.png" [OS Error:5]
SiFacil.exe: 00001AB0: 17:40:30 []:Error deleting file: "D:\SiFácil\Si-Facil\Controllers\Win32\Debug\cache\sifacil_exe\res\__C1B6C9AC1BCA3E4DDD81253D.png" [OS Error:5]
SiFacil.exe: 00001AB0: 17:40:30 []:Error deleting file: "D:\SiFácil\Si-Facil\Controllers\Win32\Debug\cache\sifacil_exe\res\__E04CDB0E7C67BF6E5D66E722.png" [OS Error:5]
SiFacil.exe: 00001AB0: 17:40:30 []:Error deleting file: "D:\SiFácil\Si-Facil\Controllers\Win32\Debug\cache\sifacil_exe\res\__F6CE4E7B02B9959FF98808EA.png" [OS Error:5]
SiFacil.exe: 00001AB0: 17:40:30 []:Error deleting folder: "D:\SiFácil\Si-Facil\Controllers\Win32\Debug\cache\sifacil_exe\res\" [OS Error:145]
SiFacil.exe: 00001AB0: 17:40:30 [TUniServerModule]:Global Cache Folder Erased. <12> Files deleted.
SiFacil.exe: 00001AB0: 17:40:30 [TUniServerModule]:Starting HTTP Server on Port: 8077...
SiFacil.exe: 00001AB0: 17:40:30 [TUniServerModule]:HTTP Server Started on Port: 8077
SiFacil.exe: 000033D8: 17:40:30 [127.0.0.1]:EUniSessionException : Invalid session or session Timeout. : Addr: $00791D57
SiFacil.exe: 0000267C: 17:40:30 [127.0.0.1]:EUniSessionException : Invalid session or session Timeout. : Addr: $00791D57
SiFacil.exe: 000012D4: 17:40:30 [127.0.0.1]:EUniSessionException : Invalid session or session Timeout. : Addr: $00791D57
SiFacil.exe: 000016D8: 17:40:30 [127.0.0.1]:EUniSessionException : Invalid session or session Timeout. : Addr: $00791D57
SiFacil.exe: 000030E0: 17:41:07 []:>--------------------------------------------------------------<
SiFacil.exe: 000030E0: 17:41:07 [TUniServerModule]:Server First Init.
SiFacil.exe: 000030E0: 17:41:07 [TUniServerModule]:Debug Mode = ON
SiFacil.exe: 000030E0: 17:41:07 []:Error deleting file: "D:\SiFácil\Si-Facil\Controllers\Win32\Debug\cache\sifacil_exe\BxNdOwonfF10B3C9D8C\FRKVRY220930212704442.png" [OS Error:5]
SiFacil.exe: 000030E0: 17:41:07 []:Error deleting file: "D:\SiFácil\Si-Facil\Controllers\Win32\Debug\cache\sifacil_exe\BxNdOwonfF10B3C9D8C\JJDIYL220930212704442.png" [OS Error:5]
SiFacil.exe: 000030E0: 17:41:07 []:Error deleting file: "D:\SiFácil\Si-Facil\Controllers\Win32\Debug\cache\sifacil_exe\BxNdOwonfF10B3C9D8C\NSGAKE220930212704442.png" [OS Error:5]
SiFacil.exe: 000030E0: 17:41:07 []:Error deleting file: "D:\SiFácil\Si-Facil\Controllers\Win32\Debug\cache\sifacil_exe\BxNdOwonfF10B3C9D8C\POPFRH220930212704442.png" [OS Error:5]
SiFacil.exe: 000030E0: 17:41:07 []:Error deleting file: "D:\SiFácil\Si-Facil\Controllers\Win32\Debug\cache\sifacil_exe\BxNdOwonfF10B3C9D8C\UBSGXQ220930212704442.png" [OS Error:5]
SiFacil.exe: 000030E0: 17:41:07 []:Error deleting file: "D:\SiFácil\Si-Facil\Controllers\Win32\Debug\cache\sifacil_exe\BxNdOwonfF10B3C9D8C\VSHYFB220930212704442.png" [OS Error:5]
SiFacil.exe: 000030E0: 17:41:07 []:Error deleting file: "D:\SiFácil\Si-Facil\Controllers\Win32\Debug\cache\sifacil_exe\BxNdOwonfF10B3C9D8C\WJTGEE220930212704442.png" [OS Error:5]
SiFacil.exe: 000030E0: 17:41:07 []:Error deleting folder: "D:\SiFácil\Si-Facil\Controllers\Win32\Debug\cache\sifacil_exe\BxNdOwonfF10B3C9D8C\" [OS Error:145]
SiFacil.exe: 000030E0: 17:41:07 []:Error deleting file: "D:\SiFácil\Si-Facil\Controllers\Win32\Debug\cache\sifacil_exe\EuIH7h54dp10B3C9E31\KMAQAT220930212703265.png" [OS Error:5]
SiFacil.exe: 000030E0: 17:41:07 []:Error deleting file: "D:\SiFácil\Si-Facil\Controllers\Win32\Debug\cache\sifacil_exe\EuIH7h54dp10B3C9E31\LAYZJN220930212703265.png" [OS Error:5]
SiFacil.exe: 000030E0: 17:41:07 []:Error deleting file: "D:\SiFácil\Si-Facil\Controllers\Win32\Debug\cache\sifacil_exe\EuIH7h54dp10B3C9E31\MSYPLX220930212703265.png" [OS Error:5]
SiFacil.exe: 000030E0: 17:41:07 []:Error deleting file: "D:\SiFácil\Si-Facil\Controllers\Win32\Debug\cache\sifacil_exe\EuIH7h54dp10B3C9E31\TRBOEP220930212703265.png" [OS Error:5]
SiFacil.exe: 000030E0: 17:41:07 []:Error deleting file: "D:\SiFácil\Si-Facil\Controllers\Win32\Debug\cache\sifacil_exe\EuIH7h54dp10B3C9E31\VYAYFE220930212703265.png" [OS Error:5]
SiFacil.exe: 000030E0: 17:41:07 []:Error deleting file: "D:\SiFácil\Si-Facil\Controllers\Win32\Debug\cache\sifacil_exe\EuIH7h54dp10B3C9E31\WKAOTA220930212703265.png" [OS Error:5]
SiFacil.exe: 000030E0: 17:41:07 []:Error deleting file: "D:\SiFácil\Si-Facil\Controllers\Win32\Debug\cache\sifacil_exe\EuIH7h54dp10B3C9E31\YLPAMK220930212703265.png" [OS Error:5]
SiFacil.exe: 000030E0: 17:41:07 []:Error deleting folder: "D:\SiFácil\Si-Facil\Controllers\Win32\Debug\cache\sifacil_exe\EuIH7h54dp10B3C9E31\" [OS Error:145]
SiFacil.exe: 000030E0: 17:41:07 []:Error deleting file: "D:\SiFácil\Si-Facil\Controllers\Win32\Debug\cache\sifacil_exe\orlQ7nlKUK10B4A1F3D\DSVLZA221009175039535.png" [OS Error:5]
SiFacil.exe: 000030E0: 17:41:07 []:Error deleting file: "D:\SiFácil\Si-Facil\Controllers\Win32\Debug\cache\sifacil_exe\orlQ7nlKUK10B4A1F3D\HBJBGF221009175039535.png" [OS Error:5]
SiFacil.exe: 000030E0: 17:41:07 []:Error deleting file: "D:\SiFácil\Si-Facil\Controllers\Win32\Debug\cache\sifacil_exe\orlQ7nlKUK10B4A1F3D\HICGHQ221009175039535.png" [OS Error:5]
SiFacil.exe: 000030E0: 17:41:07 []:Error deleting file: "D:\SiFácil\Si-Facil\Controllers\Win32\Debug\cache\sifacil_exe\orlQ7nlKUK10B4A1F3D\KSUSXH221009175039535.png" [OS Error:5]
SiFacil.exe: 000030E0: 17:41:07 []:Error deleting file: "D:\SiFácil\Si-Facil\Controllers\Win32\Debug\cache\sifacil_exe\orlQ7nlKUK10B4A1F3D\RADTND221009175039535.png" [OS Error:5]
SiFacil.exe: 000030E0: 17:41:07 []:Error deleting file: "D:\SiFácil\Si-Facil\Controllers\Win32\Debug\cache\sifacil_exe\orlQ7nlKUK10B4A1F3D\REONJE221009175039535.png" [OS Error:5]
SiFacil.exe: 000030E0: 17:41:07 []:Error deleting file: "D:\SiFácil\Si-Facil\Controllers\Win32\Debug\cache\sifacil_exe\orlQ7nlKUK10B4A1F3D\XDSLZK221009175039535.png" [OS Error:5]
SiFacil.exe: 000030E0: 17:41:07 []:Error deleting folder: "D:\SiFácil\Si-Facil\Controllers\Win32\Debug\cache\sifacil_exe\orlQ7nlKUK10B4A1F3D\" [OS Error:145]
SiFacil.exe: 000030E0: 17:41:07 []:Error deleting file: "D:\SiFácil\Si-Facil\Controllers\Win32\Debug\cache\sifacil_exe\res\__0D793CC11ACA91ED2843D567.png" [OS Error:5]
SiFacil.exe: 000030E0: 17:41:07 []:Error deleting file: "D:\SiFácil\Si-Facil\Controllers\Win32\Debug\cache\sifacil_exe\res\__3F7F57AC57B3F503973356C7.png" [OS Error:5]
SiFacil.exe: 000030E0: 17:41:07 []:Error deleting file: "D:\SiFácil\Si-Facil\Controllers\Win32\Debug\cache\sifacil_exe\res\__6D4B95677BB2D9E2E8FE776F.png" [OS Error:5]
SiFacil.exe: 000030E0: 17:41:07 []:Error deleting file: "D:\SiFácil\Si-Facil\Controllers\Win32\Debug\cache\sifacil_exe\res\__74E35A3F1D828ED19265E674.png" [OS Error:5]
SiFacil.exe: 000030E0: 17:41:07 []:Error deleting file: "D:\SiFácil\Si-Facil\Controllers\Win32\Debug\cache\sifacil_exe\res\__8CA59ECAA03C3E802CE21CC6.png" [OS Error:5]
SiFacil.exe: 000030E0: 17:41:07 []:Error deleting file: "D:\SiFácil\Si-Facil\Controllers\Win32\Debug\cache\sifacil_exe\res\__9B946CE896C715A2325B7814.png" [OS Error:5]
SiFacil.exe: 000030E0: 17:41:07 []:Error deleting file: "D:\SiFácil\Si-Facil\Controllers\Win32\Debug\cache\sifacil_exe\res\__BCB3DEA5EBCB6F37A87F5249.png" [OS Error:5]
SiFacil.exe: 000030E0: 17:41:07 []:Error deleting file: "D:\SiFácil\Si-Facil\Controllers\Win32\Debug\cache\sifacil_exe\res\__C1B6C9AC1BCA3E4DDD81253D.png" [OS Error:5]
SiFacil.exe: 000030E0: 17:41:07 []:Error deleting file: "D:\SiFácil\Si-Facil\Controllers\Win32\Debug\cache\sifacil_exe\res\__E04CDB0E7C67BF6E5D66E722.png" [OS Error:5]
SiFacil.exe: 000030E0: 17:41:07 []:Error deleting file: "D:\SiFácil\Si-Facil\Controllers\Win32\Debug\cache\sifacil_exe\res\__F6CE4E7B02B9959FF98808EA.png" [OS Error:5]
SiFacil.exe: 000030E0: 17:41:07 []:Error deleting folder: "D:\SiFácil\Si-Facil\Controllers\Win32\Debug\cache\sifacil_exe\res\" [OS Error:145]
SiFacil.exe: 000030E0: 17:41:07 [TUniServerModule]:Global Cache Folder Erased. <11> Files deleted.
SiFacil.exe: 000030E0: 17:41:07 [TUniServerModule]:Starting HTTP Server on Port: 8077...
SiFacil.exe: 000030E0: 17:41:07 [TUniServerModule]:HTTP Server Started on Port: 8077
SiFacil.exe: 000036BC: 17:41:10 [127.0.0.1]:EUniSessionException : Invalid session or session Timeout. : Addr: $00791D57
SiFacil.exe: 00001324: 17:48:27 []:>--------------------------------------------------------------<
SiFacil.exe: 00001324: 17:48:27 [TUniServerModule]:Server First Init.
SiFacil.exe: 00001324: 17:48:27 [TUniServerModule]:Debug Mode = ON
SiFacil.exe: 00001324: 17:48:27 []:Error deleting file: "D:\SiFácil\Si-Facil\Controllers\Win32\Debug\cache\sifacil_exe\BxNdOwonfF10B3C9D8C\FRKVRY220930212704442.png" [OS Error:5]
SiFacil.exe: 00001324: 17:48:27 []:Error deleting file: "D:\SiFácil\Si-Facil\Controllers\Win32\Debug\cache\sifacil_exe\BxNdOwonfF10B3C9D8C\JJDIYL220930212704442.png" [OS Error:5]
SiFacil.exe: 00001324: 17:48:27 []:Error deleting file: "D:\SiFácil\Si-Facil\Controllers\Win32\Debug\cache\sifacil_exe\BxNdOwonfF10B3C9D8C\NSGAKE220930212704442.png" [OS Error:5]
SiFacil.exe: 00001324: 17:48:27 []:Error deleting file: "D:\SiFácil\Si-Facil\Controllers\Win32\Debug\cache\sifacil_exe\BxNdOwonfF10B3C9D8C\POPFRH220930212704442.png" [OS Error:5]
SiFacil.exe: 00001324: 17:48:27 []:Error deleting file: "D:\SiFácil\Si-Facil\Controllers\Win32\Debug\cache\sifacil_exe\BxNdOwonfF10B3C9D8C\UBSGXQ220930212704442.png" [OS Error:5]
SiFacil.exe: 00001324: 17:48:27 []:Error deleting file: "D:\SiFácil\Si-Facil\Controllers\Win32\Debug\cache\sifacil_exe\BxNdOwonfF10B3C9D8C\VSHYFB220930212704442.png" [OS Error:5]
SiFacil.exe: 00001324: 17:48:27 []:Error deleting file: "D:\SiFácil\Si-Facil\Controllers\Win32\Debug\cache\sifacil_exe\BxNdOwonfF10B3C9D8C\WJTGEE220930212704442.png" [OS Error:5]
SiFacil.exe: 00001324: 17:48:27 []:Error deleting folder: "D:\SiFácil\Si-Facil\Controllers\Win32\Debug\cache\sifacil_exe\BxNdOwonfF10B3C9D8C\" [OS Error:145]
SiFacil.exe: 00001324: 17:48:27 []:Error deleting file: "D:\SiFácil\Si-Facil\Controllers\Win32\Debug\cache\sifacil_exe\EuIH7h54dp10B3C9E31\KMAQAT220930212703265.png" [OS Error:5]
SiFacil.exe: 00001324: 17:48:27 []:Error deleting file: "D:\SiFácil\Si-Facil\Controllers\Win32\Debug\cache\sifacil_exe\EuIH7h54dp10B3C9E31\LAYZJN220930212703265.png" [OS Error:5]
SiFacil.exe: 00001324: 17:48:27 []:Error deleting file: "D:\SiFácil\Si-Facil\Controllers\Win32\Debug\cache\sifacil_exe\EuIH7h54dp10B3C9E31\MSYPLX220930212703265.png" [OS Error:5]
SiFacil.exe: 00001324: 17:48:27 []:Error deleting file: "D:\SiFácil\Si-Facil\Controllers\Win32\Debug\cache\sifacil_exe\EuIH7h54dp10B3C9E31\TRBOEP220930212703265.png" [OS Error:5]
SiFacil.exe: 00001324: 17:48:27 []:Error deleting file: "D:\SiFácil\Si-Facil\Controllers\Win32\Debug\cache\sifacil_exe\EuIH7h54dp10B3C9E31\VYAYFE220930212703265.png" [OS Error:5]
SiFacil.exe: 00001324: 17:48:27 []:Error deleting file: "D:\SiFácil\Si-Facil\Controllers\Win32\Debug\cache\sifacil_exe\EuIH7h54dp10B3C9E31\WKAOTA220930212703265.png" [OS Error:5]
SiFacil.exe: 00001324: 17:48:27 []:Error deleting file: "D:\SiFácil\Si-Facil\Controllers\Win32\Debug\cache\sifacil_exe\EuIH7h54dp10B3C9E31\YLPAMK220930212703265.png" [OS Error:5]
SiFacil.exe: 00001324: 17:48:27 []:Error deleting folder: "D:\SiFácil\Si-Facil\Controllers\Win32\Debug\cache\sifacil_exe\EuIH7h54dp10B3C9E31\" [OS Error:145]
SiFacil.exe: 00001324: 17:48:27 []:Error deleting file: "D:\SiFácil\Si-Facil\Controllers\Win32\Debug\cache\sifacil_exe\orlQ7nlKUK10B4A1F3D\DSVLZA221009175039535.png" [OS Error:5]
SiFacil.exe: 00001324: 17:48:27 []:Error deleting file: "D:\SiFácil\Si-Facil\Controllers\Win32\Debug\cache\sifacil_exe\orlQ7nlKUK10B4A1F3D\HBJBGF221009175039535.png" [OS Error:5]
SiFacil.exe: 00001324: 17:48:27 []:Error deleting file: "D:\SiFácil\Si-Facil\Controllers\Win32\Debug\cache\sifacil_exe\orlQ7nlKUK10B4A1F3D\HICGHQ221009175039535.png" [OS Error:5]
SiFacil.exe: 00001324: 17:48:27 []:Error deleting file: "D:\SiFácil\Si-Facil\Controllers\Win32\Debug\cache\sifacil_exe\orlQ7nlKUK10B4A1F3D\KSUSXH221009175039535.png" [OS Error:5]
SiFacil.exe: 00001324: 17:48:27 []:Error deleting file: "D:\SiFácil\Si-Facil\Controllers\Win32\Debug\cache\sifacil_exe\orlQ7nlKUK10B4A1F3D\RADTND221009175039535.png" [OS Error:5]
SiFacil.exe: 00001324: 17:48:27 []:Error deleting file: "D:\SiFácil\Si-Facil\Controllers\Win32\Debug\cache\sifacil_exe\orlQ7nlKUK10B4A1F3D\REONJE221009175039535.png" [OS Error:5]
SiFacil.exe: 00001324: 17:48:27 []:Error deleting file: "D:\SiFácil\Si-Facil\Controllers\Win32\Debug\cache\sifacil_exe\orlQ7nlKUK10B4A1F3D\XDSLZK221009175039535.png" [OS Error:5]
SiFacil.exe: 00001324: 17:48:27 []:Error deleting folder: "D:\SiFácil\Si-Facil\Controllers\Win32\Debug\cache\sifacil_exe\orlQ7nlKUK10B4A1F3D\" [OS Error:145]
SiFacil.exe: 00001324: 17:48:27 []:Error deleting file: "D:\SiFácil\Si-Facil\Controllers\Win32\Debug\cache\sifacil_exe\res\__0D793CC11ACA91ED2843D567.png" [OS Error:5]
SiFacil.exe: 00001324: 17:48:27 []:Error deleting file: "D:\SiFácil\Si-Facil\Controllers\Win32\Debug\cache\sifacil_exe\res\__3F7F57AC57B3F503973356C7.png" [OS Error:5]
SiFacil.exe: 00001324: 17:48:27 []:Error deleting file: "D:\SiFácil\Si-Facil\Controllers\Win32\Debug\cache\sifacil_exe\res\__6D4B95677BB2D9E2E8FE776F.png" [OS Error:5]
SiFacil.exe: 00001324: 17:48:27 []:Error deleting file: "D:\SiFácil\Si-Facil\Controllers\Win32\Debug\cache\sifacil_exe\res\__74E35A3F1D828ED19265E674.png" [OS Error:5]
SiFacil.exe: 00001324: 17:48:27 []:Error deleting file: "D:\SiFácil\Si-Facil\Controllers\Win32\Debug\cache\sifacil_exe\res\__8CA59ECAA03C3E802CE21CC6.png" [OS Error:5]
SiFacil.exe: 00001324: 17:48:27 []:Error deleting file: "D:\SiFácil\Si-Facil\Controllers\Win32\Debug\cache\sifacil_exe\res\__9B946CE896C715A2325B7814.png" [OS Error:5]
SiFacil.exe: 00001324: 17:48:27 []:Error deleting file: "D:\SiFácil\Si-Facil\Controllers\Win32\Debug\cache\sifacil_exe\res\__BCB3DEA5EBCB6F37A87F5249.png" [OS Error:5]
SiFacil.exe: 00001324: 17:48:27 []:Error deleting file: "D:\SiFácil\Si-Facil\Controllers\Win32\Debug\cache\sifacil_exe\res\__C1B6C9AC1BCA3E4DDD81253D.png" [OS Error:5]
SiFacil.exe: 00001324: 17:48:27 []:Error deleting file: "D:\SiFácil\Si-Facil\Controllers\Win32\Debug\cache\sifacil_exe\res\__E04CDB0E7C67BF6E5D66E722.png" [OS Error:5]
SiFacil.exe: 00001324: 17:48:27 []:Error deleting file: "D:\SiFácil\Si-Facil\Controllers\Win32\Debug\cache\sifacil_exe\res\__F6CE4E7B02B9959FF98808EA.png" [OS Error:5]
SiFacil.exe: 00001324: 17:48:27 []:Error deleting folder: "D:\SiFácil\Si-Facil\Controllers\Win32\Debug\cache\sifacil_exe\res\" [OS Error:145]
SiFacil.exe: 00001324: 17:48:27 [TUniServerModule]:Global Cache Folder Erased. <11> Files deleted.
SiFacil.exe: 00001324: 17:48:27 [TUniServerModule]:Starting HTTP Server on Port: 8077...
SiFacil.exe: 00001324: 17:48:28 [TUniServerModule]:HTTP Server Started on Port: 8077
