SiFacil.exe: 000031E0: 22:14:46 []:>--------------------------------------------------------------<
SiFacil.exe: 000031E0: 22:14:46 [TUniServerModule]:Server First Init.
SiFacil.exe: 000031E0: 22:14:46 [TUniServerModule]:Debug Mode = ON
SiFacil.exe: 000031E0: 22:14:47 [TUniServerModule]:Global Cache Folder Erased. <7> Files deleted.
SiFacil.exe: 000031E0: 22:14:47 [TUniServerModule]:Starting HTTP Server on Port: 8077...
SiFacil.exe: 000031E0: 22:14:47 [TUniServerModule]:HTTP Server Started on Port: 8077
SiFacil.exe: 00000CB8: 22:24:19 []:>--------------------------------------------------------------<
SiFacil.exe: 00000CB8: 22:24:19 [TUniServerModule]:Server First Init.
SiFacil.exe: 00000CB8: 22:24:19 [TUniServerModule]:Debug Mode = ON
SiFacil.exe: 00000CB8: 22:24:19 [TUniServerModule]:Global Cache Folder Erased. <85> Files deleted.
SiFacil.exe: 00000CB8: 22:24:19 [TUniServerModule]:Starting HTTP Server on Port: 8077...
SiFacil.exe: 00000CB8: 22:24:19 [TUniServerModule]:HTTP Server Started on Port: 8077
SiFacil.exe: 00001CD0: 22:29:04 []:>--------------------------------------------------------------<
SiFacil.exe: 00001CD0: 22:29:04 [TUniServerModule]:Server First Init.
SiFacil.exe: 00001CD0: 22:29:04 [TUniServerModule]:Debug Mode = ON
SiFacil.exe: 00001CD0: 22:29:04 [TUniServerModule]:Global Cache Folder Erased. <11> Files deleted.
SiFacil.exe: 00001CD0: 22:29:04 [TUniServerModule]:Starting HTTP Server on Port: 8077...
SiFacil.exe: 00001CD0: 22:29:04 [TUniServerModule]:HTTP Server Started on Port: 8077
SiFacil.exe: 00001240: 22:32:32 []:>--------------------------------------------------------------<
SiFacil.exe: 00001240: 22:32:32 [TUniServerModule]:Server First Init.
SiFacil.exe: 00001240: 22:32:32 [TUniServerModule]:Debug Mode = ON
SiFacil.exe: 00001240: 22:32:32 [TUniServerModule]:Global Cache Folder Erased. <1> Files deleted.
SiFacil.exe: 00001240: 22:32:32 [TUniServerModule]:Starting HTTP Server on Port: 8077...
SiFacil.exe: 00001240: 22:32:32 [TUniServerModule]:HTTP Server Started on Port: 8077
SiFacil.exe: 00000424: 22:38:45 []:>--------------------------------------------------------------<
SiFacil.exe: 00000424: 22:38:45 [TUniServerModule]:Server First Init.
SiFacil.exe: 00000424: 22:38:45 [TUniServerModule]:Debug Mode = ON
SiFacil.exe: 00000424: 22:38:45 [TUniServerModule]:Global Cache Folder Erased. <11> Files deleted.
SiFacil.exe: 00000424: 22:38:45 [TUniServerModule]:Starting HTTP Server on Port: 8077...
SiFacil.exe: 00000424: 22:38:45 [TUniServerModule]:HTTP Server Started on Port: 8077
SiFacil.exe: 00003648: 22:54:54 []:>--------------------------------------------------------------<
SiFacil.exe: 00003648: 22:54:54 [TUniServerModule]:Server First Init.
SiFacil.exe: 00003648: 22:54:54 [TUniServerModule]:Debug Mode = ON
SiFacil.exe: 00003648: 22:54:54 [TUniServerModule]:Global Cache Folder Erased. <11> Files deleted.
SiFacil.exe: 00003648: 22:54:54 [TUniServerModule]:Starting HTTP Server on Port: 8077...
SiFacil.exe: 00003648: 22:54:54 [TUniServerModule]:HTTP Server Started on Port: 8077
SiFacil.exe: 00000D70: 23:24:22 []:>--------------------------------------------------------------<
SiFacil.exe: 00000D70: 23:24:22 [TUniServerModule]:Server First Init.
SiFacil.exe: 00000D70: 23:24:22 [TUniServerModule]:Debug Mode = ON
SiFacil.exe: 00000D70: 23:24:22 [TUniServerModule]:Global Cache Folder Erased. <11> Files deleted.
SiFacil.exe: 00000D70: 23:24:22 [TUniServerModule]:Starting HTTP Server on Port: 8077...
SiFacil.exe: 00000D70: 23:24:22 [TUniServerModule]:HTTP Server Started on Port: 8077
