SiFacil.exe: 000021A4: 08:39:20 []:>--------------------------------------------------------------<
SiFacil.exe: 000021A4: 08:39:20 [TUniServerModule]:Server First Init.
SiFacil.exe: 000021A4: 08:39:20 [TUniServerModule]:Debug Mode = ON
SiFacil.exe: 000021A4: 08:39:20 [TUniServerModule]:Global Cache Folder Erased. <22> Files deleted.
SiFacil.exe: 000021A4: 08:39:20 [TUniServerModule]:Starting HTTP Server on Port: 8077...
SiFacil.exe: 000021A4: 08:39:20 [TUniServerModule]:HTTP Server Started on Port: 8077
SiFacil.exe: 00000920: 08:41:09 []:>--------------------------------------------------------------<
SiFacil.exe: 00000920: 08:41:09 [TUniServerModule]:Server First Init.
SiFacil.exe: 00000920: 08:41:09 [TUniServerModule]:Debug Mode = ON
SiFacil.exe: 00000920: 08:41:09 [TUniServerModule]:Global Cache Folder Erased. <23> Files deleted.
SiFacil.exe: 00000920: 08:41:09 [TUniServerModule]:Starting HTTP Server on Port: 8077...
SiFacil.exe: 00000920: 08:41:09 [TUniServerModule]:HTTP Server Started on Port: 8077
SiFacil.exe: 00000B20: 08:41:16 [127.0.0.1]:EUniSessionException : Invalid session or session Timeout. : Addr: $00791D57
SiFacil.exe: 00001F24: 08:52:46 []:>--------------------------------------------------------------<
SiFacil.exe: 00001F24: 08:52:46 [TUniServerModule]:Server First Init.
SiFacil.exe: 00001F24: 08:52:46 [TUniServerModule]:Debug Mode = ON
SiFacil.exe: 00001F24: 08:52:46 [TUniServerModule]:Global Cache Folder Erased. <21> Files deleted.
SiFacil.exe: 00001F24: 08:52:46 [TUniServerModule]:Starting HTTP Server on Port: 8077...
SiFacil.exe: 00001F24: 08:52:46 [TUniServerModule]:HTTP Server Started on Port: 8077
SiFacil.exe: 00001F2C: 08:52:46 [127.0.0.1]:EUniSessionException : Invalid session or session Timeout. : Addr: $00794143
SiFacil.exe: 00002B14: 08:57:32 []:>--------------------------------------------------------------<
SiFacil.exe: 00002B14: 08:57:32 [TUniServerModule]:Server First Init.
SiFacil.exe: 00002B14: 08:57:32 [TUniServerModule]:Debug Mode = ON
SiFacil.exe: 00002B14: 08:57:32 [TUniServerModule]:Global Cache Folder Erased. <21> Files deleted.
SiFacil.exe: 00002B14: 08:57:32 [TUniServerModule]:Starting HTTP Server on Port: 8077...
SiFacil.exe: 00002B14: 08:57:32 [TUniServerModule]:HTTP Server Started on Port: 8077
SiFacil.exe: 00002338: 08:57:42 [127.0.0.1]:EUniSessionException : Invalid session or session Timeout. : Addr: $00794143
SiFacil.exe: 000021E0: 09:01:40 []:>--------------------------------------------------------------<
SiFacil.exe: 000021E0: 09:01:40 [TUniServerModule]:Server First Init.
SiFacil.exe: 000021E0: 09:01:40 [TUniServerModule]:Debug Mode = ON
SiFacil.exe: 000021E0: 09:01:40 [TUniServerModule]:Global Cache Folder Erased. <21> Files deleted.
SiFacil.exe: 000021E0: 09:01:40 [TUniServerModule]:Starting HTTP Server on Port: 8077...
SiFacil.exe: 000021E0: 09:01:40 [TUniServerModule]:HTTP Server Started on Port: 8077
SiFacil.exe: 00001DF8: 09:01:59 [127.0.0.1]:EUniSessionException : Invalid session or session Timeout. : Addr: $00794143
SiFacil.exe: 00001ED4: 09:09:57 [HandleFileRequest[127.0.0.1]]:File not found: D:\SiFácil\Si-Facil\Controllers\Win32\Debug\favicon.ico
SiFacil.exe: 0000300C: 09:29:42 []:>--------------------------------------------------------------<
SiFacil.exe: 0000300C: 09:29:42 [TUniServerModule]:Server First Init.
SiFacil.exe: 0000300C: 09:29:42 [TUniServerModule]:Debug Mode = ON
SiFacil.exe: 0000300C: 09:29:42 [TUniServerModule]:Global Cache Folder Erased. <45> Files deleted.
SiFacil.exe: 0000300C: 09:29:42 [TUniServerModule]:Starting HTTP Server on Port: 8077...
SiFacil.exe: 0000300C: 09:29:42 [TUniServerModule]:HTTP Server Started on Port: 8077
SiFacil.exe: 00000CB0: 09:29:42 [127.0.0.1]:EUniSessionException : Invalid session or session Timeout. : Addr: $00794143
SiFacil.exe: 000030D8: 09:30:46 [127.0.0.1]:EUniSessionException : Invalid session or session Timeout. : Addr: $00794143
SiFacil.exe: 00000898: 09:30:46 [127.0.0.1]:EUniSessionException : Invalid session or session Timeout. : Addr: $00794143
SiFacil.exe: 00002344: 09:51:52 []:>--------------------------------------------------------------<
SiFacil.exe: 00002344: 09:51:52 [TUniServerModule]:Server First Init.
SiFacil.exe: 00002344: 09:51:52 [TUniServerModule]:Debug Mode = ON
SiFacil.exe: 00002344: 09:51:52 [TUniServerModule]:Global Cache Folder Erased. <36> Files deleted.
SiFacil.exe: 00002344: 09:51:52 [TUniServerModule]:Starting HTTP Server on Port: 8077...
SiFacil.exe: 00002344: 09:51:52 [TUniServerModule]:HTTP Server Started on Port: 8077
SiFacil.exe: 0000048C: 09:52:09 [127.0.0.1]:EUniSessionException : Invalid session or session Timeout. : Addr: $00794143
SiFacil.exe: 00001428: 09:54:07 []:>--------------------------------------------------------------<
SiFacil.exe: 00001428: 09:54:07 [TUniServerModule]:Server First Init.
SiFacil.exe: 00001428: 09:54:07 [TUniServerModule]:Debug Mode = ON
SiFacil.exe: 00001428: 09:54:07 [TUniServerModule]:Global Cache Folder Erased. <22> Files deleted.
SiFacil.exe: 00001428: 09:54:07 [TUniServerModule]:Starting HTTP Server on Port: 8077...
SiFacil.exe: 00001428: 09:54:07 [TUniServerModule]:HTTP Server Started on Port: 8077
SiFacil.exe: 00002764: 09:54:24 [127.0.0.1]:EUniSessionException : Invalid session or session Timeout. : Addr: $00794143
SiFacil.exe: 0000202C: 09:58:30 []:>--------------------------------------------------------------<
SiFacil.exe: 0000202C: 09:58:30 [TUniServerModule]:Server First Init.
SiFacil.exe: 0000202C: 09:58:30 [TUniServerModule]:Debug Mode = ON
SiFacil.exe: 0000202C: 09:58:30 [TUniServerModule]:Global Cache Folder Erased. <22> Files deleted.
SiFacil.exe: 0000202C: 09:58:30 [TUniServerModule]:Starting HTTP Server on Port: 8077...
SiFacil.exe: 0000202C: 09:58:30 [TUniServerModule]:HTTP Server Started on Port: 8077
SiFacil.exe: 00000574: 09:58:47 [127.0.0.1]:EUniSessionException : Invalid session or session Timeout. : Addr: $00794143
SiFacil.exe: 000007E4: 10:05:44 []:EAccessViolation : Access violation at address 00799384 in module 'SiFacil.exe'. Read of address 00000008 : Addr: $00799384
SiFacil.exe: 000007E4: 10:05:44 [TUniServerModule]:Access violation at address 00799384 in module 'SiFacil.exe'. Read of address 00000008
SiFacil.exe: 000007E4: 10:05:44 [TUniServerModule]:Server Shutdown Completed.
SiFacil.exe: 000007E4: 10:05:44 []:<-------------------------------------------------------------->
SiFacil.exe: 000007E4: 10:05:47 [Terminated]:Exit Code: 1
SiFacil.exe: 00003574: 10:06:06 []:EAccessViolation : Access violation at address 00799384 in module 'SiFacil.exe'. Read of address 00000008 : Addr: $00799384
SiFacil.exe: 00003574: 10:06:06 [TUniServerModule]:Access violation at address 00799384 in module 'SiFacil.exe'. Read of address 00000008
SiFacil.exe: 00003574: 10:06:06 [TUniServerModule]:Server Shutdown Completed.
SiFacil.exe: 00003574: 10:06:06 []:<-------------------------------------------------------------->
SiFacil.exe: 00003574: 10:06:13 [Terminated]:Exit Code: 1
SiFacil.exe: 000017E4: 10:11:03 []:EAccessViolation : Access violation at address 00799384 in module 'SiFacil.exe'. Read of address 00000008 : Addr: $00799384
SiFacil.exe: 000017E4: 10:11:03 [TUniServerModule]:Access violation at address 00799384 in module 'SiFacil.exe'. Read of address 00000008
SiFacil.exe: 000017E4: 10:11:03 [TUniServerModule]:Server Shutdown Completed.
SiFacil.exe: 000017E4: 10:11:03 []:<-------------------------------------------------------------->
SiFacil.exe: 000017E4: 10:11:05 [Terminated]:Exit Code: 1
SiFacil.exe: 00003200: 11:16:31 []:EAccessViolation : Access violation at address 00799384 in module 'SiFacil.exe'. Read of address 00000008 : Addr: $00799384
SiFacil.exe: 00003200: 11:16:31 [TUniServerModule]:Access violation at address 00799384 in module 'SiFacil.exe'. Read of address 00000008
SiFacil.exe: 00003200: 11:16:31 [TUniServerModule]:Server Shutdown Completed.
SiFacil.exe: 00003200: 11:16:31 []:<-------------------------------------------------------------->
SiFacil.exe: 00003200: 11:16:32 [Terminated]:Exit Code: 1
SiFacil.exe: 00003644: 11:26:26 []:EAccessViolation : Access violation at address 00799384 in module 'SiFacil.exe'. Read of address 00000008 : Addr: $00799384
SiFacil.exe: 00003644: 11:26:26 [TUniServerModule]:Access violation at address 00799384 in module 'SiFacil.exe'. Read of address 00000008
SiFacil.exe: 00003644: 11:26:26 [TUniServerModule]:Server Shutdown Completed.
SiFacil.exe: 00003644: 11:26:26 []:<-------------------------------------------------------------->
SiFacil.exe: 00003644: 11:26:27 [Terminated]:Exit Code: 1
SiFacil.exe: 00002E78: 11:27:02 []:>--------------------------------------------------------------<
SiFacil.exe: 00002E78: 11:27:02 [TUniServerModule]:Server First Init.
SiFacil.exe: 00002E78: 11:27:02 [TUniServerModule]:Debug Mode = ON
SiFacil.exe: 00002E78: 11:27:02 [TUniServerModule]:Starting HTTP Server on Port: 8077...
SiFacil.exe: 00002E78: 11:27:02 [TUniServerModule]:HTTP Server Started on Port: 8077
SiFacil.exe: 0000315C: 12:48:00 []:>--------------------------------------------------------------<
SiFacil.exe: 0000315C: 12:48:00 [TUniServerModule]:Server First Init.
SiFacil.exe: 0000315C: 12:48:00 [TUniServerModule]:Debug Mode = ON
SiFacil.exe: 0000315C: 12:48:00 [TUniServerModule]:Global Cache Folder Erased. <11> Files deleted.
SiFacil.exe: 0000315C: 12:48:00 [TUniServerModule]:Starting HTTP Server on Port: 8077...
SiFacil.exe: 0000315C: 12:48:00 [TUniServerModule]:HTTP Server Started on Port: 8077
SiFacil.exe: 00002CD0: 12:48:22 [127.0.0.1]:EUniSessionException : Invalid session or session Timeout. : Addr: $00794143
SiFacil.exe: 00002D00: 12:51:20 []:>--------------------------------------------------------------<
SiFacil.exe: 00002D00: 12:51:20 [TUniServerModule]:Server First Init.
SiFacil.exe: 00002D00: 12:51:20 [TUniServerModule]:Debug Mode = ON
SiFacil.exe: 00002D00: 12:51:20 [TUniServerModule]:Global Cache Folder Erased. <23> Files deleted.
SiFacil.exe: 00002D00: 12:51:20 [TUniServerModule]:Starting HTTP Server on Port: 8077...
SiFacil.exe: 00002D00: 12:51:20 [TUniServerModule]:HTTP Server Started on Port: 8077
SiFacil.exe: 00002118: 12:51:32 [127.0.0.1]:EUniSessionException : Invalid session or session Timeout. : Addr: $00794143
SiFacil.exe: 000004A0: 12:55:07 []:>--------------------------------------------------------------<
SiFacil.exe: 000004A0: 12:55:07 [TUniServerModule]:Server First Init.
SiFacil.exe: 000004A0: 12:55:07 [TUniServerModule]:Debug Mode = ON
SiFacil.exe: 000004A0: 12:55:07 [TUniServerModule]:Global Cache Folder Erased. <22> Files deleted.
SiFacil.exe: 000004A0: 12:55:07 [TUniServerModule]:Starting HTTP Server on Port: 8077...
SiFacil.exe: 000004A0: 12:55:07 [TUniServerModule]:HTTP Server Started on Port: 8077
SiFacil.exe: 00000A10: 12:55:20 [127.0.0.1]:EUniSessionException : Invalid session or session Timeout. : Addr: $00794143
SiFacil.exe: 00000DC4: 13:05:23 []:>--------------------------------------------------------------<
SiFacil.exe: 00000DC4: 13:05:23 [TUniServerModule]:Server First Init.
SiFacil.exe: 00000DC4: 13:05:23 [TUniServerModule]:Debug Mode = ON
SiFacil.exe: 00000DC4: 13:05:23 [TUniServerModule]:Global Cache Folder Erased. <22> Files deleted.
SiFacil.exe: 00000DC4: 13:05:23 [TUniServerModule]:Starting HTTP Server on Port: 8077...
SiFacil.exe: 00000DC4: 13:05:23 [TUniServerModule]:HTTP Server Started on Port: 8077
SiFacil.exe: 000024E8: 13:05:33 [127.0.0.1]:EUniSessionException : Invalid session or session Timeout. : Addr: $00794143
SiFacil.exe: 00001DF8: 13:09:07 []:>--------------------------------------------------------------<
SiFacil.exe: 00001DF8: 13:09:07 [TUniServerModule]:Server First Init.
SiFacil.exe: 00001DF8: 13:09:07 [TUniServerModule]:Debug Mode = ON
SiFacil.exe: 00001DF8: 13:09:07 [TUniServerModule]:Global Cache Folder Erased. <22> Files deleted.
SiFacil.exe: 00001DF8: 13:09:07 [TUniServerModule]:Starting HTTP Server on Port: 8077...
SiFacil.exe: 00001DF8: 13:09:07 [TUniServerModule]:HTTP Server Started on Port: 8077
SiFacil.exe: 00002104: 13:09:23 [127.0.0.1]:EUniSessionException : Invalid session or session Timeout. : Addr: $00794143
SiFacil.exe: 00001BC4: 13:35:53 []:>--------------------------------------------------------------<
SiFacil.exe: 00001BC4: 13:35:53 [TUniServerModule]:Server First Init.
SiFacil.exe: 00001BC4: 13:35:53 [TUniServerModule]:Debug Mode = ON
SiFacil.exe: 00001BC4: 13:35:53 [TUniServerModule]:Global Cache Folder Erased. <22> Files deleted.
SiFacil.exe: 00001BC4: 13:35:53 [TUniServerModule]:Starting HTTP Server on Port: 8077...
SiFacil.exe: 00001BC4: 13:35:53 [TUniServerModule]:HTTP Server Started on Port: 8077
SiFacil.exe: 000013F0: 13:35:54 [127.0.0.1]:EUniSessionException : Invalid session or session Timeout. : Addr: $00794143
SiFacil.exe: 00002680: 13:36:50 []:>--------------------------------------------------------------<
SiFacil.exe: 00002680: 13:36:50 [TUniServerModule]:Server First Init.
SiFacil.exe: 00002680: 13:36:50 [TUniServerModule]:Debug Mode = ON
SiFacil.exe: 00002680: 13:36:50 [TUniServerModule]:Global Cache Folder Erased. <22> Files deleted.
SiFacil.exe: 00002680: 13:36:50 [TUniServerModule]:Starting HTTP Server on Port: 8077...
SiFacil.exe: 00002680: 13:36:50 [TUniServerModule]:HTTP Server Started on Port: 8077
SiFacil.exe: 00000BDC: 13:36:57 [127.0.0.1]:EUniSessionException : Invalid session or session Timeout. : Addr: $00794143
SiFacil.exe: 00002614: 13:39:01 []:>--------------------------------------------------------------<
SiFacil.exe: 00002614: 13:39:01 [TUniServerModule]:Server First Init.
SiFacil.exe: 00002614: 13:39:01 [TUniServerModule]:Debug Mode = ON
SiFacil.exe: 00002614: 13:39:01 [TUniServerModule]:Global Cache Folder Erased. <22> Files deleted.
SiFacil.exe: 00002614: 13:39:01 [TUniServerModule]:Starting HTTP Server on Port: 8077...
SiFacil.exe: 00002614: 13:39:01 [TUniServerModule]:HTTP Server Started on Port: 8077
SiFacil.exe: 00002DFC: 13:39:08 [127.0.0.1]:EUniSessionException : Invalid session or session Timeout. : Addr: $00794143
SiFacil.exe: 00000504: 13:41:53 []:>--------------------------------------------------------------<
SiFacil.exe: 00000504: 13:41:53 [TUniServerModule]:Server First Init.
SiFacil.exe: 00000504: 13:41:53 [TUniServerModule]:Debug Mode = ON
SiFacil.exe: 00000504: 13:41:53 [TUniServerModule]:Global Cache Folder Erased. <22> Files deleted.
SiFacil.exe: 00000504: 13:41:53 [TUniServerModule]:Starting HTTP Server on Port: 8077...
SiFacil.exe: 00000504: 13:41:53 [TUniServerModule]:HTTP Server Started on Port: 8077
SiFacil.exe: 00000020: 13:41:59 [127.0.0.1]:EUniSessionException : Invalid session or session Timeout. : Addr: $00794143
SiFacil.exe: 000023A8: 14:20:54 []:>--------------------------------------------------------------<
SiFacil.exe: 000023A8: 14:20:54 [TUniServerModule]:Server First Init.
SiFacil.exe: 000023A8: 14:20:54 [TUniServerModule]:Debug Mode = ON
SiFacil.exe: 000023A8: 14:20:54 [TUniServerModule]:Global Cache Folder Erased. <22> Files deleted.
SiFacil.exe: 000023A8: 14:20:54 [TUniServerModule]:Starting HTTP Server on Port: 8077...
SiFacil.exe: 000023A8: 14:20:54 [TUniServerModule]:HTTP Server Started on Port: 8077
SiFacil.exe: 000036CC: 14:20:57 [127.0.0.1]:EUniSessionException : Invalid session or session Timeout. : Addr: $00794143
SiFacil.exe: 000006DC: 14:24:21 []:>--------------------------------------------------------------<
SiFacil.exe: 000006DC: 14:24:21 [TUniServerModule]:Server First Init.
SiFacil.exe: 000006DC: 14:24:21 [TUniServerModule]:Debug Mode = ON
SiFacil.exe: 000006DC: 14:24:21 [TUniServerModule]:Global Cache Folder Erased. <23> Files deleted.
SiFacil.exe: 000006DC: 14:24:21 [TUniServerModule]:Starting HTTP Server on Port: 8077...
SiFacil.exe: 000006DC: 14:24:21 [TUniServerModule]:HTTP Server Started on Port: 8077
SiFacil.exe: 00001D18: 14:24:36 [127.0.0.1]:EUniSessionException : Invalid session or session Timeout. : Addr: $00794143
SiFacil.exe: 00002E84: 14:25:43 []:>--------------------------------------------------------------<
SiFacil.exe: 00002E84: 14:25:43 [TUniServerModule]:Server First Init.
SiFacil.exe: 00002E84: 14:25:43 [TUniServerModule]:Debug Mode = ON
SiFacil.exe: 00002E84: 14:25:43 [TUniServerModule]:Global Cache Folder Erased. <22> Files deleted.
SiFacil.exe: 00002E84: 14:25:43 [TUniServerModule]:Starting HTTP Server on Port: 8077...
SiFacil.exe: 00002E84: 14:25:43 [TUniServerModule]:HTTP Server Started on Port: 8077
SiFacil.exe: 000001F4: 14:25:55 [127.0.0.1]:EUniSessionException : Invalid session or session Timeout. : Addr: $00794143
SiFacil.exe: 00000978: 14:42:17 [127.0.0.1]:EUniSessionException : Invalid session or session Timeout. : Addr: $00794143
SiFacil.exe: 00001754: 14:48:14 []:>--------------------------------------------------------------<
SiFacil.exe: 00001754: 14:48:14 [TUniServerModule]:Server First Init.
SiFacil.exe: 00001754: 14:48:14 [TUniServerModule]:Debug Mode = ON
SiFacil.exe: 00001754: 14:48:14 [TUniServerModule]:Global Cache Folder Erased. <11> Files deleted.
SiFacil.exe: 00001754: 14:48:14 [TUniServerModule]:Starting HTTP Server on Port: 8077...
SiFacil.exe: 00001754: 14:48:14 [TUniServerModule]:HTTP Server Started on Port: 8077
SiFacil.exe: 00001F24: 15:05:06 []:>--------------------------------------------------------------<
SiFacil.exe: 00001F24: 15:05:06 [TUniServerModule]:Server First Init.
SiFacil.exe: 00001F24: 15:05:06 [TUniServerModule]:Debug Mode = ON
SiFacil.exe: 00001F24: 15:05:06 [TUniServerModule]:Global Cache Folder Erased. <23> Files deleted.
SiFacil.exe: 00001F24: 15:05:06 [TUniServerModule]:Starting HTTP Server on Port: 8077...
SiFacil.exe: 00001F24: 15:05:06 [TUniServerModule]:HTTP Server Started on Port: 8077
SiFacil.exe: 00000D4C: 15:05:07 [127.0.0.1]:EUniSessionException : Invalid session or session Timeout. : Addr: $00794143
SiFacil.exe: 00001984: 15:06:53 []:>--------------------------------------------------------------<
SiFacil.exe: 00001984: 15:06:53 [TUniServerModule]:Server First Init.
SiFacil.exe: 00001984: 15:06:53 [TUniServerModule]:Debug Mode = ON
SiFacil.exe: 00001984: 15:06:53 [TUniServerModule]:Global Cache Folder Erased. <22> Files deleted.
SiFacil.exe: 00001984: 15:06:53 [TUniServerModule]:Starting HTTP Server on Port: 8077...
SiFacil.exe: 00001984: 15:06:53 [TUniServerModule]:HTTP Server Started on Port: 8077
SiFacil.exe: 00001630: 15:07:09 [127.0.0.1]:EUniSessionException : Invalid session or session Timeout. : Addr: $00794143
SiFacil.exe: 000030C4: 15:13:47 []:>--------------------------------------------------------------<
SiFacil.exe: 000030C4: 15:13:47 [TUniServerModule]:Server First Init.
SiFacil.exe: 000030C4: 15:13:47 [TUniServerModule]:Debug Mode = ON
SiFacil.exe: 000030C4: 15:13:47 [TUniServerModule]:Global Cache Folder Erased. <22> Files deleted.
SiFacil.exe: 000030C4: 15:13:47 [TUniServerModule]:Starting HTTP Server on Port: 8077...
SiFacil.exe: 000030C4: 15:13:47 [TUniServerModule]:HTTP Server Started on Port: 8077
SiFacil.exe: 00002344: 15:14:01 [127.0.0.1]:EUniSessionException : Invalid session or session Timeout. : Addr: $00794143
SiFacil.exe: 000021A4: 17:04:11 []:>--------------------------------------------------------------<
SiFacil.exe: 000021A4: 17:04:11 [TUniServerModule]:Server First Init.
SiFacil.exe: 000021A4: 17:04:11 [TUniServerModule]:Debug Mode = ON
SiFacil.exe: 000021A4: 17:04:11 [TUniServerModule]:Global Cache Folder Erased. <22> Files deleted.
SiFacil.exe: 000021A4: 17:04:11 [TUniServerModule]:Starting HTTP Server on Port: 8077...
SiFacil.exe: 000021A4: 17:04:11 [TUniServerModule]:HTTP Server Started on Port: 8077
SiFacil.exe: 00000760: 17:49:14 [127.0.0.1]:EUniSessionException : Invalid session or session Timeout. : Addr: $00794143
SiFacil.exe: 00001EA8: 17:54:39 []:>--------------------------------------------------------------<
SiFacil.exe: 00001EA8: 17:54:39 [TUniServerModule]:Server First Init.
SiFacil.exe: 00001EA8: 17:54:39 [TUniServerModule]:Debug Mode = ON
SiFacil.exe: 00001EA8: 17:54:39 [TUniServerModule]:Global Cache Folder Erased. <11> Files deleted.
SiFacil.exe: 00001EA8: 17:54:39 [TUniServerModule]:Starting HTTP Server on Port: 8077...
SiFacil.exe: 00001EA8: 17:54:39 [TUniServerModule]:HTTP Server Started on Port: 8077
SiFacil.exe: 00003394: 21:57:11 []:>--------------------------------------------------------------<
SiFacil.exe: 00003394: 21:57:11 [TUniServerModule]:Server First Init.
SiFacil.exe: 00003394: 21:57:11 [TUniServerModule]:Debug Mode = ON
SiFacil.exe: 00003394: 21:57:11 [TUniServerModule]:Global Cache Folder Erased. <22> Files deleted.
SiFacil.exe: 00003394: 21:57:11 [TUniServerModule]:Starting HTTP Server on Port: 8077...
SiFacil.exe: 00003394: 21:57:11 [TUniServerModule]:HTTP Server Started on Port: 8077
SiFacil.exe: 000030D4: 22:08:55 []:>--------------------------------------------------------------<
SiFacil.exe: 000030D4: 22:08:55 [TUniServerModule]:Server First Init.
SiFacil.exe: 000030D4: 22:08:55 [TUniServerModule]:Debug Mode = ON
SiFacil.exe: 000030D4: 22:08:55 [TUniServerModule]:Global Cache Folder Erased. <22> Files deleted.
SiFacil.exe: 000030D4: 22:08:55 [TUniServerModule]:Starting HTTP Server on Port: 8077...
SiFacil.exe: 000030D4: 22:08:55 [TUniServerModule]:HTTP Server Started on Port: 8077
SiFacil.exe: 00002538: 22:09:04 [127.0.0.1]:EUniSessionException : Invalid session or session Timeout. : Addr: $00794143
SiFacil.exe: 00001664: 22:24:01 [127.0.0.1]:EUniSessionException : Invalid session or session Timeout. : Addr: $00794143
SiFacil.exe: 00000670: 22:35:01 []:>--------------------------------------------------------------<
SiFacil.exe: 00000670: 22:35:01 [TUniServerModule]:Server First Init.
SiFacil.exe: 00000670: 22:35:01 [TUniServerModule]:Debug Mode = ON
SiFacil.exe: 00000670: 22:35:01 [TUniServerModule]:Global Cache Folder Erased. <22> Files deleted.
SiFacil.exe: 00000670: 22:35:01 [TUniServerModule]:Starting HTTP Server on Port: 8077...
SiFacil.exe: 00000670: 22:35:01 [TUniServerModule]:HTTP Server Started on Port: 8077
SiFacil.exe: 00002D4C: 23:02:00 []:>--------------------------------------------------------------<
SiFacil.exe: 00002D4C: 23:02:00 [TUniServerModule]:Server First Init.
SiFacil.exe: 00002D4C: 23:02:00 [TUniServerModule]:Debug Mode = ON
SiFacil.exe: 00002D4C: 23:02:00 [TUniServerModule]:Global Cache Folder Erased. <22> Files deleted.
SiFacil.exe: 00002D4C: 23:02:00 [TUniServerModule]:Starting HTTP Server on Port: 8077...
SiFacil.exe: 00002D4C: 23:02:00 [TUniServerModule]:HTTP Server Started on Port: 8077
SiFacil.exe: 0000203C: 23:02:11 [127.0.0.1]:EUniSessionException : Invalid session or session Timeout. : Addr: $00794143
SiFacil.exe: 00001470: 23:04:08 []:>--------------------------------------------------------------<
SiFacil.exe: 00001470: 23:04:08 [TUniServerModule]:Server First Init.
SiFacil.exe: 00001470: 23:04:08 [TUniServerModule]:Debug Mode = ON
SiFacil.exe: 00001470: 23:04:08 [TUniServerModule]:Global Cache Folder Erased. <22> Files deleted.
SiFacil.exe: 00001470: 23:04:08 [TUniServerModule]:Starting HTTP Server on Port: 8077...
SiFacil.exe: 00001470: 23:04:08 [TUniServerModule]:HTTP Server Started on Port: 8077
SiFacil.exe: 000030C8: 23:04:11 [127.0.0.1]:EUniSessionException : Invalid session or session Timeout. : Addr: $00794143
