SiFacil.exe: 000037EC: 08:46:27 []:>--------------------------------------------------------------<
SiFacil.exe: 000037EC: 08:46:27 [TUniServerModule]:Server First Init.
SiFacil.exe: 000037EC: 08:46:27 [TUniServerModule]:Debug Mode = ON
SiFacil.exe: 000037EC: 08:46:27 []:Error deleting file: "D:\SiFácil\Si-Facil\Controllers\Win32\Debug\cache\sifacil_exe\BxNdOwonfF10B3C9D8C\FRKVRY220930212704442.png" [OS Error:5]
SiFacil.exe: 000037EC: 08:46:27 []:Error deleting file: "D:\SiFácil\Si-Facil\Controllers\Win32\Debug\cache\sifacil_exe\BxNdOwonfF10B3C9D8C\JJDIYL220930212704442.png" [OS Error:5]
SiFacil.exe: 000037EC: 08:46:27 []:Error deleting file: "D:\SiFácil\Si-Facil\Controllers\Win32\Debug\cache\sifacil_exe\BxNdOwonfF10B3C9D8C\NSGAKE220930212704442.png" [OS Error:5]
SiFacil.exe: 000037EC: 08:46:27 []:Error deleting file: "D:\SiFácil\Si-Facil\Controllers\Win32\Debug\cache\sifacil_exe\BxNdOwonfF10B3C9D8C\POPFRH220930212704442.png" [OS Error:5]
SiFacil.exe: 000037EC: 08:46:27 []:Error deleting file: "D:\SiFácil\Si-Facil\Controllers\Win32\Debug\cache\sifacil_exe\BxNdOwonfF10B3C9D8C\UBSGXQ220930212704442.png" [OS Error:5]
SiFacil.exe: 000037EC: 08:46:27 []:Error deleting file: "D:\SiFácil\Si-Facil\Controllers\Win32\Debug\cache\sifacil_exe\BxNdOwonfF10B3C9D8C\VSHYFB220930212704442.png" [OS Error:5]
SiFacil.exe: 000037EC: 08:46:27 []:Error deleting file: "D:\SiFácil\Si-Facil\Controllers\Win32\Debug\cache\sifacil_exe\BxNdOwonfF10B3C9D8C\WJTGEE220930212704442.png" [OS Error:5]
SiFacil.exe: 000037EC: 08:46:27 []:Error deleting folder: "D:\SiFácil\Si-Facil\Controllers\Win32\Debug\cache\sifacil_exe\BxNdOwonfF10B3C9D8C\" [OS Error:145]
SiFacil.exe: 000037EC: 08:46:27 []:Error deleting file: "D:\SiFácil\Si-Facil\Controllers\Win32\Debug\cache\sifacil_exe\EuIH7h54dp10B3C9E31\KMAQAT220930212703265.png" [OS Error:5]
SiFacil.exe: 000037EC: 08:46:27 []:Error deleting file: "D:\SiFácil\Si-Facil\Controllers\Win32\Debug\cache\sifacil_exe\EuIH7h54dp10B3C9E31\LAYZJN220930212703265.png" [OS Error:5]
SiFacil.exe: 000037EC: 08:46:27 []:Error deleting file: "D:\SiFácil\Si-Facil\Controllers\Win32\Debug\cache\sifacil_exe\EuIH7h54dp10B3C9E31\MSYPLX220930212703265.png" [OS Error:5]
SiFacil.exe: 000037EC: 08:46:27 []:Error deleting file: "D:\SiFácil\Si-Facil\Controllers\Win32\Debug\cache\sifacil_exe\EuIH7h54dp10B3C9E31\TRBOEP220930212703265.png" [OS Error:5]
SiFacil.exe: 000037EC: 08:46:27 []:Error deleting file: "D:\SiFácil\Si-Facil\Controllers\Win32\Debug\cache\sifacil_exe\EuIH7h54dp10B3C9E31\VYAYFE220930212703265.png" [OS Error:5]
SiFacil.exe: 000037EC: 08:46:27 []:Error deleting file: "D:\SiFácil\Si-Facil\Controllers\Win32\Debug\cache\sifacil_exe\EuIH7h54dp10B3C9E31\WKAOTA220930212703265.png" [OS Error:5]
SiFacil.exe: 000037EC: 08:46:27 []:Error deleting file: "D:\SiFácil\Si-Facil\Controllers\Win32\Debug\cache\sifacil_exe\EuIH7h54dp10B3C9E31\YLPAMK220930212703265.png" [OS Error:5]
SiFacil.exe: 000037EC: 08:46:27 []:Error deleting folder: "D:\SiFácil\Si-Facil\Controllers\Win32\Debug\cache\sifacil_exe\EuIH7h54dp10B3C9E31\" [OS Error:145]
SiFacil.exe: 000037EC: 08:46:27 []:Error deleting file: "D:\SiFácil\Si-Facil\Controllers\Win32\Debug\cache\sifacil_exe\orlQ7nlKUK10B4A1F3D\DSVLZA221009175039535.png" [OS Error:5]
SiFacil.exe: 000037EC: 08:46:27 []:Error deleting file: "D:\SiFácil\Si-Facil\Controllers\Win32\Debug\cache\sifacil_exe\orlQ7nlKUK10B4A1F3D\HBJBGF221009175039535.png" [OS Error:5]
SiFacil.exe: 000037EC: 08:46:27 []:Error deleting file: "D:\SiFácil\Si-Facil\Controllers\Win32\Debug\cache\sifacil_exe\orlQ7nlKUK10B4A1F3D\HICGHQ221009175039535.png" [OS Error:5]
SiFacil.exe: 000037EC: 08:46:27 []:Error deleting file: "D:\SiFácil\Si-Facil\Controllers\Win32\Debug\cache\sifacil_exe\orlQ7nlKUK10B4A1F3D\KSUSXH221009175039535.png" [OS Error:5]
SiFacil.exe: 000037EC: 08:46:27 []:Error deleting file: "D:\SiFácil\Si-Facil\Controllers\Win32\Debug\cache\sifacil_exe\orlQ7nlKUK10B4A1F3D\RADTND221009175039535.png" [OS Error:5]
SiFacil.exe: 000037EC: 08:46:27 []:Error deleting file: "D:\SiFácil\Si-Facil\Controllers\Win32\Debug\cache\sifacil_exe\orlQ7nlKUK10B4A1F3D\REONJE221009175039535.png" [OS Error:5]
SiFacil.exe: 000037EC: 08:46:27 []:Error deleting file: "D:\SiFácil\Si-Facil\Controllers\Win32\Debug\cache\sifacil_exe\orlQ7nlKUK10B4A1F3D\XDSLZK221009175039535.png" [OS Error:5]
SiFacil.exe: 000037EC: 08:46:27 []:Error deleting folder: "D:\SiFácil\Si-Facil\Controllers\Win32\Debug\cache\sifacil_exe\orlQ7nlKUK10B4A1F3D\" [OS Error:145]
SiFacil.exe: 000037EC: 08:46:27 []:Error deleting file: "D:\SiFácil\Si-Facil\Controllers\Win32\Debug\cache\sifacil_exe\res\__0D793CC11ACA91ED2843D567.png" [OS Error:5]
SiFacil.exe: 000037EC: 08:46:27 []:Error deleting file: "D:\SiFácil\Si-Facil\Controllers\Win32\Debug\cache\sifacil_exe\res\__3F7F57AC57B3F503973356C7.png" [OS Error:5]
SiFacil.exe: 000037EC: 08:46:27 []:Error deleting file: "D:\SiFácil\Si-Facil\Controllers\Win32\Debug\cache\sifacil_exe\res\__6D4B95677BB2D9E2E8FE776F.png" [OS Error:5]
SiFacil.exe: 000037EC: 08:46:27 []:Error deleting file: "D:\SiFácil\Si-Facil\Controllers\Win32\Debug\cache\sifacil_exe\res\__74E35A3F1D828ED19265E674.png" [OS Error:5]
SiFacil.exe: 000037EC: 08:46:27 []:Error deleting file: "D:\SiFácil\Si-Facil\Controllers\Win32\Debug\cache\sifacil_exe\res\__8CA59ECAA03C3E802CE21CC6.png" [OS Error:5]
SiFacil.exe: 000037EC: 08:46:27 []:Error deleting file: "D:\SiFácil\Si-Facil\Controllers\Win32\Debug\cache\sifacil_exe\res\__9B946CE896C715A2325B7814.png" [OS Error:5]
SiFacil.exe: 000037EC: 08:46:27 []:Error deleting file: "D:\SiFácil\Si-Facil\Controllers\Win32\Debug\cache\sifacil_exe\res\__BCB3DEA5EBCB6F37A87F5249.png" [OS Error:5]
SiFacil.exe: 000037EC: 08:46:27 []:Error deleting file: "D:\SiFácil\Si-Facil\Controllers\Win32\Debug\cache\sifacil_exe\res\__C1B6C9AC1BCA3E4DDD81253D.png" [OS Error:5]
SiFacil.exe: 000037EC: 08:46:27 []:Error deleting file: "D:\SiFácil\Si-Facil\Controllers\Win32\Debug\cache\sifacil_exe\res\__E04CDB0E7C67BF6E5D66E722.png" [OS Error:5]
SiFacil.exe: 000037EC: 08:46:27 []:Error deleting file: "D:\SiFácil\Si-Facil\Controllers\Win32\Debug\cache\sifacil_exe\res\__F6CE4E7B02B9959FF98808EA.png" [OS Error:5]
SiFacil.exe: 000037EC: 08:46:27 []:Error deleting folder: "D:\SiFácil\Si-Facil\Controllers\Win32\Debug\cache\sifacil_exe\res\" [OS Error:145]
SiFacil.exe: 000037EC: 08:46:27 [TUniServerModule]:Global Cache Folder Erased. <12> Files deleted.
SiFacil.exe: 000037EC: 08:46:27 [TUniServerModule]:Starting HTTP Server on Port: 8077...
SiFacil.exe: 000037EC: 08:46:27 [TUniServerModule]:HTTP Server Started on Port: 8077
SiFacil.exe: 00001C9C: 08:48:36 []:>--------------------------------------------------------------<
SiFacil.exe: 00001C9C: 08:48:36 [TUniServerModule]:Server First Init.
SiFacil.exe: 00001C9C: 08:48:36 [TUniServerModule]:Debug Mode = ON
SiFacil.exe: 00001C9C: 08:48:36 []:Error deleting file: "D:\SiFácil\Si-Facil\Controllers\Win32\Debug\cache\sifacil_exe\BxNdOwonfF10B3C9D8C\FRKVRY220930212704442.png" [OS Error:5]
SiFacil.exe: 00001C9C: 08:48:36 []:Error deleting file: "D:\SiFácil\Si-Facil\Controllers\Win32\Debug\cache\sifacil_exe\BxNdOwonfF10B3C9D8C\JJDIYL220930212704442.png" [OS Error:5]
SiFacil.exe: 00001C9C: 08:48:36 []:Error deleting file: "D:\SiFácil\Si-Facil\Controllers\Win32\Debug\cache\sifacil_exe\BxNdOwonfF10B3C9D8C\NSGAKE220930212704442.png" [OS Error:5]
SiFacil.exe: 00001C9C: 08:48:36 []:Error deleting file: "D:\SiFácil\Si-Facil\Controllers\Win32\Debug\cache\sifacil_exe\BxNdOwonfF10B3C9D8C\POPFRH220930212704442.png" [OS Error:5]
SiFacil.exe: 00001C9C: 08:48:36 []:Error deleting file: "D:\SiFácil\Si-Facil\Controllers\Win32\Debug\cache\sifacil_exe\BxNdOwonfF10B3C9D8C\UBSGXQ220930212704442.png" [OS Error:5]
SiFacil.exe: 00001C9C: 08:48:36 []:Error deleting file: "D:\SiFácil\Si-Facil\Controllers\Win32\Debug\cache\sifacil_exe\BxNdOwonfF10B3C9D8C\VSHYFB220930212704442.png" [OS Error:5]
SiFacil.exe: 00001C9C: 08:48:36 []:Error deleting file: "D:\SiFácil\Si-Facil\Controllers\Win32\Debug\cache\sifacil_exe\BxNdOwonfF10B3C9D8C\WJTGEE220930212704442.png" [OS Error:5]
SiFacil.exe: 00001C9C: 08:48:36 []:Error deleting folder: "D:\SiFácil\Si-Facil\Controllers\Win32\Debug\cache\sifacil_exe\BxNdOwonfF10B3C9D8C\" [OS Error:145]
SiFacil.exe: 00001C9C: 08:48:36 []:Error deleting file: "D:\SiFácil\Si-Facil\Controllers\Win32\Debug\cache\sifacil_exe\EuIH7h54dp10B3C9E31\KMAQAT220930212703265.png" [OS Error:5]
SiFacil.exe: 00001C9C: 08:48:36 []:Error deleting file: "D:\SiFácil\Si-Facil\Controllers\Win32\Debug\cache\sifacil_exe\EuIH7h54dp10B3C9E31\LAYZJN220930212703265.png" [OS Error:5]
SiFacil.exe: 00001C9C: 08:48:36 []:Error deleting file: "D:\SiFácil\Si-Facil\Controllers\Win32\Debug\cache\sifacil_exe\EuIH7h54dp10B3C9E31\MSYPLX220930212703265.png" [OS Error:5]
SiFacil.exe: 00001C9C: 08:48:36 []:Error deleting file: "D:\SiFácil\Si-Facil\Controllers\Win32\Debug\cache\sifacil_exe\EuIH7h54dp10B3C9E31\TRBOEP220930212703265.png" [OS Error:5]
SiFacil.exe: 00001C9C: 08:48:36 []:Error deleting file: "D:\SiFácil\Si-Facil\Controllers\Win32\Debug\cache\sifacil_exe\EuIH7h54dp10B3C9E31\VYAYFE220930212703265.png" [OS Error:5]
SiFacil.exe: 00001C9C: 08:48:36 []:Error deleting file: "D:\SiFácil\Si-Facil\Controllers\Win32\Debug\cache\sifacil_exe\EuIH7h54dp10B3C9E31\WKAOTA220930212703265.png" [OS Error:5]
SiFacil.exe: 00001C9C: 08:48:36 []:Error deleting file: "D:\SiFácil\Si-Facil\Controllers\Win32\Debug\cache\sifacil_exe\EuIH7h54dp10B3C9E31\YLPAMK220930212703265.png" [OS Error:5]
SiFacil.exe: 00001C9C: 08:48:36 []:Error deleting folder: "D:\SiFácil\Si-Facil\Controllers\Win32\Debug\cache\sifacil_exe\EuIH7h54dp10B3C9E31\" [OS Error:145]
SiFacil.exe: 00001C9C: 08:48:36 []:Error deleting file: "D:\SiFácil\Si-Facil\Controllers\Win32\Debug\cache\sifacil_exe\orlQ7nlKUK10B4A1F3D\DSVLZA221009175039535.png" [OS Error:5]
SiFacil.exe: 00001C9C: 08:48:36 []:Error deleting file: "D:\SiFácil\Si-Facil\Controllers\Win32\Debug\cache\sifacil_exe\orlQ7nlKUK10B4A1F3D\HBJBGF221009175039535.png" [OS Error:5]
SiFacil.exe: 00001C9C: 08:48:36 []:Error deleting file: "D:\SiFácil\Si-Facil\Controllers\Win32\Debug\cache\sifacil_exe\orlQ7nlKUK10B4A1F3D\HICGHQ221009175039535.png" [OS Error:5]
SiFacil.exe: 00001C9C: 08:48:36 []:Error deleting file: "D:\SiFácil\Si-Facil\Controllers\Win32\Debug\cache\sifacil_exe\orlQ7nlKUK10B4A1F3D\KSUSXH221009175039535.png" [OS Error:5]
SiFacil.exe: 00001C9C: 08:48:36 []:Error deleting file: "D:\SiFácil\Si-Facil\Controllers\Win32\Debug\cache\sifacil_exe\orlQ7nlKUK10B4A1F3D\RADTND221009175039535.png" [OS Error:5]
SiFacil.exe: 00001C9C: 08:48:36 []:Error deleting file: "D:\SiFácil\Si-Facil\Controllers\Win32\Debug\cache\sifacil_exe\orlQ7nlKUK10B4A1F3D\REONJE221009175039535.png" [OS Error:5]
SiFacil.exe: 00001C9C: 08:48:36 []:Error deleting file: "D:\SiFácil\Si-Facil\Controllers\Win32\Debug\cache\sifacil_exe\orlQ7nlKUK10B4A1F3D\XDSLZK221009175039535.png" [OS Error:5]
SiFacil.exe: 00001C9C: 08:48:36 []:Error deleting folder: "D:\SiFácil\Si-Facil\Controllers\Win32\Debug\cache\sifacil_exe\orlQ7nlKUK10B4A1F3D\" [OS Error:145]
SiFacil.exe: 00001C9C: 08:48:36 []:Error deleting file: "D:\SiFácil\Si-Facil\Controllers\Win32\Debug\cache\sifacil_exe\res\__0D793CC11ACA91ED2843D567.png" [OS Error:5]
SiFacil.exe: 00001C9C: 08:48:36 []:Error deleting file: "D:\SiFácil\Si-Facil\Controllers\Win32\Debug\cache\sifacil_exe\res\__3F7F57AC57B3F503973356C7.png" [OS Error:5]
SiFacil.exe: 00001C9C: 08:48:36 []:Error deleting file: "D:\SiFácil\Si-Facil\Controllers\Win32\Debug\cache\sifacil_exe\res\__6D4B95677BB2D9E2E8FE776F.png" [OS Error:5]
SiFacil.exe: 00001C9C: 08:48:36 []:Error deleting file: "D:\SiFácil\Si-Facil\Controllers\Win32\Debug\cache\sifacil_exe\res\__74E35A3F1D828ED19265E674.png" [OS Error:5]
SiFacil.exe: 00001C9C: 08:48:36 []:Error deleting file: "D:\SiFácil\Si-Facil\Controllers\Win32\Debug\cache\sifacil_exe\res\__8CA59ECAA03C3E802CE21CC6.png" [OS Error:5]
SiFacil.exe: 00001C9C: 08:48:36 []:Error deleting file: "D:\SiFácil\Si-Facil\Controllers\Win32\Debug\cache\sifacil_exe\res\__9B946CE896C715A2325B7814.png" [OS Error:5]
SiFacil.exe: 00001C9C: 08:48:36 []:Error deleting file: "D:\SiFácil\Si-Facil\Controllers\Win32\Debug\cache\sifacil_exe\res\__BCB3DEA5EBCB6F37A87F5249.png" [OS Error:5]
SiFacil.exe: 00001C9C: 08:48:36 []:Error deleting file: "D:\SiFácil\Si-Facil\Controllers\Win32\Debug\cache\sifacil_exe\res\__C1B6C9AC1BCA3E4DDD81253D.png" [OS Error:5]
SiFacil.exe: 00001C9C: 08:48:36 []:Error deleting file: "D:\SiFácil\Si-Facil\Controllers\Win32\Debug\cache\sifacil_exe\res\__E04CDB0E7C67BF6E5D66E722.png" [OS Error:5]
SiFacil.exe: 00001C9C: 08:48:36 []:Error deleting file: "D:\SiFácil\Si-Facil\Controllers\Win32\Debug\cache\sifacil_exe\res\__F6CE4E7B02B9959FF98808EA.png" [OS Error:5]
SiFacil.exe: 00001C9C: 08:48:36 []:Error deleting folder: "D:\SiFácil\Si-Facil\Controllers\Win32\Debug\cache\sifacil_exe\res\" [OS Error:145]
SiFacil.exe: 00001C9C: 08:48:36 [TUniServerModule]:Global Cache Folder Erased. <23> Files deleted.
SiFacil.exe: 00001C9C: 08:48:36 [TUniServerModule]:Starting HTTP Server on Port: 8077...
SiFacil.exe: 00001C9C: 08:48:36 [TUniServerModule]:HTTP Server Started on Port: 8077
SiFacil.exe: 00003440: 08:48:42 [127.0.0.1]:EUniSessionException : Invalid session or session Timeout. : Addr: $00791D57
SiFacil.exe: 000022E8: 08:50:37 []:>--------------------------------------------------------------<
SiFacil.exe: 000022E8: 08:50:37 [TUniServerModule]:Server First Init.
SiFacil.exe: 000022E8: 08:50:37 [TUniServerModule]:Debug Mode = ON
SiFacil.exe: 000022E8: 08:50:37 []:Error deleting file: "D:\SiFácil\Si-Facil\Controllers\Win32\Debug\cache\sifacil_exe\BxNdOwonfF10B3C9D8C\FRKVRY220930212704442.png" [OS Error:5]
SiFacil.exe: 000022E8: 08:50:37 []:Error deleting file: "D:\SiFácil\Si-Facil\Controllers\Win32\Debug\cache\sifacil_exe\BxNdOwonfF10B3C9D8C\JJDIYL220930212704442.png" [OS Error:5]
SiFacil.exe: 000022E8: 08:50:37 []:Error deleting file: "D:\SiFácil\Si-Facil\Controllers\Win32\Debug\cache\sifacil_exe\BxNdOwonfF10B3C9D8C\NSGAKE220930212704442.png" [OS Error:5]
SiFacil.exe: 000022E8: 08:50:37 []:Error deleting file: "D:\SiFácil\Si-Facil\Controllers\Win32\Debug\cache\sifacil_exe\BxNdOwonfF10B3C9D8C\POPFRH220930212704442.png" [OS Error:5]
SiFacil.exe: 000022E8: 08:50:37 []:Error deleting file: "D:\SiFácil\Si-Facil\Controllers\Win32\Debug\cache\sifacil_exe\BxNdOwonfF10B3C9D8C\UBSGXQ220930212704442.png" [OS Error:5]
SiFacil.exe: 000022E8: 08:50:37 []:Error deleting file: "D:\SiFácil\Si-Facil\Controllers\Win32\Debug\cache\sifacil_exe\BxNdOwonfF10B3C9D8C\VSHYFB220930212704442.png" [OS Error:5]
SiFacil.exe: 000022E8: 08:50:37 []:Error deleting file: "D:\SiFácil\Si-Facil\Controllers\Win32\Debug\cache\sifacil_exe\BxNdOwonfF10B3C9D8C\WJTGEE220930212704442.png" [OS Error:5]
SiFacil.exe: 000022E8: 08:50:37 []:Error deleting folder: "D:\SiFácil\Si-Facil\Controllers\Win32\Debug\cache\sifacil_exe\BxNdOwonfF10B3C9D8C\" [OS Error:145]
SiFacil.exe: 000022E8: 08:50:37 []:Error deleting file: "D:\SiFácil\Si-Facil\Controllers\Win32\Debug\cache\sifacil_exe\EuIH7h54dp10B3C9E31\KMAQAT220930212703265.png" [OS Error:5]
SiFacil.exe: 000022E8: 08:50:37 []:Error deleting file: "D:\SiFácil\Si-Facil\Controllers\Win32\Debug\cache\sifacil_exe\EuIH7h54dp10B3C9E31\LAYZJN220930212703265.png" [OS Error:5]
SiFacil.exe: 000022E8: 08:50:37 []:Error deleting file: "D:\SiFácil\Si-Facil\Controllers\Win32\Debug\cache\sifacil_exe\EuIH7h54dp10B3C9E31\MSYPLX220930212703265.png" [OS Error:5]
SiFacil.exe: 000022E8: 08:50:37 []:Error deleting file: "D:\SiFácil\Si-Facil\Controllers\Win32\Debug\cache\sifacil_exe\EuIH7h54dp10B3C9E31\TRBOEP220930212703265.png" [OS Error:5]
SiFacil.exe: 000022E8: 08:50:37 []:Error deleting file: "D:\SiFácil\Si-Facil\Controllers\Win32\Debug\cache\sifacil_exe\EuIH7h54dp10B3C9E31\VYAYFE220930212703265.png" [OS Error:5]
SiFacil.exe: 000022E8: 08:50:37 []:Error deleting file: "D:\SiFácil\Si-Facil\Controllers\Win32\Debug\cache\sifacil_exe\EuIH7h54dp10B3C9E31\WKAOTA220930212703265.png" [OS Error:5]
SiFacil.exe: 000022E8: 08:50:37 []:Error deleting file: "D:\SiFácil\Si-Facil\Controllers\Win32\Debug\cache\sifacil_exe\EuIH7h54dp10B3C9E31\YLPAMK220930212703265.png" [OS Error:5]
SiFacil.exe: 000022E8: 08:50:37 []:Error deleting folder: "D:\SiFácil\Si-Facil\Controllers\Win32\Debug\cache\sifacil_exe\EuIH7h54dp10B3C9E31\" [OS Error:145]
SiFacil.exe: 000022E8: 08:50:37 []:Error deleting file: "D:\SiFácil\Si-Facil\Controllers\Win32\Debug\cache\sifacil_exe\orlQ7nlKUK10B4A1F3D\DSVLZA221009175039535.png" [OS Error:5]
SiFacil.exe: 000022E8: 08:50:37 []:Error deleting file: "D:\SiFácil\Si-Facil\Controllers\Win32\Debug\cache\sifacil_exe\orlQ7nlKUK10B4A1F3D\HBJBGF221009175039535.png" [OS Error:5]
SiFacil.exe: 000022E8: 08:50:37 []:Error deleting file: "D:\SiFácil\Si-Facil\Controllers\Win32\Debug\cache\sifacil_exe\orlQ7nlKUK10B4A1F3D\HICGHQ221009175039535.png" [OS Error:5]
SiFacil.exe: 000022E8: 08:50:37 []:Error deleting file: "D:\SiFácil\Si-Facil\Controllers\Win32\Debug\cache\sifacil_exe\orlQ7nlKUK10B4A1F3D\KSUSXH221009175039535.png" [OS Error:5]
SiFacil.exe: 000022E8: 08:50:37 []:Error deleting file: "D:\SiFácil\Si-Facil\Controllers\Win32\Debug\cache\sifacil_exe\orlQ7nlKUK10B4A1F3D\RADTND221009175039535.png" [OS Error:5]
SiFacil.exe: 000022E8: 08:50:37 []:Error deleting file: "D:\SiFácil\Si-Facil\Controllers\Win32\Debug\cache\sifacil_exe\orlQ7nlKUK10B4A1F3D\REONJE221009175039535.png" [OS Error:5]
SiFacil.exe: 000022E8: 08:50:37 []:Error deleting file: "D:\SiFácil\Si-Facil\Controllers\Win32\Debug\cache\sifacil_exe\orlQ7nlKUK10B4A1F3D\XDSLZK221009175039535.png" [OS Error:5]
SiFacil.exe: 000022E8: 08:50:37 []:Error deleting folder: "D:\SiFácil\Si-Facil\Controllers\Win32\Debug\cache\sifacil_exe\orlQ7nlKUK10B4A1F3D\" [OS Error:145]
SiFacil.exe: 000022E8: 08:50:37 []:Error deleting file: "D:\SiFácil\Si-Facil\Controllers\Win32\Debug\cache\sifacil_exe\res\__0D793CC11ACA91ED2843D567.png" [OS Error:5]
SiFacil.exe: 000022E8: 08:50:37 []:Error deleting file: "D:\SiFácil\Si-Facil\Controllers\Win32\Debug\cache\sifacil_exe\res\__3F7F57AC57B3F503973356C7.png" [OS Error:5]
SiFacil.exe: 000022E8: 08:50:37 []:Error deleting file: "D:\SiFácil\Si-Facil\Controllers\Win32\Debug\cache\sifacil_exe\res\__6D4B95677BB2D9E2E8FE776F.png" [OS Error:5]
SiFacil.exe: 000022E8: 08:50:37 []:Error deleting file: "D:\SiFácil\Si-Facil\Controllers\Win32\Debug\cache\sifacil_exe\res\__74E35A3F1D828ED19265E674.png" [OS Error:5]
SiFacil.exe: 000022E8: 08:50:37 []:Error deleting file: "D:\SiFácil\Si-Facil\Controllers\Win32\Debug\cache\sifacil_exe\res\__8CA59ECAA03C3E802CE21CC6.png" [OS Error:5]
SiFacil.exe: 000022E8: 08:50:37 []:Error deleting file: "D:\SiFácil\Si-Facil\Controllers\Win32\Debug\cache\sifacil_exe\res\__9B946CE896C715A2325B7814.png" [OS Error:5]
SiFacil.exe: 000022E8: 08:50:37 []:Error deleting file: "D:\SiFácil\Si-Facil\Controllers\Win32\Debug\cache\sifacil_exe\res\__BCB3DEA5EBCB6F37A87F5249.png" [OS Error:5]
SiFacil.exe: 000022E8: 08:50:37 []:Error deleting file: "D:\SiFácil\Si-Facil\Controllers\Win32\Debug\cache\sifacil_exe\res\__C1B6C9AC1BCA3E4DDD81253D.png" [OS Error:5]
SiFacil.exe: 000022E8: 08:50:37 []:Error deleting file: "D:\SiFácil\Si-Facil\Controllers\Win32\Debug\cache\sifacil_exe\res\__E04CDB0E7C67BF6E5D66E722.png" [OS Error:5]
SiFacil.exe: 000022E8: 08:50:37 []:Error deleting file: "D:\SiFácil\Si-Facil\Controllers\Win32\Debug\cache\sifacil_exe\res\__F6CE4E7B02B9959FF98808EA.png" [OS Error:5]
SiFacil.exe: 000022E8: 08:50:37 []:Error deleting folder: "D:\SiFácil\Si-Facil\Controllers\Win32\Debug\cache\sifacil_exe\res\" [OS Error:145]
SiFacil.exe: 000022E8: 08:50:37 [TUniServerModule]:Global Cache Folder Erased. <11> Files deleted.
SiFacil.exe: 000022E8: 08:50:37 [TUniServerModule]:Starting HTTP Server on Port: 8077...
SiFacil.exe: 000022E8: 08:50:37 [TUniServerModule]:HTTP Server Started on Port: 8077
SiFacil.exe: 000037D4: 08:50:56 [127.0.0.1]:EUniSessionException : Invalid session or session Timeout. : Addr: $00791D57
SiFacil.exe: 00000C88: 08:56:28 []:>--------------------------------------------------------------<
SiFacil.exe: 00000C88: 08:56:28 [TUniServerModule]:Server First Init.
SiFacil.exe: 00000C88: 08:56:28 [TUniServerModule]:Debug Mode = ON
SiFacil.exe: 00000C88: 08:56:28 []:Error deleting file: "D:\SiFácil\Si-Facil\Controllers\Win32\Debug\cache\sifacil_exe\BxNdOwonfF10B3C9D8C\FRKVRY220930212704442.png" [OS Error:5]
SiFacil.exe: 00000C88: 08:56:28 []:Error deleting file: "D:\SiFácil\Si-Facil\Controllers\Win32\Debug\cache\sifacil_exe\BxNdOwonfF10B3C9D8C\JJDIYL220930212704442.png" [OS Error:5]
SiFacil.exe: 00000C88: 08:56:28 []:Error deleting file: "D:\SiFácil\Si-Facil\Controllers\Win32\Debug\cache\sifacil_exe\BxNdOwonfF10B3C9D8C\NSGAKE220930212704442.png" [OS Error:5]
SiFacil.exe: 00000C88: 08:56:28 []:Error deleting file: "D:\SiFácil\Si-Facil\Controllers\Win32\Debug\cache\sifacil_exe\BxNdOwonfF10B3C9D8C\POPFRH220930212704442.png" [OS Error:5]
SiFacil.exe: 00000C88: 08:56:28 []:Error deleting file: "D:\SiFácil\Si-Facil\Controllers\Win32\Debug\cache\sifacil_exe\BxNdOwonfF10B3C9D8C\UBSGXQ220930212704442.png" [OS Error:5]
SiFacil.exe: 00000C88: 08:56:28 []:Error deleting file: "D:\SiFácil\Si-Facil\Controllers\Win32\Debug\cache\sifacil_exe\BxNdOwonfF10B3C9D8C\VSHYFB220930212704442.png" [OS Error:5]
SiFacil.exe: 00000C88: 08:56:28 []:Error deleting file: "D:\SiFácil\Si-Facil\Controllers\Win32\Debug\cache\sifacil_exe\BxNdOwonfF10B3C9D8C\WJTGEE220930212704442.png" [OS Error:5]
SiFacil.exe: 00000C88: 08:56:28 []:Error deleting folder: "D:\SiFácil\Si-Facil\Controllers\Win32\Debug\cache\sifacil_exe\BxNdOwonfF10B3C9D8C\" [OS Error:145]
SiFacil.exe: 00000C88: 08:56:28 []:Error deleting file: "D:\SiFácil\Si-Facil\Controllers\Win32\Debug\cache\sifacil_exe\EuIH7h54dp10B3C9E31\KMAQAT220930212703265.png" [OS Error:5]
SiFacil.exe: 00000C88: 08:56:28 []:Error deleting file: "D:\SiFácil\Si-Facil\Controllers\Win32\Debug\cache\sifacil_exe\EuIH7h54dp10B3C9E31\LAYZJN220930212703265.png" [OS Error:5]
SiFacil.exe: 00000C88: 08:56:28 []:Error deleting file: "D:\SiFácil\Si-Facil\Controllers\Win32\Debug\cache\sifacil_exe\EuIH7h54dp10B3C9E31\MSYPLX220930212703265.png" [OS Error:5]
SiFacil.exe: 00000C88: 08:56:28 []:Error deleting file: "D:\SiFácil\Si-Facil\Controllers\Win32\Debug\cache\sifacil_exe\EuIH7h54dp10B3C9E31\TRBOEP220930212703265.png" [OS Error:5]
SiFacil.exe: 00000C88: 08:56:28 []:Error deleting file: "D:\SiFácil\Si-Facil\Controllers\Win32\Debug\cache\sifacil_exe\EuIH7h54dp10B3C9E31\VYAYFE220930212703265.png" [OS Error:5]
SiFacil.exe: 00000C88: 08:56:28 []:Error deleting file: "D:\SiFácil\Si-Facil\Controllers\Win32\Debug\cache\sifacil_exe\EuIH7h54dp10B3C9E31\WKAOTA220930212703265.png" [OS Error:5]
SiFacil.exe: 00000C88: 08:56:28 []:Error deleting file: "D:\SiFácil\Si-Facil\Controllers\Win32\Debug\cache\sifacil_exe\EuIH7h54dp10B3C9E31\YLPAMK220930212703265.png" [OS Error:5]
SiFacil.exe: 00000C88: 08:56:28 []:Error deleting folder: "D:\SiFácil\Si-Facil\Controllers\Win32\Debug\cache\sifacil_exe\EuIH7h54dp10B3C9E31\" [OS Error:145]
SiFacil.exe: 00000C88: 08:56:28 []:Error deleting file: "D:\SiFácil\Si-Facil\Controllers\Win32\Debug\cache\sifacil_exe\orlQ7nlKUK10B4A1F3D\DSVLZA221009175039535.png" [OS Error:5]
SiFacil.exe: 00000C88: 08:56:28 []:Error deleting file: "D:\SiFácil\Si-Facil\Controllers\Win32\Debug\cache\sifacil_exe\orlQ7nlKUK10B4A1F3D\HBJBGF221009175039535.png" [OS Error:5]
SiFacil.exe: 00000C88: 08:56:28 []:Error deleting file: "D:\SiFácil\Si-Facil\Controllers\Win32\Debug\cache\sifacil_exe\orlQ7nlKUK10B4A1F3D\HICGHQ221009175039535.png" [OS Error:5]
SiFacil.exe: 00000C88: 08:56:28 []:Error deleting file: "D:\SiFácil\Si-Facil\Controllers\Win32\Debug\cache\sifacil_exe\orlQ7nlKUK10B4A1F3D\KSUSXH221009175039535.png" [OS Error:5]
SiFacil.exe: 00000C88: 08:56:28 []:Error deleting file: "D:\SiFácil\Si-Facil\Controllers\Win32\Debug\cache\sifacil_exe\orlQ7nlKUK10B4A1F3D\RADTND221009175039535.png" [OS Error:5]
SiFacil.exe: 00000C88: 08:56:28 []:Error deleting file: "D:\SiFácil\Si-Facil\Controllers\Win32\Debug\cache\sifacil_exe\orlQ7nlKUK10B4A1F3D\REONJE221009175039535.png" [OS Error:5]
SiFacil.exe: 00000C88: 08:56:28 []:Error deleting file: "D:\SiFácil\Si-Facil\Controllers\Win32\Debug\cache\sifacil_exe\orlQ7nlKUK10B4A1F3D\XDSLZK221009175039535.png" [OS Error:5]
SiFacil.exe: 00000C88: 08:56:28 []:Error deleting folder: "D:\SiFácil\Si-Facil\Controllers\Win32\Debug\cache\sifacil_exe\orlQ7nlKUK10B4A1F3D\" [OS Error:145]
SiFacil.exe: 00000C88: 08:56:28 []:Error deleting file: "D:\SiFácil\Si-Facil\Controllers\Win32\Debug\cache\sifacil_exe\res\__0D793CC11ACA91ED2843D567.png" [OS Error:5]
SiFacil.exe: 00000C88: 08:56:28 []:Error deleting file: "D:\SiFácil\Si-Facil\Controllers\Win32\Debug\cache\sifacil_exe\res\__3F7F57AC57B3F503973356C7.png" [OS Error:5]
SiFacil.exe: 00000C88: 08:56:28 []:Error deleting file: "D:\SiFácil\Si-Facil\Controllers\Win32\Debug\cache\sifacil_exe\res\__6D4B95677BB2D9E2E8FE776F.png" [OS Error:5]
SiFacil.exe: 00000C88: 08:56:28 []:Error deleting file: "D:\SiFácil\Si-Facil\Controllers\Win32\Debug\cache\sifacil_exe\res\__74E35A3F1D828ED19265E674.png" [OS Error:5]
SiFacil.exe: 00000C88: 08:56:28 []:Error deleting file: "D:\SiFácil\Si-Facil\Controllers\Win32\Debug\cache\sifacil_exe\res\__8CA59ECAA03C3E802CE21CC6.png" [OS Error:5]
SiFacil.exe: 00000C88: 08:56:28 []:Error deleting file: "D:\SiFácil\Si-Facil\Controllers\Win32\Debug\cache\sifacil_exe\res\__9B946CE896C715A2325B7814.png" [OS Error:5]
SiFacil.exe: 00000C88: 08:56:28 []:Error deleting file: "D:\SiFácil\Si-Facil\Controllers\Win32\Debug\cache\sifacil_exe\res\__BCB3DEA5EBCB6F37A87F5249.png" [OS Error:5]
SiFacil.exe: 00000C88: 08:56:28 []:Error deleting file: "D:\SiFácil\Si-Facil\Controllers\Win32\Debug\cache\sifacil_exe\res\__C1B6C9AC1BCA3E4DDD81253D.png" [OS Error:5]
SiFacil.exe: 00000C88: 08:56:28 []:Error deleting file: "D:\SiFácil\Si-Facil\Controllers\Win32\Debug\cache\sifacil_exe\res\__E04CDB0E7C67BF6E5D66E722.png" [OS Error:5]
SiFacil.exe: 00000C88: 08:56:28 []:Error deleting file: "D:\SiFácil\Si-Facil\Controllers\Win32\Debug\cache\sifacil_exe\res\__F6CE4E7B02B9959FF98808EA.png" [OS Error:5]
SiFacil.exe: 00000C88: 08:56:28 []:Error deleting folder: "D:\SiFácil\Si-Facil\Controllers\Win32\Debug\cache\sifacil_exe\res\" [OS Error:145]
SiFacil.exe: 00000C88: 08:56:28 [TUniServerModule]:Global Cache Folder Erased. <11> Files deleted.
SiFacil.exe: 00000C88: 08:56:28 [TUniServerModule]:Starting HTTP Server on Port: 8077...
SiFacil.exe: 00000C88: 08:56:28 [TUniServerModule]:HTTP Server Started on Port: 8077
SiFacil.exe: 000025B0: 08:56:31 [127.0.0.1]:EUniSessionException : Invalid session or session Timeout. : Addr: $00791D57
SiFacil.exe: 00002620: 17:44:22 []:>--------------------------------------------------------------<
SiFacil.exe: 00002620: 17:44:22 [TUniServerModule]:Server First Init.
SiFacil.exe: 00002620: 17:44:22 [TUniServerModule]:Debug Mode = ON
SiFacil.exe: 00002620: 17:44:22 [TUniServerModule]:Global Cache Folder Erased. <32> Files deleted.
SiFacil.exe: 00002620: 17:44:22 [TUniServerModule]:Starting HTTP Server on Port: 8077...
SiFacil.exe: 00002620: 17:44:22 [TUniServerModule]:HTTP Server Started on Port: 8077
SiFacil.exe: 00001398: 17:44:23 [127.0.0.1]:EUniSessionException : Invalid session or session Timeout. : Addr: $00791D57
SiFacil.exe: 00001AA0: 17:44:25 [127.0.0.1]:EUniSessionException : Invalid session or session Timeout. : Addr: $00791D57
SiFacil.exe: 000023A0: 17:58:13 []:>--------------------------------------------------------------<
SiFacil.exe: 000023A0: 17:58:13 [TUniServerModule]:Server First Init.
SiFacil.exe: 000023A0: 17:58:13 [TUniServerModule]:Debug Mode = ON
SiFacil.exe: 000023A0: 17:58:13 [TUniServerModule]:Global Cache Folder Erased. <21> Files deleted.
SiFacil.exe: 000023A0: 17:58:13 [TUniServerModule]:Starting HTTP Server on Port: 8077...
SiFacil.exe: 000023A0: 17:58:13 [TUniServerModule]:HTTP Server Started on Port: 8077
SiFacil.exe: 000020F4: 17:59:17 [127.0.0.1]:EUniSessionException : Invalid session or session Timeout. : Addr: $00791D57
SiFacil.exe: 00002FD0: 18:12:24 []:>--------------------------------------------------------------<
SiFacil.exe: 00002FD0: 18:12:24 [TUniServerModule]:Server First Init.
SiFacil.exe: 00002FD0: 18:12:24 [TUniServerModule]:Debug Mode = ON
SiFacil.exe: 00002FD0: 18:12:24 [TUniServerModule]:Global Cache Folder Erased. <31> Files deleted.
SiFacil.exe: 00002FD0: 18:12:24 [TUniServerModule]:Starting HTTP Server on Port: 8077...
SiFacil.exe: 00002FD0: 18:12:24 [TUniServerModule]:HTTP Server Started on Port: 8077
SiFacil.exe: 00003008: 18:14:16 [127.0.0.1]:EUniSessionException : Invalid session or session Timeout. : Addr: $00791D57
SiFacil.exe: 00001CB4: 18:18:59 []:>--------------------------------------------------------------<
SiFacil.exe: 00001CB4: 18:18:59 [TUniServerModule]:Server First Init.
SiFacil.exe: 00001CB4: 18:18:59 [TUniServerModule]:Debug Mode = ON
SiFacil.exe: 00001CB4: 18:18:59 [TUniServerModule]:Global Cache Folder Erased. <21> Files deleted.
SiFacil.exe: 00001CB4: 18:18:59 [TUniServerModule]:Starting HTTP Server on Port: 8077...
SiFacil.exe: 00001CB4: 18:18:59 [TUniServerModule]:HTTP Server Started on Port: 8077
SiFacil.exe: 0000096C: 18:19:06 [127.0.0.1]:EUniSessionException : Invalid session or session Timeout. : Addr: $00791D57
SiFacil.exe: 00003158: 18:20:09 []:>--------------------------------------------------------------<
SiFacil.exe: 00003158: 18:20:09 [TUniServerModule]:Server First Init.
SiFacil.exe: 00003158: 18:20:09 [TUniServerModule]:Debug Mode = ON
SiFacil.exe: 00003158: 18:20:09 [TUniServerModule]:Global Cache Folder Erased. <21> Files deleted.
SiFacil.exe: 00003158: 18:20:09 [TUniServerModule]:Starting HTTP Server on Port: 8077...
SiFacil.exe: 00003158: 18:20:09 [TUniServerModule]:HTTP Server Started on Port: 8077
SiFacil.exe: 0000209C: 18:20:52 [127.0.0.1]:EUniSessionException : Invalid session or session Timeout. : Addr: $00791D57
SiFacil.exe: 00000250: 18:23:55 []:>--------------------------------------------------------------<
SiFacil.exe: 00000250: 18:23:55 [TUniServerModule]:Server First Init.
SiFacil.exe: 00000250: 18:23:55 [TUniServerModule]:Debug Mode = ON
SiFacil.exe: 00000250: 18:23:55 [TUniServerModule]:Global Cache Folder Erased. <21> Files deleted.
SiFacil.exe: 00000250: 18:23:55 [TUniServerModule]:Starting HTTP Server on Port: 8077...
SiFacil.exe: 00000250: 18:23:55 [TUniServerModule]:HTTP Server Started on Port: 8077
SiFacil.exe: 00002260: 18:23:59 [127.0.0.1]:EUniSessionException : Invalid session or session Timeout. : Addr: $00791D57
SiFacil.exe: 000012F4: 18:48:07 [127.0.0.1]:EUniSessionException : Invalid session or session Timeout. : Addr: $00791D57
SiFacil.exe: 0000075C: 19:31:08 []:>--------------------------------------------------------------<
SiFacil.exe: 0000075C: 19:31:08 [TUniServerModule]:Server First Init.
SiFacil.exe: 0000075C: 19:31:08 [TUniServerModule]:Debug Mode = ON
SiFacil.exe: 0000075C: 19:31:08 [TUniServerModule]:Global Cache Folder Erased. <11> Files deleted.
SiFacil.exe: 0000075C: 19:31:08 [TUniServerModule]:Starting HTTP Server on Port: 8077...
SiFacil.exe: 0000075C: 19:31:08 [TUniServerModule]:HTTP Server Started on Port: 8077
SiFacil.exe: 000034EC: 20:01:47 [127.0.0.1]:EUniSessionException : Invalid session or session Timeout. : Addr: $00791D57
SiFacil.exe: 00002FB0: 20:03:18 []:>--------------------------------------------------------------<
SiFacil.exe: 00002FB0: 20:03:18 [TUniServerModule]:Server First Init.
SiFacil.exe: 00002FB0: 20:03:18 [TUniServerModule]:Debug Mode = ON
SiFacil.exe: 00002FB0: 20:03:18 [TUniServerModule]:Global Cache Folder Erased. <21> Files deleted.
SiFacil.exe: 00002FB0: 20:03:18 [TUniServerModule]:Starting HTTP Server on Port: 8077...
SiFacil.exe: 00002FB0: 20:03:18 [TUniServerModule]:HTTP Server Started on Port: 8077
SiFacil.exe: 00002CD4: 20:04:05 [127.0.0.1]:EUniSessionException : Invalid session or session Timeout. : Addr: $00791D57
SiFacil.exe: 00000DDC: 20:06:51 []:>--------------------------------------------------------------<
SiFacil.exe: 00000DDC: 20:06:51 [TUniServerModule]:Server First Init.
SiFacil.exe: 00000DDC: 20:06:51 [TUniServerModule]:Debug Mode = ON
SiFacil.exe: 00000DDC: 20:06:51 [TUniServerModule]:Global Cache Folder Erased. <21> Files deleted.
SiFacil.exe: 00000DDC: 20:06:51 [TUniServerModule]:Starting HTTP Server on Port: 8077...
SiFacil.exe: 00000DDC: 20:06:51 [TUniServerModule]:HTTP Server Started on Port: 8077
SiFacil.exe: 00000270: 20:06:51 [127.0.0.1]:EUniSessionException : Invalid session or session Timeout. : Addr: $00791D57
SiFacil.exe: 000036B8: 20:09:56 []:>--------------------------------------------------------------<
SiFacil.exe: 000036B8: 20:09:56 [TUniServerModule]:Server First Init.
SiFacil.exe: 000036B8: 20:09:56 [TUniServerModule]:Debug Mode = ON
SiFacil.exe: 000036B8: 20:09:56 [TUniServerModule]:Global Cache Folder Erased. <21> Files deleted.
SiFacil.exe: 000036B8: 20:09:56 [TUniServerModule]:Starting HTTP Server on Port: 8077...
SiFacil.exe: 000036B8: 20:09:56 [TUniServerModule]:HTTP Server Started on Port: 8077
SiFacil.exe: 0000235C: 20:10:32 [127.0.0.1]:EUniSessionException : Invalid session or session Timeout. : Addr: $00791D57
SiFacil.exe: 000016D8: 20:17:14 []:>--------------------------------------------------------------<
SiFacil.exe: 000016D8: 20:17:14 [TUniServerModule]:Server First Init.
SiFacil.exe: 000016D8: 20:17:14 [TUniServerModule]:Debug Mode = ON
SiFacil.exe: 000016D8: 20:17:14 [TUniServerModule]:Global Cache Folder Erased. <24> Files deleted.
SiFacil.exe: 000016D8: 20:17:14 [TUniServerModule]:Starting HTTP Server on Port: 8077...
SiFacil.exe: 000016D8: 20:17:14 [TUniServerModule]:HTTP Server Started on Port: 8077
SiFacil.exe: 00002DBC: 20:17:40 [127.0.0.1]:EUniSessionException : Invalid session or session Timeout. : Addr: $00791D57
