SiFacil.exe: 000020F8: 09:30:57 []:>--------------------------------------------------------------<
SiFacil.exe: 000020F8: 09:30:57 [TUniServerModule]:Server First Init.
SiFacil.exe: 000020F8: 09:30:57 [TUniServerModule]:Debug Mode = ON
SiFacil.exe: 000020F8: 09:30:57 []:Error deleting file: "D:\SiFácil\Si-Facil\Controllers\Win32\Debug\cache\sifacil_exe\BxNdOwonfF10B3C9D8C\FRKVRY220930212704442.png" [OS Error:5]
SiFacil.exe: 000020F8: 09:30:57 []:Error deleting file: "D:\SiFácil\Si-Facil\Controllers\Win32\Debug\cache\sifacil_exe\BxNdOwonfF10B3C9D8C\JJDIYL220930212704442.png" [OS Error:5]
SiFacil.exe: 000020F8: 09:30:57 []:Error deleting file: "D:\SiFácil\Si-Facil\Controllers\Win32\Debug\cache\sifacil_exe\BxNdOwonfF10B3C9D8C\NSGAKE220930212704442.png" [OS Error:5]
SiFacil.exe: 000020F8: 09:30:57 []:Error deleting file: "D:\SiFácil\Si-Facil\Controllers\Win32\Debug\cache\sifacil_exe\BxNdOwonfF10B3C9D8C\POPFRH220930212704442.png" [OS Error:5]
SiFacil.exe: 000020F8: 09:30:57 []:Error deleting file: "D:\SiFácil\Si-Facil\Controllers\Win32\Debug\cache\sifacil_exe\BxNdOwonfF10B3C9D8C\UBSGXQ220930212704442.png" [OS Error:5]
SiFacil.exe: 000020F8: 09:30:57 []:Error deleting file: "D:\SiFácil\Si-Facil\Controllers\Win32\Debug\cache\sifacil_exe\BxNdOwonfF10B3C9D8C\VSHYFB220930212704442.png" [OS Error:5]
SiFacil.exe: 000020F8: 09:30:57 []:Error deleting file: "D:\SiFácil\Si-Facil\Controllers\Win32\Debug\cache\sifacil_exe\BxNdOwonfF10B3C9D8C\WJTGEE220930212704442.png" [OS Error:5]
SiFacil.exe: 000020F8: 09:30:57 []:Error deleting folder: "D:\SiFácil\Si-Facil\Controllers\Win32\Debug\cache\sifacil_exe\BxNdOwonfF10B3C9D8C\" [OS Error:145]
SiFacil.exe: 000020F8: 09:30:57 []:Error deleting file: "D:\SiFácil\Si-Facil\Controllers\Win32\Debug\cache\sifacil_exe\EuIH7h54dp10B3C9E31\KMAQAT220930212703265.png" [OS Error:5]
SiFacil.exe: 000020F8: 09:30:57 []:Error deleting file: "D:\SiFácil\Si-Facil\Controllers\Win32\Debug\cache\sifacil_exe\EuIH7h54dp10B3C9E31\LAYZJN220930212703265.png" [OS Error:5]
SiFacil.exe: 000020F8: 09:30:57 []:Error deleting file: "D:\SiFácil\Si-Facil\Controllers\Win32\Debug\cache\sifacil_exe\EuIH7h54dp10B3C9E31\MSYPLX220930212703265.png" [OS Error:5]
SiFacil.exe: 000020F8: 09:30:57 []:Error deleting file: "D:\SiFácil\Si-Facil\Controllers\Win32\Debug\cache\sifacil_exe\EuIH7h54dp10B3C9E31\TRBOEP220930212703265.png" [OS Error:5]
SiFacil.exe: 000020F8: 09:30:57 []:Error deleting file: "D:\SiFácil\Si-Facil\Controllers\Win32\Debug\cache\sifacil_exe\EuIH7h54dp10B3C9E31\VYAYFE220930212703265.png" [OS Error:5]
SiFacil.exe: 000020F8: 09:30:57 []:Error deleting file: "D:\SiFácil\Si-Facil\Controllers\Win32\Debug\cache\sifacil_exe\EuIH7h54dp10B3C9E31\WKAOTA220930212703265.png" [OS Error:5]
SiFacil.exe: 000020F8: 09:30:57 []:Error deleting file: "D:\SiFácil\Si-Facil\Controllers\Win32\Debug\cache\sifacil_exe\EuIH7h54dp10B3C9E31\YLPAMK220930212703265.png" [OS Error:5]
SiFacil.exe: 000020F8: 09:30:57 []:Error deleting folder: "D:\SiFácil\Si-Facil\Controllers\Win32\Debug\cache\sifacil_exe\EuIH7h54dp10B3C9E31\" [OS Error:145]
SiFacil.exe: 000020F8: 09:30:57 []:Error deleting file: "D:\SiFácil\Si-Facil\Controllers\Win32\Debug\cache\sifacil_exe\res\__0D793CC11ACA91ED2843D567.png" [OS Error:5]
SiFacil.exe: 000020F8: 09:30:57 []:Error deleting file: "D:\SiFácil\Si-Facil\Controllers\Win32\Debug\cache\sifacil_exe\res\__3F7F57AC57B3F503973356C7.png" [OS Error:5]
SiFacil.exe: 000020F8: 09:30:57 []:Error deleting file: "D:\SiFácil\Si-Facil\Controllers\Win32\Debug\cache\sifacil_exe\res\__6D4B95677BB2D9E2E8FE776F.png" [OS Error:5]
SiFacil.exe: 000020F8: 09:30:57 []:Error deleting file: "D:\SiFácil\Si-Facil\Controllers\Win32\Debug\cache\sifacil_exe\res\__74E35A3F1D828ED19265E674.png" [OS Error:5]
SiFacil.exe: 000020F8: 09:30:57 []:Error deleting file: "D:\SiFácil\Si-Facil\Controllers\Win32\Debug\cache\sifacil_exe\res\__8CA59ECAA03C3E802CE21CC6.png" [OS Error:5]
SiFacil.exe: 000020F8: 09:30:57 []:Error deleting file: "D:\SiFácil\Si-Facil\Controllers\Win32\Debug\cache\sifacil_exe\res\__9B946CE896C715A2325B7814.png" [OS Error:5]
SiFacil.exe: 000020F8: 09:30:57 []:Error deleting file: "D:\SiFácil\Si-Facil\Controllers\Win32\Debug\cache\sifacil_exe\res\__BCB3DEA5EBCB6F37A87F5249.png" [OS Error:5]
SiFacil.exe: 000020F8: 09:30:57 []:Error deleting file: "D:\SiFácil\Si-Facil\Controllers\Win32\Debug\cache\sifacil_exe\res\__C1B6C9AC1BCA3E4DDD81253D.png" [OS Error:5]
SiFacil.exe: 000020F8: 09:30:57 []:Error deleting file: "D:\SiFácil\Si-Facil\Controllers\Win32\Debug\cache\sifacil_exe\res\__E04CDB0E7C67BF6E5D66E722.png" [OS Error:5]
SiFacil.exe: 000020F8: 09:30:57 []:Error deleting file: "D:\SiFácil\Si-Facil\Controllers\Win32\Debug\cache\sifacil_exe\res\__F6CE4E7B02B9959FF98808EA.png" [OS Error:5]
SiFacil.exe: 000020F8: 09:30:57 []:Error deleting folder: "D:\SiFácil\Si-Facil\Controllers\Win32\Debug\cache\sifacil_exe\res\" [OS Error:145]
SiFacil.exe: 000020F8: 09:30:57 [TUniServerModule]:Global Cache Folder Erased. <1> Files deleted.
SiFacil.exe: 000020F8: 09:30:57 [TUniServerModule]:Starting HTTP Server on Port: 8077...
SiFacil.exe: 000020F8: 09:30:57 [TUniServerModule]:HTTP Server Started on Port: 8077
SiFacil.exe: 000028D8: 09:34:56 []:>--------------------------------------------------------------<
SiFacil.exe: 000028D8: 09:34:56 [TUniServerModule]:Server First Init.
SiFacil.exe: 000028D8: 09:34:56 [TUniServerModule]:Debug Mode = ON
SiFacil.exe: 000028D8: 09:34:56 []:Error deleting file: "D:\SiFácil\Si-Facil\Controllers\Win32\Debug\cache\sifacil_exe\BxNdOwonfF10B3C9D8C\FRKVRY220930212704442.png" [OS Error:5]
SiFacil.exe: 000028D8: 09:34:56 []:Error deleting file: "D:\SiFácil\Si-Facil\Controllers\Win32\Debug\cache\sifacil_exe\BxNdOwonfF10B3C9D8C\JJDIYL220930212704442.png" [OS Error:5]
SiFacil.exe: 000028D8: 09:34:56 []:Error deleting file: "D:\SiFácil\Si-Facil\Controllers\Win32\Debug\cache\sifacil_exe\BxNdOwonfF10B3C9D8C\NSGAKE220930212704442.png" [OS Error:5]
SiFacil.exe: 000028D8: 09:34:56 []:Error deleting file: "D:\SiFácil\Si-Facil\Controllers\Win32\Debug\cache\sifacil_exe\BxNdOwonfF10B3C9D8C\POPFRH220930212704442.png" [OS Error:5]
SiFacil.exe: 000028D8: 09:34:56 []:Error deleting file: "D:\SiFácil\Si-Facil\Controllers\Win32\Debug\cache\sifacil_exe\BxNdOwonfF10B3C9D8C\UBSGXQ220930212704442.png" [OS Error:5]
SiFacil.exe: 000028D8: 09:34:56 []:Error deleting file: "D:\SiFácil\Si-Facil\Controllers\Win32\Debug\cache\sifacil_exe\BxNdOwonfF10B3C9D8C\VSHYFB220930212704442.png" [OS Error:5]
SiFacil.exe: 000028D8: 09:34:56 []:Error deleting file: "D:\SiFácil\Si-Facil\Controllers\Win32\Debug\cache\sifacil_exe\BxNdOwonfF10B3C9D8C\WJTGEE220930212704442.png" [OS Error:5]
SiFacil.exe: 000028D8: 09:34:56 []:Error deleting folder: "D:\SiFácil\Si-Facil\Controllers\Win32\Debug\cache\sifacil_exe\BxNdOwonfF10B3C9D8C\" [OS Error:145]
SiFacil.exe: 000028D8: 09:34:56 []:Error deleting file: "D:\SiFácil\Si-Facil\Controllers\Win32\Debug\cache\sifacil_exe\EuIH7h54dp10B3C9E31\KMAQAT220930212703265.png" [OS Error:5]
SiFacil.exe: 000028D8: 09:34:56 []:Error deleting file: "D:\SiFácil\Si-Facil\Controllers\Win32\Debug\cache\sifacil_exe\EuIH7h54dp10B3C9E31\LAYZJN220930212703265.png" [OS Error:5]
SiFacil.exe: 000028D8: 09:34:56 []:Error deleting file: "D:\SiFácil\Si-Facil\Controllers\Win32\Debug\cache\sifacil_exe\EuIH7h54dp10B3C9E31\MSYPLX220930212703265.png" [OS Error:5]
SiFacil.exe: 000028D8: 09:34:56 []:Error deleting file: "D:\SiFácil\Si-Facil\Controllers\Win32\Debug\cache\sifacil_exe\EuIH7h54dp10B3C9E31\TRBOEP220930212703265.png" [OS Error:5]
SiFacil.exe: 000028D8: 09:34:56 []:Error deleting file: "D:\SiFácil\Si-Facil\Controllers\Win32\Debug\cache\sifacil_exe\EuIH7h54dp10B3C9E31\VYAYFE220930212703265.png" [OS Error:5]
SiFacil.exe: 000028D8: 09:34:56 []:Error deleting file: "D:\SiFácil\Si-Facil\Controllers\Win32\Debug\cache\sifacil_exe\EuIH7h54dp10B3C9E31\WKAOTA220930212703265.png" [OS Error:5]
SiFacil.exe: 000028D8: 09:34:56 []:Error deleting file: "D:\SiFácil\Si-Facil\Controllers\Win32\Debug\cache\sifacil_exe\EuIH7h54dp10B3C9E31\YLPAMK220930212703265.png" [OS Error:5]
SiFacil.exe: 000028D8: 09:34:56 []:Error deleting folder: "D:\SiFácil\Si-Facil\Controllers\Win32\Debug\cache\sifacil_exe\EuIH7h54dp10B3C9E31\" [OS Error:145]
SiFacil.exe: 000028D8: 09:34:56 []:Error deleting file: "D:\SiFácil\Si-Facil\Controllers\Win32\Debug\cache\sifacil_exe\res\__0D793CC11ACA91ED2843D567.png" [OS Error:5]
SiFacil.exe: 000028D8: 09:34:56 []:Error deleting file: "D:\SiFácil\Si-Facil\Controllers\Win32\Debug\cache\sifacil_exe\res\__3F7F57AC57B3F503973356C7.png" [OS Error:5]
SiFacil.exe: 000028D8: 09:34:56 []:Error deleting file: "D:\SiFácil\Si-Facil\Controllers\Win32\Debug\cache\sifacil_exe\res\__6D4B95677BB2D9E2E8FE776F.png" [OS Error:5]
SiFacil.exe: 000028D8: 09:34:56 []:Error deleting file: "D:\SiFácil\Si-Facil\Controllers\Win32\Debug\cache\sifacil_exe\res\__74E35A3F1D828ED19265E674.png" [OS Error:5]
SiFacil.exe: 000028D8: 09:34:56 []:Error deleting file: "D:\SiFácil\Si-Facil\Controllers\Win32\Debug\cache\sifacil_exe\res\__8CA59ECAA03C3E802CE21CC6.png" [OS Error:5]
SiFacil.exe: 000028D8: 09:34:56 []:Error deleting file: "D:\SiFácil\Si-Facil\Controllers\Win32\Debug\cache\sifacil_exe\res\__9B946CE896C715A2325B7814.png" [OS Error:5]
SiFacil.exe: 000028D8: 09:34:56 []:Error deleting file: "D:\SiFácil\Si-Facil\Controllers\Win32\Debug\cache\sifacil_exe\res\__BCB3DEA5EBCB6F37A87F5249.png" [OS Error:5]
SiFacil.exe: 000028D8: 09:34:56 []:Error deleting file: "D:\SiFácil\Si-Facil\Controllers\Win32\Debug\cache\sifacil_exe\res\__C1B6C9AC1BCA3E4DDD81253D.png" [OS Error:5]
SiFacil.exe: 000028D8: 09:34:56 []:Error deleting file: "D:\SiFácil\Si-Facil\Controllers\Win32\Debug\cache\sifacil_exe\res\__E04CDB0E7C67BF6E5D66E722.png" [OS Error:5]
SiFacil.exe: 000028D8: 09:34:56 []:Error deleting file: "D:\SiFácil\Si-Facil\Controllers\Win32\Debug\cache\sifacil_exe\res\__F6CE4E7B02B9959FF98808EA.png" [OS Error:5]
SiFacil.exe: 000028D8: 09:34:56 []:Error deleting folder: "D:\SiFácil\Si-Facil\Controllers\Win32\Debug\cache\sifacil_exe\res\" [OS Error:145]
SiFacil.exe: 000028D8: 09:34:56 [TUniServerModule]:Global Cache Folder Erased. <12> Files deleted.
SiFacil.exe: 000028D8: 09:34:56 [TUniServerModule]:Starting HTTP Server on Port: 8077...
SiFacil.exe: 000028D8: 09:34:56 [TUniServerModule]:HTTP Server Started on Port: 8077
SiFacil.exe: 00000588: 09:34:57 [127.0.0.1]:EUniSessionException : Invalid session or session Timeout. : Addr: $00791D57
SiFacil.exe: 00001070: 09:49:13 []:>--------------------------------------------------------------<
SiFacil.exe: 00001070: 09:49:13 [TUniServerModule]:Server First Init.
SiFacil.exe: 00001070: 09:49:13 [TUniServerModule]:Debug Mode = ON
SiFacil.exe: 00001070: 09:49:13 []:Error deleting file: "D:\SiFácil\Si-Facil\Controllers\Win32\Debug\cache\sifacil_exe\BxNdOwonfF10B3C9D8C\FRKVRY220930212704442.png" [OS Error:5]
SiFacil.exe: 00001070: 09:49:13 []:Error deleting file: "D:\SiFácil\Si-Facil\Controllers\Win32\Debug\cache\sifacil_exe\BxNdOwonfF10B3C9D8C\JJDIYL220930212704442.png" [OS Error:5]
SiFacil.exe: 00001070: 09:49:13 []:Error deleting file: "D:\SiFácil\Si-Facil\Controllers\Win32\Debug\cache\sifacil_exe\BxNdOwonfF10B3C9D8C\NSGAKE220930212704442.png" [OS Error:5]
SiFacil.exe: 00001070: 09:49:13 []:Error deleting file: "D:\SiFácil\Si-Facil\Controllers\Win32\Debug\cache\sifacil_exe\BxNdOwonfF10B3C9D8C\POPFRH220930212704442.png" [OS Error:5]
SiFacil.exe: 00001070: 09:49:13 []:Error deleting file: "D:\SiFácil\Si-Facil\Controllers\Win32\Debug\cache\sifacil_exe\BxNdOwonfF10B3C9D8C\UBSGXQ220930212704442.png" [OS Error:5]
SiFacil.exe: 00001070: 09:49:13 []:Error deleting file: "D:\SiFácil\Si-Facil\Controllers\Win32\Debug\cache\sifacil_exe\BxNdOwonfF10B3C9D8C\VSHYFB220930212704442.png" [OS Error:5]
SiFacil.exe: 00001070: 09:49:13 []:Error deleting file: "D:\SiFácil\Si-Facil\Controllers\Win32\Debug\cache\sifacil_exe\BxNdOwonfF10B3C9D8C\WJTGEE220930212704442.png" [OS Error:5]
SiFacil.exe: 00001070: 09:49:13 []:Error deleting folder: "D:\SiFácil\Si-Facil\Controllers\Win32\Debug\cache\sifacil_exe\BxNdOwonfF10B3C9D8C\" [OS Error:145]
SiFacil.exe: 00001070: 09:49:13 []:Error deleting file: "D:\SiFácil\Si-Facil\Controllers\Win32\Debug\cache\sifacil_exe\EuIH7h54dp10B3C9E31\KMAQAT220930212703265.png" [OS Error:5]
SiFacil.exe: 00001070: 09:49:13 []:Error deleting file: "D:\SiFácil\Si-Facil\Controllers\Win32\Debug\cache\sifacil_exe\EuIH7h54dp10B3C9E31\LAYZJN220930212703265.png" [OS Error:5]
SiFacil.exe: 00001070: 09:49:13 []:Error deleting file: "D:\SiFácil\Si-Facil\Controllers\Win32\Debug\cache\sifacil_exe\EuIH7h54dp10B3C9E31\MSYPLX220930212703265.png" [OS Error:5]
SiFacil.exe: 00001070: 09:49:13 []:Error deleting file: "D:\SiFácil\Si-Facil\Controllers\Win32\Debug\cache\sifacil_exe\EuIH7h54dp10B3C9E31\TRBOEP220930212703265.png" [OS Error:5]
SiFacil.exe: 00001070: 09:49:13 []:Error deleting file: "D:\SiFácil\Si-Facil\Controllers\Win32\Debug\cache\sifacil_exe\EuIH7h54dp10B3C9E31\VYAYFE220930212703265.png" [OS Error:5]
SiFacil.exe: 00001070: 09:49:13 []:Error deleting file: "D:\SiFácil\Si-Facil\Controllers\Win32\Debug\cache\sifacil_exe\EuIH7h54dp10B3C9E31\WKAOTA220930212703265.png" [OS Error:5]
SiFacil.exe: 00001070: 09:49:13 []:Error deleting file: "D:\SiFácil\Si-Facil\Controllers\Win32\Debug\cache\sifacil_exe\EuIH7h54dp10B3C9E31\YLPAMK220930212703265.png" [OS Error:5]
SiFacil.exe: 00001070: 09:49:13 []:Error deleting folder: "D:\SiFácil\Si-Facil\Controllers\Win32\Debug\cache\sifacil_exe\EuIH7h54dp10B3C9E31\" [OS Error:145]
SiFacil.exe: 00001070: 09:49:13 []:Error deleting file: "D:\SiFácil\Si-Facil\Controllers\Win32\Debug\cache\sifacil_exe\res\__0D793CC11ACA91ED2843D567.png" [OS Error:5]
SiFacil.exe: 00001070: 09:49:13 []:Error deleting file: "D:\SiFácil\Si-Facil\Controllers\Win32\Debug\cache\sifacil_exe\res\__3F7F57AC57B3F503973356C7.png" [OS Error:5]
SiFacil.exe: 00001070: 09:49:13 []:Error deleting file: "D:\SiFácil\Si-Facil\Controllers\Win32\Debug\cache\sifacil_exe\res\__6D4B95677BB2D9E2E8FE776F.png" [OS Error:5]
SiFacil.exe: 00001070: 09:49:13 []:Error deleting file: "D:\SiFácil\Si-Facil\Controllers\Win32\Debug\cache\sifacil_exe\res\__74E35A3F1D828ED19265E674.png" [OS Error:5]
SiFacil.exe: 00001070: 09:49:13 []:Error deleting file: "D:\SiFácil\Si-Facil\Controllers\Win32\Debug\cache\sifacil_exe\res\__8CA59ECAA03C3E802CE21CC6.png" [OS Error:5]
SiFacil.exe: 00001070: 09:49:13 []:Error deleting file: "D:\SiFácil\Si-Facil\Controllers\Win32\Debug\cache\sifacil_exe\res\__9B946CE896C715A2325B7814.png" [OS Error:5]
SiFacil.exe: 00001070: 09:49:13 []:Error deleting file: "D:\SiFácil\Si-Facil\Controllers\Win32\Debug\cache\sifacil_exe\res\__BCB3DEA5EBCB6F37A87F5249.png" [OS Error:5]
SiFacil.exe: 00001070: 09:49:13 []:Error deleting file: "D:\SiFácil\Si-Facil\Controllers\Win32\Debug\cache\sifacil_exe\res\__C1B6C9AC1BCA3E4DDD81253D.png" [OS Error:5]
SiFacil.exe: 00001070: 09:49:13 []:Error deleting file: "D:\SiFácil\Si-Facil\Controllers\Win32\Debug\cache\sifacil_exe\res\__E04CDB0E7C67BF6E5D66E722.png" [OS Error:5]
SiFacil.exe: 00001070: 09:49:13 []:Error deleting file: "D:\SiFácil\Si-Facil\Controllers\Win32\Debug\cache\sifacil_exe\res\__F6CE4E7B02B9959FF98808EA.png" [OS Error:5]
SiFacil.exe: 00001070: 09:49:13 []:Error deleting folder: "D:\SiFácil\Si-Facil\Controllers\Win32\Debug\cache\sifacil_exe\res\" [OS Error:145]
SiFacil.exe: 00001070: 09:49:13 [TUniServerModule]:Global Cache Folder Erased. <13> Files deleted.
SiFacil.exe: 00001070: 09:49:13 [TUniServerModule]:Starting HTTP Server on Port: 8077...
SiFacil.exe: 00001070: 09:49:13 [TUniServerModule]:HTTP Server Started on Port: 8077
SiFacil.exe: 00003698: 09:50:17 [127.0.0.1]:EUniSessionException : Invalid session or session Timeout. : Addr: $00791D57
SiFacil.exe: 00002548: 10:37:39 []:>--------------------------------------------------------------<
SiFacil.exe: 00002548: 10:37:39 [TUniServerModule]:Server First Init.
SiFacil.exe: 00002548: 10:37:39 [TUniServerModule]:Debug Mode = ON
SiFacil.exe: 00002548: 10:37:39 []:Error deleting file: "D:\SiFácil\Si-Facil\Controllers\Win32\Debug\cache\sifacil_exe\BxNdOwonfF10B3C9D8C\FRKVRY220930212704442.png" [OS Error:5]
SiFacil.exe: 00002548: 10:37:39 []:Error deleting file: "D:\SiFácil\Si-Facil\Controllers\Win32\Debug\cache\sifacil_exe\BxNdOwonfF10B3C9D8C\JJDIYL220930212704442.png" [OS Error:5]
SiFacil.exe: 00002548: 10:37:39 []:Error deleting file: "D:\SiFácil\Si-Facil\Controllers\Win32\Debug\cache\sifacil_exe\BxNdOwonfF10B3C9D8C\NSGAKE220930212704442.png" [OS Error:5]
SiFacil.exe: 00002548: 10:37:39 []:Error deleting file: "D:\SiFácil\Si-Facil\Controllers\Win32\Debug\cache\sifacil_exe\BxNdOwonfF10B3C9D8C\POPFRH220930212704442.png" [OS Error:5]
SiFacil.exe: 00002548: 10:37:39 []:Error deleting file: "D:\SiFácil\Si-Facil\Controllers\Win32\Debug\cache\sifacil_exe\BxNdOwonfF10B3C9D8C\UBSGXQ220930212704442.png" [OS Error:5]
SiFacil.exe: 00002548: 10:37:39 []:Error deleting file: "D:\SiFácil\Si-Facil\Controllers\Win32\Debug\cache\sifacil_exe\BxNdOwonfF10B3C9D8C\VSHYFB220930212704442.png" [OS Error:5]
SiFacil.exe: 00002548: 10:37:39 []:Error deleting file: "D:\SiFácil\Si-Facil\Controllers\Win32\Debug\cache\sifacil_exe\BxNdOwonfF10B3C9D8C\WJTGEE220930212704442.png" [OS Error:5]
SiFacil.exe: 00002548: 10:37:39 []:Error deleting folder: "D:\SiFácil\Si-Facil\Controllers\Win32\Debug\cache\sifacil_exe\BxNdOwonfF10B3C9D8C\" [OS Error:145]
SiFacil.exe: 00002548: 10:37:39 []:Error deleting file: "D:\SiFácil\Si-Facil\Controllers\Win32\Debug\cache\sifacil_exe\EuIH7h54dp10B3C9E31\KMAQAT220930212703265.png" [OS Error:5]
SiFacil.exe: 00002548: 10:37:39 []:Error deleting file: "D:\SiFácil\Si-Facil\Controllers\Win32\Debug\cache\sifacil_exe\EuIH7h54dp10B3C9E31\LAYZJN220930212703265.png" [OS Error:5]
SiFacil.exe: 00002548: 10:37:39 []:Error deleting file: "D:\SiFácil\Si-Facil\Controllers\Win32\Debug\cache\sifacil_exe\EuIH7h54dp10B3C9E31\MSYPLX220930212703265.png" [OS Error:5]
SiFacil.exe: 00002548: 10:37:39 []:Error deleting file: "D:\SiFácil\Si-Facil\Controllers\Win32\Debug\cache\sifacil_exe\EuIH7h54dp10B3C9E31\TRBOEP220930212703265.png" [OS Error:5]
SiFacil.exe: 00002548: 10:37:39 []:Error deleting file: "D:\SiFácil\Si-Facil\Controllers\Win32\Debug\cache\sifacil_exe\EuIH7h54dp10B3C9E31\VYAYFE220930212703265.png" [OS Error:5]
SiFacil.exe: 00002548: 10:37:39 []:Error deleting file: "D:\SiFácil\Si-Facil\Controllers\Win32\Debug\cache\sifacil_exe\EuIH7h54dp10B3C9E31\WKAOTA220930212703265.png" [OS Error:5]
SiFacil.exe: 00002548: 10:37:39 []:Error deleting file: "D:\SiFácil\Si-Facil\Controllers\Win32\Debug\cache\sifacil_exe\EuIH7h54dp10B3C9E31\YLPAMK220930212703265.png" [OS Error:5]
SiFacil.exe: 00002548: 10:37:39 []:Error deleting folder: "D:\SiFácil\Si-Facil\Controllers\Win32\Debug\cache\sifacil_exe\EuIH7h54dp10B3C9E31\" [OS Error:145]
SiFacil.exe: 00002548: 10:37:39 []:Error deleting file: "D:\SiFácil\Si-Facil\Controllers\Win32\Debug\cache\sifacil_exe\res\__0D793CC11ACA91ED2843D567.png" [OS Error:5]
SiFacil.exe: 00002548: 10:37:39 []:Error deleting file: "D:\SiFácil\Si-Facil\Controllers\Win32\Debug\cache\sifacil_exe\res\__3F7F57AC57B3F503973356C7.png" [OS Error:5]
SiFacil.exe: 00002548: 10:37:39 []:Error deleting file: "D:\SiFácil\Si-Facil\Controllers\Win32\Debug\cache\sifacil_exe\res\__6D4B95677BB2D9E2E8FE776F.png" [OS Error:5]
SiFacil.exe: 00002548: 10:37:39 []:Error deleting file: "D:\SiFácil\Si-Facil\Controllers\Win32\Debug\cache\sifacil_exe\res\__74E35A3F1D828ED19265E674.png" [OS Error:5]
SiFacil.exe: 00002548: 10:37:39 []:Error deleting file: "D:\SiFácil\Si-Facil\Controllers\Win32\Debug\cache\sifacil_exe\res\__8CA59ECAA03C3E802CE21CC6.png" [OS Error:5]
SiFacil.exe: 00002548: 10:37:39 []:Error deleting file: "D:\SiFácil\Si-Facil\Controllers\Win32\Debug\cache\sifacil_exe\res\__9B946CE896C715A2325B7814.png" [OS Error:5]
SiFacil.exe: 00002548: 10:37:39 []:Error deleting file: "D:\SiFácil\Si-Facil\Controllers\Win32\Debug\cache\sifacil_exe\res\__BCB3DEA5EBCB6F37A87F5249.png" [OS Error:5]
SiFacil.exe: 00002548: 10:37:39 []:Error deleting file: "D:\SiFácil\Si-Facil\Controllers\Win32\Debug\cache\sifacil_exe\res\__C1B6C9AC1BCA3E4DDD81253D.png" [OS Error:5]
SiFacil.exe: 00002548: 10:37:39 []:Error deleting file: "D:\SiFácil\Si-Facil\Controllers\Win32\Debug\cache\sifacil_exe\res\__E04CDB0E7C67BF6E5D66E722.png" [OS Error:5]
SiFacil.exe: 00002548: 10:37:39 []:Error deleting file: "D:\SiFácil\Si-Facil\Controllers\Win32\Debug\cache\sifacil_exe\res\__F6CE4E7B02B9959FF98808EA.png" [OS Error:5]
SiFacil.exe: 00002548: 10:37:39 []:Error deleting folder: "D:\SiFácil\Si-Facil\Controllers\Win32\Debug\cache\sifacil_exe\res\" [OS Error:145]
SiFacil.exe: 00002548: 10:37:39 [TUniServerModule]:Global Cache Folder Erased. <12> Files deleted.
SiFacil.exe: 00002548: 10:37:39 [TUniServerModule]:Starting HTTP Server on Port: 8077...
SiFacil.exe: 00002548: 10:37:39 [TUniServerModule]:HTTP Server Started on Port: 8077
SiFacil.exe: 000023E8: 10:40:25 [127.0.0.1]:EUniSessionException : Invalid session or session Timeout. : Addr: $00791D57
SiFacil.exe: 000039D4: 10:47:02 []:>--------------------------------------------------------------<
SiFacil.exe: 000039D4: 10:47:02 [TUniServerModule]:Server First Init.
SiFacil.exe: 000039D4: 10:47:02 [TUniServerModule]:Debug Mode = ON
SiFacil.exe: 000039D4: 10:47:02 []:Error deleting file: "D:\SiFácil\Si-Facil\Controllers\Win32\Debug\cache\sifacil_exe\BxNdOwonfF10B3C9D8C\FRKVRY220930212704442.png" [OS Error:5]
SiFacil.exe: 000039D4: 10:47:02 []:Error deleting file: "D:\SiFácil\Si-Facil\Controllers\Win32\Debug\cache\sifacil_exe\BxNdOwonfF10B3C9D8C\JJDIYL220930212704442.png" [OS Error:5]
SiFacil.exe: 000039D4: 10:47:02 []:Error deleting file: "D:\SiFácil\Si-Facil\Controllers\Win32\Debug\cache\sifacil_exe\BxNdOwonfF10B3C9D8C\NSGAKE220930212704442.png" [OS Error:5]
SiFacil.exe: 000039D4: 10:47:02 []:Error deleting file: "D:\SiFácil\Si-Facil\Controllers\Win32\Debug\cache\sifacil_exe\BxNdOwonfF10B3C9D8C\POPFRH220930212704442.png" [OS Error:5]
SiFacil.exe: 000039D4: 10:47:02 []:Error deleting file: "D:\SiFácil\Si-Facil\Controllers\Win32\Debug\cache\sifacil_exe\BxNdOwonfF10B3C9D8C\UBSGXQ220930212704442.png" [OS Error:5]
SiFacil.exe: 000039D4: 10:47:02 []:Error deleting file: "D:\SiFácil\Si-Facil\Controllers\Win32\Debug\cache\sifacil_exe\BxNdOwonfF10B3C9D8C\VSHYFB220930212704442.png" [OS Error:5]
SiFacil.exe: 000039D4: 10:47:02 []:Error deleting file: "D:\SiFácil\Si-Facil\Controllers\Win32\Debug\cache\sifacil_exe\BxNdOwonfF10B3C9D8C\WJTGEE220930212704442.png" [OS Error:5]
SiFacil.exe: 000039D4: 10:47:02 []:Error deleting folder: "D:\SiFácil\Si-Facil\Controllers\Win32\Debug\cache\sifacil_exe\BxNdOwonfF10B3C9D8C\" [OS Error:145]
SiFacil.exe: 000039D4: 10:47:02 []:Error deleting file: "D:\SiFácil\Si-Facil\Controllers\Win32\Debug\cache\sifacil_exe\EuIH7h54dp10B3C9E31\KMAQAT220930212703265.png" [OS Error:5]
SiFacil.exe: 000039D4: 10:47:02 []:Error deleting file: "D:\SiFácil\Si-Facil\Controllers\Win32\Debug\cache\sifacil_exe\EuIH7h54dp10B3C9E31\LAYZJN220930212703265.png" [OS Error:5]
SiFacil.exe: 000039D4: 10:47:02 []:Error deleting file: "D:\SiFácil\Si-Facil\Controllers\Win32\Debug\cache\sifacil_exe\EuIH7h54dp10B3C9E31\MSYPLX220930212703265.png" [OS Error:5]
SiFacil.exe: 000039D4: 10:47:02 []:Error deleting file: "D:\SiFácil\Si-Facil\Controllers\Win32\Debug\cache\sifacil_exe\EuIH7h54dp10B3C9E31\TRBOEP220930212703265.png" [OS Error:5]
SiFacil.exe: 000039D4: 10:47:02 []:Error deleting file: "D:\SiFácil\Si-Facil\Controllers\Win32\Debug\cache\sifacil_exe\EuIH7h54dp10B3C9E31\VYAYFE220930212703265.png" [OS Error:5]
SiFacil.exe: 000039D4: 10:47:02 []:Error deleting file: "D:\SiFácil\Si-Facil\Controllers\Win32\Debug\cache\sifacil_exe\EuIH7h54dp10B3C9E31\WKAOTA220930212703265.png" [OS Error:5]
SiFacil.exe: 000039D4: 10:47:02 []:Error deleting file: "D:\SiFácil\Si-Facil\Controllers\Win32\Debug\cache\sifacil_exe\EuIH7h54dp10B3C9E31\YLPAMK220930212703265.png" [OS Error:5]
SiFacil.exe: 000039D4: 10:47:02 []:Error deleting folder: "D:\SiFácil\Si-Facil\Controllers\Win32\Debug\cache\sifacil_exe\EuIH7h54dp10B3C9E31\" [OS Error:145]
SiFacil.exe: 000039D4: 10:47:02 []:Error deleting file: "D:\SiFácil\Si-Facil\Controllers\Win32\Debug\cache\sifacil_exe\res\__0D793CC11ACA91ED2843D567.png" [OS Error:5]
SiFacil.exe: 000039D4: 10:47:02 []:Error deleting file: "D:\SiFácil\Si-Facil\Controllers\Win32\Debug\cache\sifacil_exe\res\__3F7F57AC57B3F503973356C7.png" [OS Error:5]
SiFacil.exe: 000039D4: 10:47:02 []:Error deleting file: "D:\SiFácil\Si-Facil\Controllers\Win32\Debug\cache\sifacil_exe\res\__6D4B95677BB2D9E2E8FE776F.png" [OS Error:5]
SiFacil.exe: 000039D4: 10:47:02 []:Error deleting file: "D:\SiFácil\Si-Facil\Controllers\Win32\Debug\cache\sifacil_exe\res\__74E35A3F1D828ED19265E674.png" [OS Error:5]
SiFacil.exe: 000039D4: 10:47:02 []:Error deleting file: "D:\SiFácil\Si-Facil\Controllers\Win32\Debug\cache\sifacil_exe\res\__8CA59ECAA03C3E802CE21CC6.png" [OS Error:5]
SiFacil.exe: 000039D4: 10:47:02 []:Error deleting file: "D:\SiFácil\Si-Facil\Controllers\Win32\Debug\cache\sifacil_exe\res\__9B946CE896C715A2325B7814.png" [OS Error:5]
SiFacil.exe: 000039D4: 10:47:02 []:Error deleting file: "D:\SiFácil\Si-Facil\Controllers\Win32\Debug\cache\sifacil_exe\res\__BCB3DEA5EBCB6F37A87F5249.png" [OS Error:5]
SiFacil.exe: 000039D4: 10:47:02 []:Error deleting file: "D:\SiFácil\Si-Facil\Controllers\Win32\Debug\cache\sifacil_exe\res\__C1B6C9AC1BCA3E4DDD81253D.png" [OS Error:5]
SiFacil.exe: 000039D4: 10:47:02 []:Error deleting file: "D:\SiFácil\Si-Facil\Controllers\Win32\Debug\cache\sifacil_exe\res\__E04CDB0E7C67BF6E5D66E722.png" [OS Error:5]
SiFacil.exe: 000039D4: 10:47:02 []:Error deleting file: "D:\SiFácil\Si-Facil\Controllers\Win32\Debug\cache\sifacil_exe\res\__F6CE4E7B02B9959FF98808EA.png" [OS Error:5]
SiFacil.exe: 000039D4: 10:47:02 []:Error deleting folder: "D:\SiFácil\Si-Facil\Controllers\Win32\Debug\cache\sifacil_exe\res\" [OS Error:145]
SiFacil.exe: 000039D4: 10:47:02 [TUniServerModule]:Global Cache Folder Erased. <12> Files deleted.
SiFacil.exe: 000039D4: 10:47:02 [TUniServerModule]:Starting HTTP Server on Port: 8077...
SiFacil.exe: 000039D4: 10:47:02 [TUniServerModule]:HTTP Server Started on Port: 8077
SiFacil.exe: 000004A0: 10:54:12 []:>--------------------------------------------------------------<
SiFacil.exe: 000004A0: 10:54:12 [TUniServerModule]:Server First Init.
SiFacil.exe: 000004A0: 10:54:12 [TUniServerModule]:Debug Mode = ON
SiFacil.exe: 000004A0: 10:54:12 []:Error deleting file: "D:\SiFácil\Si-Facil\Controllers\Win32\Debug\cache\sifacil_exe\BxNdOwonfF10B3C9D8C\FRKVRY220930212704442.png" [OS Error:5]
SiFacil.exe: 000004A0: 10:54:12 []:Error deleting file: "D:\SiFácil\Si-Facil\Controllers\Win32\Debug\cache\sifacil_exe\BxNdOwonfF10B3C9D8C\JJDIYL220930212704442.png" [OS Error:5]
SiFacil.exe: 000004A0: 10:54:12 []:Error deleting file: "D:\SiFácil\Si-Facil\Controllers\Win32\Debug\cache\sifacil_exe\BxNdOwonfF10B3C9D8C\NSGAKE220930212704442.png" [OS Error:5]
SiFacil.exe: 000004A0: 10:54:12 []:Error deleting file: "D:\SiFácil\Si-Facil\Controllers\Win32\Debug\cache\sifacil_exe\BxNdOwonfF10B3C9D8C\POPFRH220930212704442.png" [OS Error:5]
SiFacil.exe: 000004A0: 10:54:12 []:Error deleting file: "D:\SiFácil\Si-Facil\Controllers\Win32\Debug\cache\sifacil_exe\BxNdOwonfF10B3C9D8C\UBSGXQ220930212704442.png" [OS Error:5]
SiFacil.exe: 000004A0: 10:54:12 []:Error deleting file: "D:\SiFácil\Si-Facil\Controllers\Win32\Debug\cache\sifacil_exe\BxNdOwonfF10B3C9D8C\VSHYFB220930212704442.png" [OS Error:5]
SiFacil.exe: 000004A0: 10:54:12 []:Error deleting file: "D:\SiFácil\Si-Facil\Controllers\Win32\Debug\cache\sifacil_exe\BxNdOwonfF10B3C9D8C\WJTGEE220930212704442.png" [OS Error:5]
SiFacil.exe: 000004A0: 10:54:12 []:Error deleting folder: "D:\SiFácil\Si-Facil\Controllers\Win32\Debug\cache\sifacil_exe\BxNdOwonfF10B3C9D8C\" [OS Error:145]
SiFacil.exe: 000004A0: 10:54:12 []:Error deleting file: "D:\SiFácil\Si-Facil\Controllers\Win32\Debug\cache\sifacil_exe\EuIH7h54dp10B3C9E31\KMAQAT220930212703265.png" [OS Error:5]
SiFacil.exe: 000004A0: 10:54:12 []:Error deleting file: "D:\SiFácil\Si-Facil\Controllers\Win32\Debug\cache\sifacil_exe\EuIH7h54dp10B3C9E31\LAYZJN220930212703265.png" [OS Error:5]
SiFacil.exe: 000004A0: 10:54:12 []:Error deleting file: "D:\SiFácil\Si-Facil\Controllers\Win32\Debug\cache\sifacil_exe\EuIH7h54dp10B3C9E31\MSYPLX220930212703265.png" [OS Error:5]
SiFacil.exe: 000004A0: 10:54:12 []:Error deleting file: "D:\SiFácil\Si-Facil\Controllers\Win32\Debug\cache\sifacil_exe\EuIH7h54dp10B3C9E31\TRBOEP220930212703265.png" [OS Error:5]
SiFacil.exe: 000004A0: 10:54:12 []:Error deleting file: "D:\SiFácil\Si-Facil\Controllers\Win32\Debug\cache\sifacil_exe\EuIH7h54dp10B3C9E31\VYAYFE220930212703265.png" [OS Error:5]
SiFacil.exe: 000004A0: 10:54:12 []:Error deleting file: "D:\SiFácil\Si-Facil\Controllers\Win32\Debug\cache\sifacil_exe\EuIH7h54dp10B3C9E31\WKAOTA220930212703265.png" [OS Error:5]
SiFacil.exe: 000004A0: 10:54:12 []:Error deleting file: "D:\SiFácil\Si-Facil\Controllers\Win32\Debug\cache\sifacil_exe\EuIH7h54dp10B3C9E31\YLPAMK220930212703265.png" [OS Error:5]
SiFacil.exe: 000004A0: 10:54:12 []:Error deleting folder: "D:\SiFácil\Si-Facil\Controllers\Win32\Debug\cache\sifacil_exe\EuIH7h54dp10B3C9E31\" [OS Error:145]
SiFacil.exe: 000004A0: 10:54:12 []:Error deleting file: "D:\SiFácil\Si-Facil\Controllers\Win32\Debug\cache\sifacil_exe\res\__0D793CC11ACA91ED2843D567.png" [OS Error:5]
SiFacil.exe: 000004A0: 10:54:12 []:Error deleting file: "D:\SiFácil\Si-Facil\Controllers\Win32\Debug\cache\sifacil_exe\res\__3F7F57AC57B3F503973356C7.png" [OS Error:5]
SiFacil.exe: 000004A0: 10:54:12 []:Error deleting file: "D:\SiFácil\Si-Facil\Controllers\Win32\Debug\cache\sifacil_exe\res\__6D4B95677BB2D9E2E8FE776F.png" [OS Error:5]
SiFacil.exe: 000004A0: 10:54:12 []:Error deleting file: "D:\SiFácil\Si-Facil\Controllers\Win32\Debug\cache\sifacil_exe\res\__74E35A3F1D828ED19265E674.png" [OS Error:5]
SiFacil.exe: 000004A0: 10:54:12 []:Error deleting file: "D:\SiFácil\Si-Facil\Controllers\Win32\Debug\cache\sifacil_exe\res\__8CA59ECAA03C3E802CE21CC6.png" [OS Error:5]
SiFacil.exe: 000004A0: 10:54:12 []:Error deleting file: "D:\SiFácil\Si-Facil\Controllers\Win32\Debug\cache\sifacil_exe\res\__9B946CE896C715A2325B7814.png" [OS Error:5]
SiFacil.exe: 000004A0: 10:54:12 []:Error deleting file: "D:\SiFácil\Si-Facil\Controllers\Win32\Debug\cache\sifacil_exe\res\__BCB3DEA5EBCB6F37A87F5249.png" [OS Error:5]
SiFacil.exe: 000004A0: 10:54:12 []:Error deleting file: "D:\SiFácil\Si-Facil\Controllers\Win32\Debug\cache\sifacil_exe\res\__C1B6C9AC1BCA3E4DDD81253D.png" [OS Error:5]
SiFacil.exe: 000004A0: 10:54:12 []:Error deleting file: "D:\SiFácil\Si-Facil\Controllers\Win32\Debug\cache\sifacil_exe\res\__E04CDB0E7C67BF6E5D66E722.png" [OS Error:5]
SiFacil.exe: 000004A0: 10:54:12 []:Error deleting file: "D:\SiFácil\Si-Facil\Controllers\Win32\Debug\cache\sifacil_exe\res\__F6CE4E7B02B9959FF98808EA.png" [OS Error:5]
SiFacil.exe: 000004A0: 10:54:12 []:Error deleting folder: "D:\SiFácil\Si-Facil\Controllers\Win32\Debug\cache\sifacil_exe\res\" [OS Error:145]
SiFacil.exe: 000004A0: 10:54:12 [TUniServerModule]:Global Cache Folder Erased. <1> Files deleted.
SiFacil.exe: 000004A0: 10:54:12 [TUniServerModule]:Starting HTTP Server on Port: 8077...
SiFacil.exe: 000004A0: 10:54:12 [TUniServerModule]:HTTP Server Started on Port: 8077
SiFacil.exe: 00001794: 10:56:03 [127.0.0.1]:EUniSessionException : Invalid session or session Timeout. : Addr: $00791D57
SiFacil.exe: 00002AC0: 11:13:42 [127.0.0.1]:EUniSessionException : Invalid session or session Timeout. : Addr: $00791D57
SiFacil.exe: 00001B3C: 11:16:17 []:>--------------------------------------------------------------<
SiFacil.exe: 00001B3C: 11:16:17 [TUniServerModule]:Server First Init.
SiFacil.exe: 00001B3C: 11:16:17 [TUniServerModule]:Debug Mode = ON
SiFacil.exe: 00001B3C: 11:16:17 []:Error deleting file: "D:\SiFácil\Si-Facil\Controllers\Win32\Debug\cache\sifacil_exe\BxNdOwonfF10B3C9D8C\FRKVRY220930212704442.png" [OS Error:5]
SiFacil.exe: 00001B3C: 11:16:17 []:Error deleting file: "D:\SiFácil\Si-Facil\Controllers\Win32\Debug\cache\sifacil_exe\BxNdOwonfF10B3C9D8C\JJDIYL220930212704442.png" [OS Error:5]
SiFacil.exe: 00001B3C: 11:16:17 []:Error deleting file: "D:\SiFácil\Si-Facil\Controllers\Win32\Debug\cache\sifacil_exe\BxNdOwonfF10B3C9D8C\NSGAKE220930212704442.png" [OS Error:5]
SiFacil.exe: 00001B3C: 11:16:17 []:Error deleting file: "D:\SiFácil\Si-Facil\Controllers\Win32\Debug\cache\sifacil_exe\BxNdOwonfF10B3C9D8C\POPFRH220930212704442.png" [OS Error:5]
SiFacil.exe: 00001B3C: 11:16:17 []:Error deleting file: "D:\SiFácil\Si-Facil\Controllers\Win32\Debug\cache\sifacil_exe\BxNdOwonfF10B3C9D8C\UBSGXQ220930212704442.png" [OS Error:5]
SiFacil.exe: 00001B3C: 11:16:17 []:Error deleting file: "D:\SiFácil\Si-Facil\Controllers\Win32\Debug\cache\sifacil_exe\BxNdOwonfF10B3C9D8C\VSHYFB220930212704442.png" [OS Error:5]
SiFacil.exe: 00001B3C: 11:16:17 []:Error deleting file: "D:\SiFácil\Si-Facil\Controllers\Win32\Debug\cache\sifacil_exe\BxNdOwonfF10B3C9D8C\WJTGEE220930212704442.png" [OS Error:5]
SiFacil.exe: 00001B3C: 11:16:17 []:Error deleting folder: "D:\SiFácil\Si-Facil\Controllers\Win32\Debug\cache\sifacil_exe\BxNdOwonfF10B3C9D8C\" [OS Error:145]
SiFacil.exe: 00001B3C: 11:16:17 []:Error deleting file: "D:\SiFácil\Si-Facil\Controllers\Win32\Debug\cache\sifacil_exe\EuIH7h54dp10B3C9E31\KMAQAT220930212703265.png" [OS Error:5]
SiFacil.exe: 00001B3C: 11:16:17 []:Error deleting file: "D:\SiFácil\Si-Facil\Controllers\Win32\Debug\cache\sifacil_exe\EuIH7h54dp10B3C9E31\LAYZJN220930212703265.png" [OS Error:5]
SiFacil.exe: 00001B3C: 11:16:17 []:Error deleting file: "D:\SiFácil\Si-Facil\Controllers\Win32\Debug\cache\sifacil_exe\EuIH7h54dp10B3C9E31\MSYPLX220930212703265.png" [OS Error:5]
SiFacil.exe: 00001B3C: 11:16:17 []:Error deleting file: "D:\SiFácil\Si-Facil\Controllers\Win32\Debug\cache\sifacil_exe\EuIH7h54dp10B3C9E31\TRBOEP220930212703265.png" [OS Error:5]
SiFacil.exe: 00001B3C: 11:16:17 []:Error deleting file: "D:\SiFácil\Si-Facil\Controllers\Win32\Debug\cache\sifacil_exe\EuIH7h54dp10B3C9E31\VYAYFE220930212703265.png" [OS Error:5]
SiFacil.exe: 00001B3C: 11:16:17 []:Error deleting file: "D:\SiFácil\Si-Facil\Controllers\Win32\Debug\cache\sifacil_exe\EuIH7h54dp10B3C9E31\WKAOTA220930212703265.png" [OS Error:5]
SiFacil.exe: 00001B3C: 11:16:17 []:Error deleting file: "D:\SiFácil\Si-Facil\Controllers\Win32\Debug\cache\sifacil_exe\EuIH7h54dp10B3C9E31\YLPAMK220930212703265.png" [OS Error:5]
SiFacil.exe: 00001B3C: 11:16:17 []:Error deleting folder: "D:\SiFácil\Si-Facil\Controllers\Win32\Debug\cache\sifacil_exe\EuIH7h54dp10B3C9E31\" [OS Error:145]
SiFacil.exe: 00001B3C: 11:16:17 []:Error deleting file: "D:\SiFácil\Si-Facil\Controllers\Win32\Debug\cache\sifacil_exe\res\__0D793CC11ACA91ED2843D567.png" [OS Error:5]
SiFacil.exe: 00001B3C: 11:16:17 []:Error deleting file: "D:\SiFácil\Si-Facil\Controllers\Win32\Debug\cache\sifacil_exe\res\__3F7F57AC57B3F503973356C7.png" [OS Error:5]
SiFacil.exe: 00001B3C: 11:16:17 []:Error deleting file: "D:\SiFácil\Si-Facil\Controllers\Win32\Debug\cache\sifacil_exe\res\__6D4B95677BB2D9E2E8FE776F.png" [OS Error:5]
SiFacil.exe: 00001B3C: 11:16:17 []:Error deleting file: "D:\SiFácil\Si-Facil\Controllers\Win32\Debug\cache\sifacil_exe\res\__74E35A3F1D828ED19265E674.png" [OS Error:5]
SiFacil.exe: 00001B3C: 11:16:17 []:Error deleting file: "D:\SiFácil\Si-Facil\Controllers\Win32\Debug\cache\sifacil_exe\res\__8CA59ECAA03C3E802CE21CC6.png" [OS Error:5]
SiFacil.exe: 00001B3C: 11:16:17 []:Error deleting file: "D:\SiFácil\Si-Facil\Controllers\Win32\Debug\cache\sifacil_exe\res\__9B946CE896C715A2325B7814.png" [OS Error:5]
SiFacil.exe: 00001B3C: 11:16:17 []:Error deleting file: "D:\SiFácil\Si-Facil\Controllers\Win32\Debug\cache\sifacil_exe\res\__BCB3DEA5EBCB6F37A87F5249.png" [OS Error:5]
SiFacil.exe: 00001B3C: 11:16:17 []:Error deleting file: "D:\SiFácil\Si-Facil\Controllers\Win32\Debug\cache\sifacil_exe\res\__C1B6C9AC1BCA3E4DDD81253D.png" [OS Error:5]
SiFacil.exe: 00001B3C: 11:16:17 []:Error deleting file: "D:\SiFácil\Si-Facil\Controllers\Win32\Debug\cache\sifacil_exe\res\__E04CDB0E7C67BF6E5D66E722.png" [OS Error:5]
SiFacil.exe: 00001B3C: 11:16:17 []:Error deleting file: "D:\SiFácil\Si-Facil\Controllers\Win32\Debug\cache\sifacil_exe\res\__F6CE4E7B02B9959FF98808EA.png" [OS Error:5]
SiFacil.exe: 00001B3C: 11:16:17 []:Error deleting folder: "D:\SiFácil\Si-Facil\Controllers\Win32\Debug\cache\sifacil_exe\res\" [OS Error:145]
SiFacil.exe: 00001B3C: 11:16:17 [TUniServerModule]:Global Cache Folder Erased. <12> Files deleted.
SiFacil.exe: 00001B3C: 11:16:17 [TUniServerModule]:Starting HTTP Server on Port: 8077...
SiFacil.exe: 00001B3C: 11:16:17 [TUniServerModule]:HTTP Server Started on Port: 8077
SiFacil.exe: 00003388: 11:16:32 [127.0.0.1]:EUniSessionException : Invalid session or session Timeout. : Addr: $00791D57
SiFacil.exe: 00000DC4: 12:57:34 []:>--------------------------------------------------------------<
SiFacil.exe: 00000DC4: 12:57:34 [TUniServerModule]:Server First Init.
SiFacil.exe: 00000DC4: 12:57:35 [TUniServerModule]:Debug Mode = ON
SiFacil.exe: 00000DC4: 12:57:35 []:Error deleting file: "D:\SiFácil\Si-Facil\Controllers\Win32\Debug\cache\sifacil_exe\BxNdOwonfF10B3C9D8C\FRKVRY220930212704442.png" [OS Error:5]
SiFacil.exe: 00000DC4: 12:57:35 []:Error deleting file: "D:\SiFácil\Si-Facil\Controllers\Win32\Debug\cache\sifacil_exe\BxNdOwonfF10B3C9D8C\JJDIYL220930212704442.png" [OS Error:5]
SiFacil.exe: 00000DC4: 12:57:35 []:Error deleting file: "D:\SiFácil\Si-Facil\Controllers\Win32\Debug\cache\sifacil_exe\BxNdOwonfF10B3C9D8C\NSGAKE220930212704442.png" [OS Error:5]
SiFacil.exe: 00000DC4: 12:57:35 []:Error deleting file: "D:\SiFácil\Si-Facil\Controllers\Win32\Debug\cache\sifacil_exe\BxNdOwonfF10B3C9D8C\POPFRH220930212704442.png" [OS Error:5]
SiFacil.exe: 00000DC4: 12:57:35 []:Error deleting file: "D:\SiFácil\Si-Facil\Controllers\Win32\Debug\cache\sifacil_exe\BxNdOwonfF10B3C9D8C\UBSGXQ220930212704442.png" [OS Error:5]
SiFacil.exe: 00000DC4: 12:57:35 []:Error deleting file: "D:\SiFácil\Si-Facil\Controllers\Win32\Debug\cache\sifacil_exe\BxNdOwonfF10B3C9D8C\VSHYFB220930212704442.png" [OS Error:5]
SiFacil.exe: 00000DC4: 12:57:35 []:Error deleting file: "D:\SiFácil\Si-Facil\Controllers\Win32\Debug\cache\sifacil_exe\BxNdOwonfF10B3C9D8C\WJTGEE220930212704442.png" [OS Error:5]
SiFacil.exe: 00000DC4: 12:57:35 []:Error deleting folder: "D:\SiFácil\Si-Facil\Controllers\Win32\Debug\cache\sifacil_exe\BxNdOwonfF10B3C9D8C\" [OS Error:145]
SiFacil.exe: 00000DC4: 12:57:35 []:Error deleting file: "D:\SiFácil\Si-Facil\Controllers\Win32\Debug\cache\sifacil_exe\EuIH7h54dp10B3C9E31\KMAQAT220930212703265.png" [OS Error:5]
SiFacil.exe: 00000DC4: 12:57:35 []:Error deleting file: "D:\SiFácil\Si-Facil\Controllers\Win32\Debug\cache\sifacil_exe\EuIH7h54dp10B3C9E31\LAYZJN220930212703265.png" [OS Error:5]
SiFacil.exe: 00000DC4: 12:57:35 []:Error deleting file: "D:\SiFácil\Si-Facil\Controllers\Win32\Debug\cache\sifacil_exe\EuIH7h54dp10B3C9E31\MSYPLX220930212703265.png" [OS Error:5]
SiFacil.exe: 00000DC4: 12:57:35 []:Error deleting file: "D:\SiFácil\Si-Facil\Controllers\Win32\Debug\cache\sifacil_exe\EuIH7h54dp10B3C9E31\TRBOEP220930212703265.png" [OS Error:5]
SiFacil.exe: 00000DC4: 12:57:35 []:Error deleting file: "D:\SiFácil\Si-Facil\Controllers\Win32\Debug\cache\sifacil_exe\EuIH7h54dp10B3C9E31\VYAYFE220930212703265.png" [OS Error:5]
SiFacil.exe: 00000DC4: 12:57:35 []:Error deleting file: "D:\SiFácil\Si-Facil\Controllers\Win32\Debug\cache\sifacil_exe\EuIH7h54dp10B3C9E31\WKAOTA220930212703265.png" [OS Error:5]
SiFacil.exe: 00000DC4: 12:57:35 []:Error deleting file: "D:\SiFácil\Si-Facil\Controllers\Win32\Debug\cache\sifacil_exe\EuIH7h54dp10B3C9E31\YLPAMK220930212703265.png" [OS Error:5]
SiFacil.exe: 00000DC4: 12:57:35 []:Error deleting folder: "D:\SiFácil\Si-Facil\Controllers\Win32\Debug\cache\sifacil_exe\EuIH7h54dp10B3C9E31\" [OS Error:145]
SiFacil.exe: 00000DC4: 12:57:35 []:Error deleting file: "D:\SiFácil\Si-Facil\Controllers\Win32\Debug\cache\sifacil_exe\res\__0D793CC11ACA91ED2843D567.png" [OS Error:5]
SiFacil.exe: 00000DC4: 12:57:35 []:Error deleting file: "D:\SiFácil\Si-Facil\Controllers\Win32\Debug\cache\sifacil_exe\res\__3F7F57AC57B3F503973356C7.png" [OS Error:5]
SiFacil.exe: 00000DC4: 12:57:35 []:Error deleting file: "D:\SiFácil\Si-Facil\Controllers\Win32\Debug\cache\sifacil_exe\res\__6D4B95677BB2D9E2E8FE776F.png" [OS Error:5]
SiFacil.exe: 00000DC4: 12:57:35 []:Error deleting file: "D:\SiFácil\Si-Facil\Controllers\Win32\Debug\cache\sifacil_exe\res\__74E35A3F1D828ED19265E674.png" [OS Error:5]
SiFacil.exe: 00000DC4: 12:57:35 []:Error deleting file: "D:\SiFácil\Si-Facil\Controllers\Win32\Debug\cache\sifacil_exe\res\__8CA59ECAA03C3E802CE21CC6.png" [OS Error:5]
SiFacil.exe: 00000DC4: 12:57:35 []:Error deleting file: "D:\SiFácil\Si-Facil\Controllers\Win32\Debug\cache\sifacil_exe\res\__9B946CE896C715A2325B7814.png" [OS Error:5]
SiFacil.exe: 00000DC4: 12:57:35 []:Error deleting file: "D:\SiFácil\Si-Facil\Controllers\Win32\Debug\cache\sifacil_exe\res\__BCB3DEA5EBCB6F37A87F5249.png" [OS Error:5]
SiFacil.exe: 00000DC4: 12:57:35 []:Error deleting file: "D:\SiFácil\Si-Facil\Controllers\Win32\Debug\cache\sifacil_exe\res\__C1B6C9AC1BCA3E4DDD81253D.png" [OS Error:5]
SiFacil.exe: 00000DC4: 12:57:35 []:Error deleting file: "D:\SiFácil\Si-Facil\Controllers\Win32\Debug\cache\sifacil_exe\res\__E04CDB0E7C67BF6E5D66E722.png" [OS Error:5]
SiFacil.exe: 00000DC4: 12:57:35 []:Error deleting file: "D:\SiFácil\Si-Facil\Controllers\Win32\Debug\cache\sifacil_exe\res\__F6CE4E7B02B9959FF98808EA.png" [OS Error:5]
SiFacil.exe: 00000DC4: 12:57:35 []:Error deleting folder: "D:\SiFácil\Si-Facil\Controllers\Win32\Debug\cache\sifacil_exe\res\" [OS Error:145]
SiFacil.exe: 00000DC4: 12:57:35 [TUniServerModule]:Global Cache Folder Erased. <12> Files deleted.
SiFacil.exe: 00000DC4: 12:57:35 [TUniServerModule]:Starting HTTP Server on Port: 8077...
SiFacil.exe: 00000DC4: 12:57:35 [TUniServerModule]:HTTP Server Started on Port: 8077
SiFacil.exe: 00002274: 12:57:36 [127.0.0.1]:EUniSessionException : Invalid session or session Timeout. : Addr: $00791D57
