SiFacil.exe: 00000914: 09:13:12 []:>--------------------------------------------------------------<
SiFacil.exe: 00000914: 09:13:12 [TUniServerModule]:Server First Init.
SiFacil.exe: 00000914: 09:13:12 [TUniServerModule]:Debug Mode = ON
SiFacil.exe: 00000914: 09:13:12 [TUniServerModule]:Global Cache Folder Erased. <23> Files deleted.
SiFacil.exe: 00000914: 09:13:12 [TUniServerModule]:Starting HTTP Server on Port: 8077...
SiFacil.exe: 00000914: 09:13:12 [TUniServerModule]:HTTP Server Started on Port: 8077
SiFacil.exe: 0000347C: 09:27:41 [127.0.0.1]:EUniSessionException : Invalid session or session Timeout. : Addr: $00794143
SiFacil.exe: 000005BC: 09:41:01 []:>--------------------------------------------------------------<
SiFacil.exe: 000005BC: 09:41:01 [TUniServerModule]:Server First Init.
SiFacil.exe: 000005BC: 09:41:01 [TUniServerModule]:Debug Mode = ON
SiFacil.exe: 000005BC: 09:41:01 [TUniServerModule]:Global Cache Folder Erased. <24> Files deleted.
SiFacil.exe: 000005BC: 09:41:01 [TUniServerModule]:Starting HTTP Server on Port: 8077...
SiFacil.exe: 000005BC: 09:41:01 [TUniServerModule]:HTTP Server Started on Port: 8077
SiFacil.exe: 00002610: 09:42:52 [127.0.0.1]:EUniSessionException : Invalid session or session Timeout. : Addr: $00794143
SiFacil.exe: 00002370: 09:47:46 []:>--------------------------------------------------------------<
SiFacil.exe: 00002370: 09:47:46 [TUniServerModule]:Server First Init.
SiFacil.exe: 00002370: 09:47:46 [TUniServerModule]:Debug Mode = ON
SiFacil.exe: 00002370: 09:47:46 [TUniServerModule]:Global Cache Folder Erased. <38> Files deleted.
SiFacil.exe: 00002370: 09:47:46 [TUniServerModule]:Starting HTTP Server on Port: 8077...
SiFacil.exe: 00002370: 09:47:46 [TUniServerModule]:HTTP Server Started on Port: 8077
SiFacil.exe: 00000E9C: 09:48:25 [127.0.0.1]:EUniSessionException : Invalid session or session Timeout. : Addr: $00794143
SiFacil.exe: 00003020: 10:01:48 []:>--------------------------------------------------------------<
SiFacil.exe: 00003020: 10:01:48 [TUniServerModule]:Server First Init.
SiFacil.exe: 00003020: 10:01:48 [TUniServerModule]:Debug Mode = ON
SiFacil.exe: 00003020: 10:01:48 [TUniServerModule]:Global Cache Folder Erased. <23> Files deleted.
SiFacil.exe: 00003020: 10:01:48 [TUniServerModule]:Starting HTTP Server on Port: 8077...
SiFacil.exe: 00003020: 10:01:48 [TUniServerModule]:HTTP Server Started on Port: 8077
SiFacil.exe: 00000990: 10:01:48 [127.0.0.1]:EUniSessionException : Invalid session or session Timeout. : Addr: $00794143
SiFacil.exe: 00001C74: 10:01:48 [127.0.0.1]:EUniSessionException : Invalid session or session Timeout. : Addr: $00794143
SiFacil.exe: 00001E1C: 10:01:48 [127.0.0.1]:EUniSessionException : Invalid session or session Timeout. : Addr: $00794143
SiFacil.exe: 00003688: 10:12:36 []:>--------------------------------------------------------------<
SiFacil.exe: 00003688: 10:12:36 [TUniServerModule]:Server First Init.
SiFacil.exe: 00003688: 10:12:36 [TUniServerModule]:Debug Mode = ON
SiFacil.exe: 00003688: 10:12:36 [TUniServerModule]:Global Cache Folder Erased. <33> Files deleted.
SiFacil.exe: 00003688: 10:12:36 [TUniServerModule]:Starting HTTP Server on Port: 8077...
SiFacil.exe: 00003688: 10:12:36 [TUniServerModule]:HTTP Server Started on Port: 8077
SiFacil.exe: 00002B80: 10:13:11 [127.0.0.1]:EUniSessionException : Invalid session or session Timeout. : Addr: $00794143
SiFacil.exe: 000014F8: 10:15:32 []:>--------------------------------------------------------------<
SiFacil.exe: 000014F8: 10:15:32 [TUniServerModule]:Server First Init.
SiFacil.exe: 000014F8: 10:15:32 [TUniServerModule]:Debug Mode = ON
SiFacil.exe: 000014F8: 10:15:32 [TUniServerModule]:Global Cache Folder Erased. <23> Files deleted.
SiFacil.exe: 000014F8: 10:15:33 [TUniServerModule]:Starting HTTP Server on Port: 8077...
SiFacil.exe: 000014F8: 10:15:33 [TUniServerModule]:HTTP Server Started on Port: 8077
SiFacil.exe: 00002CC8: 10:15:33 [127.0.0.1]:EUniSessionException : Invalid session or session Timeout. : Addr: $00794143
SiFacil.exe: 00001610: 10:15:33 [127.0.0.1]:EUniSessionException : Invalid session or session Timeout. : Addr: $00794143
SiFacil.exe: 00002B0C: 10:22:22 []:>--------------------------------------------------------------<
SiFacil.exe: 00002B0C: 10:22:22 [TUniServerModule]:Server First Init.
SiFacil.exe: 00002B0C: 10:22:22 [TUniServerModule]:Debug Mode = ON
SiFacil.exe: 00002B0C: 10:22:22 [TUniServerModule]:Global Cache Folder Erased. <23> Files deleted.
SiFacil.exe: 00002B0C: 10:22:22 [TUniServerModule]:Starting HTTP Server on Port: 8077...
SiFacil.exe: 00002B0C: 10:22:22 [TUniServerModule]:HTTP Server Started on Port: 8077
SiFacil.exe: 00002938: 10:23:00 [127.0.0.1]:EUniSessionException : Invalid session or session Timeout. : Addr: $00794143
SiFacil.exe: 00002E6C: 10:25:57 []:>--------------------------------------------------------------<
SiFacil.exe: 00002E6C: 10:25:57 [TUniServerModule]:Server First Init.
SiFacil.exe: 00002E6C: 10:25:57 [TUniServerModule]:Debug Mode = ON
SiFacil.exe: 00002E6C: 10:25:57 [TUniServerModule]:Global Cache Folder Erased. <23> Files deleted.
SiFacil.exe: 00002E6C: 10:25:57 [TUniServerModule]:Starting HTTP Server on Port: 8077...
SiFacil.exe: 00002E6C: 10:25:57 [TUniServerModule]:HTTP Server Started on Port: 8077
SiFacil.exe: 000035B0: 10:26:02 [127.0.0.1]:EUniSessionException : Invalid session or session Timeout. : Addr: $00794143
SiFacil.exe: 00001710: 11:03:56 []:>--------------------------------------------------------------<
SiFacil.exe: 00001710: 11:03:56 [TUniServerModule]:Server First Init.
SiFacil.exe: 00001710: 11:03:56 [TUniServerModule]:Debug Mode = ON
SiFacil.exe: 00001710: 11:03:56 [TUniServerModule]:Global Cache Folder Erased. <27> Files deleted.
SiFacil.exe: 00001710: 11:03:56 [TUniServerModule]:Starting HTTP Server on Port: 8077...
SiFacil.exe: 00001710: 11:03:56 [TUniServerModule]:HTTP Server Started on Port: 8077
SiFacil.exe: 000004CC: 11:03:57 [127.0.0.1]:EUniSessionException : Invalid session or session Timeout. : Addr: $00794143
SiFacil.exe: 00002C90: 11:16:27 []:>--------------------------------------------------------------<
SiFacil.exe: 00002C90: 11:16:27 [TUniServerModule]:Server First Init.
SiFacil.exe: 00002C90: 11:16:27 [TUniServerModule]:Debug Mode = ON
SiFacil.exe: 00002C90: 11:16:27 [TUniServerModule]:Global Cache Folder Erased. <24> Files deleted.
SiFacil.exe: 00002C90: 11:16:27 [TUniServerModule]:Starting HTTP Server on Port: 8077...
SiFacil.exe: 00002C90: 11:16:27 [TUniServerModule]:HTTP Server Started on Port: 8077
SiFacil.exe: 000030F0: 11:17:05 [127.0.0.1]:EUniSessionException : Invalid session or session Timeout. : Addr: $00794143
SiFacil.exe: 00000A54: 11:20:10 []:>--------------------------------------------------------------<
SiFacil.exe: 00000A54: 11:20:10 [TUniServerModule]:Server First Init.
SiFacil.exe: 00000A54: 11:20:10 [TUniServerModule]:Debug Mode = ON
SiFacil.exe: 00000A54: 11:20:10 [TUniServerModule]:Global Cache Folder Erased. <4> Files deleted.
SiFacil.exe: 00000A54: 11:20:11 [TUniServerModule]:Starting HTTP Server on Port: 8077...
SiFacil.exe: 00000A54: 11:20:11 [TUniServerModule]:HTTP Server Started on Port: 8077
SiFacil.exe: 0000269C: 11:20:40 [127.0.0.1]:EUniSessionException : Invalid session or session Timeout. : Addr: $00794143
SiFacil.exe: 00000870: 11:26:15 []:>--------------------------------------------------------------<
SiFacil.exe: 00000870: 11:26:15 [TUniServerModule]:Server First Init.
SiFacil.exe: 00000870: 11:26:15 [TUniServerModule]:Debug Mode = ON
SiFacil.exe: 00000870: 11:26:15 [TUniServerModule]:Global Cache Folder Erased. <4> Files deleted.
SiFacil.exe: 00000870: 11:26:15 [TUniServerModule]:Starting HTTP Server on Port: 8077...
SiFacil.exe: 00000870: 11:26:15 [TUniServerModule]:HTTP Server Started on Port: 8077
SiFacil.exe: 00002600: 11:26:17 [127.0.0.1]:EUniSessionException : Invalid session or session Timeout. : Addr: $00794143
SiFacil.exe: 0000242C: 11:33:16 []:>--------------------------------------------------------------<
SiFacil.exe: 0000242C: 11:33:16 [TUniServerModule]:Server First Init.
SiFacil.exe: 0000242C: 11:33:16 [TUniServerModule]:Debug Mode = ON
SiFacil.exe: 0000242C: 11:33:16 [TUniServerModule]:Global Cache Folder Erased. <23> Files deleted.
SiFacil.exe: 0000242C: 11:33:16 [TUniServerModule]:Starting HTTP Server on Port: 8077...
SiFacil.exe: 0000242C: 11:33:16 [TUniServerModule]:HTTP Server Started on Port: 8077
SiFacil.exe: 00003274: 11:33:22 [127.0.0.1]:EUniSessionException : Invalid session or session Timeout. : Addr: $00794143
SiFacil.exe: 000001E4: 12:44:20 []:>--------------------------------------------------------------<
SiFacil.exe: 000001E4: 12:44:20 [TUniServerModule]:Server First Init.
SiFacil.exe: 000001E4: 12:44:20 [TUniServerModule]:Debug Mode = ON
SiFacil.exe: 000001E4: 12:44:20 [TUniServerModule]:Global Cache Folder Erased. <23> Files deleted.
SiFacil.exe: 000001E4: 12:44:20 [TUniServerModule]:Starting HTTP Server on Port: 8077...
SiFacil.exe: 000001E4: 12:44:21 [TUniServerModule]:HTTP Server Started on Port: 8077
SiFacil.exe: 00002E64: 12:44:21 [127.0.0.1]:EUniSessionException : Invalid session or session Timeout. : Addr: $00794143
SiFacil.exe: 00002C48: 12:54:55 []:>--------------------------------------------------------------<
SiFacil.exe: 00002C48: 12:54:55 [TUniServerModule]:Server First Init.
SiFacil.exe: 00002C48: 12:54:55 [TUniServerModule]:Debug Mode = ON
SiFacil.exe: 00002C48: 12:54:55 [TUniServerModule]:Global Cache Folder Erased. <24> Files deleted.
SiFacil.exe: 00002C48: 12:54:55 [TUniServerModule]:Starting HTTP Server on Port: 8077...
SiFacil.exe: 00002C48: 12:54:55 [TUniServerModule]:HTTP Server Started on Port: 8077
SiFacil.exe: 00000FDC: 12:54:59 [127.0.0.1]:EUniSessionException : Invalid session or session Timeout. : Addr: $00794143
SiFacil.exe: 00000F40: 12:56:34 []:>--------------------------------------------------------------<
SiFacil.exe: 00000F40: 12:56:34 [TUniServerModule]:Server First Init.
SiFacil.exe: 00000F40: 12:56:34 [TUniServerModule]:Debug Mode = ON
SiFacil.exe: 00000F40: 12:56:34 [TUniServerModule]:Global Cache Folder Erased. <22> Files deleted.
SiFacil.exe: 00000F40: 12:56:34 [TUniServerModule]:Starting HTTP Server on Port: 8077...
SiFacil.exe: 00000F40: 12:56:34 [TUniServerModule]:HTTP Server Started on Port: 8077
SiFacil.exe: 00001C68: 12:56:48 [127.0.0.1]:EUniSessionException : Invalid session or session Timeout. : Addr: $00794143
SiFacil.exe: 000032F8: 13:01:13 []:>--------------------------------------------------------------<
SiFacil.exe: 000032F8: 13:01:13 [TUniServerModule]:Server First Init.
SiFacil.exe: 000032F8: 13:01:13 [TUniServerModule]:Debug Mode = ON
SiFacil.exe: 000032F8: 13:01:13 [TUniServerModule]:Global Cache Folder Erased. <23> Files deleted.
SiFacil.exe: 000032F8: 13:01:13 [TUniServerModule]:Starting HTTP Server on Port: 8077...
SiFacil.exe: 000032F8: 13:01:13 [TUniServerModule]:HTTP Server Started on Port: 8077
SiFacil.exe: 00002118: 13:01:18 [127.0.0.1]:EUniSessionException : Invalid session or session Timeout. : Addr: $00794143
SiFacil.exe: 00002B4C: 13:06:55 []:>--------------------------------------------------------------<
SiFacil.exe: 00002B4C: 13:06:55 [TUniServerModule]:Server First Init.
SiFacil.exe: 00002B4C: 13:06:55 [TUniServerModule]:Debug Mode = ON
SiFacil.exe: 00002B4C: 13:06:55 [TUniServerModule]:Global Cache Folder Erased. <21> Files deleted.
SiFacil.exe: 00002B4C: 13:06:55 [TUniServerModule]:Starting HTTP Server on Port: 8077...
SiFacil.exe: 00002B4C: 13:06:55 [TUniServerModule]:HTTP Server Started on Port: 8077
SiFacil.exe: 00003734: 13:07:02 [127.0.0.1]:EUniSessionException : Invalid session or session Timeout. : Addr: $00794143
SiFacil.exe: 000032C4: 13:13:20 []:>--------------------------------------------------------------<
SiFacil.exe: 000032C4: 13:13:20 [TUniServerModule]:Server First Init.
SiFacil.exe: 000032C4: 13:13:20 [TUniServerModule]:Debug Mode = ON
SiFacil.exe: 000032C4: 13:13:20 [TUniServerModule]:Global Cache Folder Erased. <31> Files deleted.
SiFacil.exe: 000032C4: 13:13:20 [TUniServerModule]:Starting HTTP Server on Port: 8077...
SiFacil.exe: 000032C4: 13:13:20 [TUniServerModule]:HTTP Server Started on Port: 8077
SiFacil.exe: 000026A0: 13:13:25 [127.0.0.1]:EUniSessionException : Invalid session or session Timeout. : Addr: $00794143
SiFacil.exe: 00002798: 13:16:24 []:>--------------------------------------------------------------<
SiFacil.exe: 00002798: 13:16:24 [TUniServerModule]:Server First Init.
SiFacil.exe: 00002798: 13:16:24 [TUniServerModule]:Debug Mode = ON
SiFacil.exe: 00002798: 13:16:24 [TUniServerModule]:Global Cache Folder Erased. <21> Files deleted.
SiFacil.exe: 00002798: 13:16:24 [TUniServerModule]:Starting HTTP Server on Port: 8077...
SiFacil.exe: 00002798: 13:16:24 [TUniServerModule]:HTTP Server Started on Port: 8077
SiFacil.exe: 000010A4: 13:16:27 [127.0.0.1]:EUniSessionException : Invalid session or session Timeout. : Addr: $00794143
SiFacil.exe: 00000954: 13:17:13 [127.0.0.1]:EUniSessionException : Invalid session or session Timeout. : Addr: $00794143
SiFacil.exe: 00003478: 13:17:13 [127.0.0.1]:EUniSessionException : Invalid session or session Timeout. : Addr: $00794143
SiFacil.exe: 00002D20: 13:18:00 []:>--------------------------------------------------------------<
SiFacil.exe: 00002D20: 13:18:00 [TUniServerModule]:Server First Init.
SiFacil.exe: 00002D20: 13:18:00 [TUniServerModule]:Debug Mode = ON
SiFacil.exe: 00002D20: 13:18:00 [TUniServerModule]:Global Cache Folder Erased. <31> Files deleted.
SiFacil.exe: 00002D20: 13:18:00 [TUniServerModule]:Starting HTTP Server on Port: 8077...
SiFacil.exe: 00002D20: 13:18:00 [TUniServerModule]:HTTP Server Started on Port: 8077
SiFacil.exe: 00002678: 13:18:05 [127.0.0.1]:EUniSessionException : Invalid session or session Timeout. : Addr: $00794143
SiFacil.exe: 00002944: 13:20:46 []:>--------------------------------------------------------------<
SiFacil.exe: 00002944: 13:20:46 [TUniServerModule]:Server First Init.
SiFacil.exe: 00002944: 13:20:46 [TUniServerModule]:Debug Mode = ON
SiFacil.exe: 00002944: 13:20:46 [TUniServerModule]:Global Cache Folder Erased. <21> Files deleted.
SiFacil.exe: 00002944: 13:20:46 [TUniServerModule]:Starting HTTP Server on Port: 8077...
SiFacil.exe: 00002944: 13:20:46 [TUniServerModule]:HTTP Server Started on Port: 8077
SiFacil.exe: 00000694: 13:20:54 [127.0.0.1]:EUniSessionException : Invalid session or session Timeout. : Addr: $00794143
SiFacil.exe: 00003318: 13:23:28 []:>--------------------------------------------------------------<
SiFacil.exe: 00003318: 13:23:28 [TUniServerModule]:Server First Init.
SiFacil.exe: 00003318: 13:23:28 [TUniServerModule]:Debug Mode = ON
SiFacil.exe: 00003318: 13:23:28 [TUniServerModule]:Global Cache Folder Erased. <23> Files deleted.
SiFacil.exe: 00003318: 13:23:28 [TUniServerModule]:Starting HTTP Server on Port: 8077...
SiFacil.exe: 00003318: 13:23:28 [TUniServerModule]:HTTP Server Started on Port: 8077
SiFacil.exe: 00002EA8: 13:23:34 [127.0.0.1]:EUniSessionException : Invalid session or session Timeout. : Addr: $00794143
SiFacil.exe: 00002894: 13:25:31 []:>--------------------------------------------------------------<
SiFacil.exe: 00002894: 13:25:31 [TUniServerModule]:Server First Init.
SiFacil.exe: 00002894: 13:25:31 [TUniServerModule]:Debug Mode = ON
SiFacil.exe: 00002894: 13:25:31 [TUniServerModule]:Global Cache Folder Erased. <21> Files deleted.
SiFacil.exe: 00002894: 13:25:31 [TUniServerModule]:Starting HTTP Server on Port: 8077...
SiFacil.exe: 00002894: 13:25:31 [TUniServerModule]:HTTP Server Started on Port: 8077
SiFacil.exe: 00003268: 13:25:46 []:>--------------------------------------------------------------<
SiFacil.exe: 00003268: 13:25:46 [TUniServerModule]:Server First Init.
SiFacil.exe: 00003268: 13:25:46 [TUniServerModule]:Debug Mode = ON
SiFacil.exe: 00003268: 13:25:46 [TUniServerModule]:Global Cache Folder Erased. <1> Files deleted.
SiFacil.exe: 00003268: 13:25:47 [TUniServerModule]:Starting HTTP Server on Port: 8077...
SiFacil.exe: 00003268: 13:25:47 [TUniServerModule]:HTTP Server Started on Port: 8077
SiFacil.exe: 000029A0: 13:37:19 []:>--------------------------------------------------------------<
SiFacil.exe: 000029A0: 13:37:19 [TUniServerModule]:Server First Init.
SiFacil.exe: 000029A0: 13:37:19 [TUniServerModule]:Debug Mode = ON
SiFacil.exe: 000029A0: 13:37:19 [TUniServerModule]:Global Cache Folder Erased. <23> Files deleted.
SiFacil.exe: 000029A0: 13:37:19 [TUniServerModule]:Starting HTTP Server on Port: 8077...
SiFacil.exe: 000029A0: 13:37:19 [TUniServerModule]:HTTP Server Started on Port: 8077
SiFacil.exe: 00001540: 13:37:27 [127.0.0.1]:EUniSessionException : Invalid session or session Timeout. : Addr: $00794143
SiFacil.exe: 00000818: 13:46:27 []:>--------------------------------------------------------------<
SiFacil.exe: 00000818: 13:46:27 [TUniServerModule]:Server First Init.
SiFacil.exe: 00000818: 13:46:27 [TUniServerModule]:Debug Mode = ON
SiFacil.exe: 00000818: 13:46:27 [TUniServerModule]:Global Cache Folder Erased. <22> Files deleted.
SiFacil.exe: 00000818: 13:46:27 [TUniServerModule]:Starting HTTP Server on Port: 8077...
SiFacil.exe: 00000818: 13:46:27 [TUniServerModule]:HTTP Server Started on Port: 8077
SiFacil.exe: 00002A4C: 13:47:31 [127.0.0.1]:EUniSessionException : Invalid session or session Timeout. : Addr: $00794143
SiFacil.exe: 00001CC8: 13:50:43 []:>--------------------------------------------------------------<
SiFacil.exe: 00001CC8: 13:50:43 [TUniServerModule]:Server First Init.
SiFacil.exe: 00001CC8: 13:50:43 [TUniServerModule]:Debug Mode = ON
SiFacil.exe: 00001CC8: 13:50:43 [TUniServerModule]:Global Cache Folder Erased. <23> Files deleted.
SiFacil.exe: 00001CC8: 13:50:43 [TUniServerModule]:Starting HTTP Server on Port: 8077...
SiFacil.exe: 00001CC8: 13:50:43 [TUniServerModule]:HTTP Server Started on Port: 8077
SiFacil.exe: 00002394: 13:50:52 [127.0.0.1]:EUniSessionException : Invalid session or session Timeout. : Addr: $00794143
SiFacil.exe: 00001A48: 13:52:04 []:>--------------------------------------------------------------<
SiFacil.exe: 00001A48: 13:52:04 [TUniServerModule]:Server First Init.
SiFacil.exe: 00001A48: 13:52:04 [TUniServerModule]:Debug Mode = ON
SiFacil.exe: 00001A48: 13:52:04 [TUniServerModule]:Global Cache Folder Erased. <22> Files deleted.
SiFacil.exe: 00001A48: 13:52:04 [TUniServerModule]:Starting HTTP Server on Port: 8077...
SiFacil.exe: 00001A48: 13:52:04 [TUniServerModule]:HTTP Server Started on Port: 8077
SiFacil.exe: 000025F0: 13:52:09 [127.0.0.1]:EUniSessionException : Invalid session or session Timeout. : Addr: $00794143
SiFacil.exe: 00002D70: 13:55:30 []:>--------------------------------------------------------------<
SiFacil.exe: 00002D70: 13:55:30 [TUniServerModule]:Server First Init.
SiFacil.exe: 00002D70: 13:55:30 [TUniServerModule]:Debug Mode = ON
SiFacil.exe: 00002D70: 13:55:30 [TUniServerModule]:Global Cache Folder Erased. <23> Files deleted.
SiFacil.exe: 00002D70: 13:55:30 [TUniServerModule]:Starting HTTP Server on Port: 8077...
SiFacil.exe: 00002D70: 13:55:30 [TUniServerModule]:HTTP Server Started on Port: 8077
SiFacil.exe: 000033BC: 13:55:58 [127.0.0.1]:EUniSessionException : Invalid session or session Timeout. : Addr: $00794143
SiFacil.exe: 00003760: 13:59:04 []:>--------------------------------------------------------------<
SiFacil.exe: 00003760: 13:59:04 [TUniServerModule]:Server First Init.
SiFacil.exe: 00003760: 13:59:04 [TUniServerModule]:Debug Mode = ON
SiFacil.exe: 00003760: 13:59:04 [TUniServerModule]:Global Cache Folder Erased. <22> Files deleted.
SiFacil.exe: 00003760: 13:59:04 [TUniServerModule]:Starting HTTP Server on Port: 8077...
SiFacil.exe: 00003760: 13:59:04 [TUniServerModule]:HTTP Server Started on Port: 8077
SiFacil.exe: 00002820: 13:59:11 [127.0.0.1]:EUniSessionException : Invalid session or session Timeout. : Addr: $00794143
SiFacil.exe: 00002F50: 14:01:46 []:>--------------------------------------------------------------<
SiFacil.exe: 00002F50: 14:01:46 [TUniServerModule]:Server First Init.
SiFacil.exe: 00002F50: 14:01:46 [TUniServerModule]:Debug Mode = ON
SiFacil.exe: 00002F50: 14:01:46 [TUniServerModule]:Global Cache Folder Erased. <22> Files deleted.
SiFacil.exe: 00002F50: 14:01:46 [TUniServerModule]:Starting HTTP Server on Port: 8077...
SiFacil.exe: 00002F50: 14:01:46 [TUniServerModule]:HTTP Server Started on Port: 8077
SiFacil.exe: 000023E0: 14:02:07 [127.0.0.1]:EUniSessionException : Invalid session or session Timeout. : Addr: $00794143
SiFacil.exe: 00002F0C: 14:07:32 []:>--------------------------------------------------------------<
SiFacil.exe: 00002F0C: 14:07:32 [TUniServerModule]:Server First Init.
SiFacil.exe: 00002F0C: 14:07:32 [TUniServerModule]:Debug Mode = ON
SiFacil.exe: 00002F0C: 14:07:32 [TUniServerModule]:Global Cache Folder Erased. <24> Files deleted.
SiFacil.exe: 00002F0C: 14:07:32 [TUniServerModule]:Starting HTTP Server on Port: 8077...
SiFacil.exe: 00002F0C: 14:07:32 [TUniServerModule]:HTTP Server Started on Port: 8077
SiFacil.exe: 00001F00: 14:07:41 [127.0.0.1]:EUniSessionException : Invalid session or session Timeout. : Addr: $00794143
SiFacil.exe: 00001240: 14:10:23 []:>--------------------------------------------------------------<
SiFacil.exe: 00001240: 14:10:23 [TUniServerModule]:Server First Init.
SiFacil.exe: 00001240: 14:10:23 [TUniServerModule]:Debug Mode = ON
SiFacil.exe: 00001240: 14:10:23 [TUniServerModule]:Global Cache Folder Erased. <23> Files deleted.
SiFacil.exe: 00001240: 14:10:23 [TUniServerModule]:Starting HTTP Server on Port: 8077...
SiFacil.exe: 00001240: 14:10:23 [TUniServerModule]:HTTP Server Started on Port: 8077
SiFacil.exe: 000023DC: 14:10:27 [127.0.0.1]:EUniSessionException : Invalid session or session Timeout. : Addr: $00794143
SiFacil.exe: 00000BC0: 14:12:39 []:>--------------------------------------------------------------<
SiFacil.exe: 00000BC0: 14:12:39 [TUniServerModule]:Server First Init.
SiFacil.exe: 00000BC0: 14:12:39 [TUniServerModule]:Debug Mode = ON
SiFacil.exe: 00000BC0: 14:12:39 [TUniServerModule]:Global Cache Folder Erased. <24> Files deleted.
SiFacil.exe: 00000BC0: 14:12:39 [TUniServerModule]:Starting HTTP Server on Port: 8077...
SiFacil.exe: 00000BC0: 14:12:39 [TUniServerModule]:HTTP Server Started on Port: 8077
SiFacil.exe: 000023BC: 14:12:59 [127.0.0.1]:EUniSessionException : Invalid session or session Timeout. : Addr: $00794143
SiFacil.exe: 00002E98: 14:14:01 []:>--------------------------------------------------------------<
SiFacil.exe: 00002E98: 14:14:01 [TUniServerModule]:Server First Init.
SiFacil.exe: 00002E98: 14:14:01 [TUniServerModule]:Debug Mode = ON
SiFacil.exe: 00002E98: 14:14:01 [TUniServerModule]:Global Cache Folder Erased. <4> Files deleted.
SiFacil.exe: 00002E98: 14:14:01 [TUniServerModule]:Starting HTTP Server on Port: 8077...
SiFacil.exe: 00002E98: 14:14:01 [TUniServerModule]:HTTP Server Started on Port: 8077
SiFacil.exe: 0000055C: 14:14:10 [127.0.0.1]:EUniSessionException : Invalid session or session Timeout. : Addr: $00794143
SiFacil.exe: 00000B70: 14:15:48 []:>--------------------------------------------------------------<
SiFacil.exe: 00000B70: 14:15:48 [TUniServerModule]:Server First Init.
SiFacil.exe: 00000B70: 14:15:48 [TUniServerModule]:Debug Mode = ON
SiFacil.exe: 00000B70: 14:15:48 [TUniServerModule]:Global Cache Folder Erased. <23> Files deleted.
SiFacil.exe: 00000B70: 14:15:48 [TUniServerModule]:Starting HTTP Server on Port: 8077...
SiFacil.exe: 00000B70: 14:15:48 [TUniServerModule]:HTTP Server Started on Port: 8077
SiFacil.exe: 00001D04: 14:15:59 [127.0.0.1]:EUniSessionException : Invalid session or session Timeout. : Addr: $00794143
SiFacil.exe: 00000A80: 14:18:23 []:>--------------------------------------------------------------<
SiFacil.exe: 00000A80: 14:18:23 [TUniServerModule]:Server First Init.
SiFacil.exe: 00000A80: 14:18:23 [TUniServerModule]:Debug Mode = ON
SiFacil.exe: 00000A80: 14:18:23 [TUniServerModule]:Global Cache Folder Erased. <22> Files deleted.
SiFacil.exe: 00000A80: 14:18:23 [TUniServerModule]:Starting HTTP Server on Port: 8077...
SiFacil.exe: 00000A80: 14:18:23 [TUniServerModule]:HTTP Server Started on Port: 8077
SiFacil.exe: 000020C0: 14:18:37 [127.0.0.1]:EUniSessionException : Invalid session or session Timeout. : Addr: $00794143
SiFacil.exe: 0000084C: 16:14:09 []:>--------------------------------------------------------------<
SiFacil.exe: 0000084C: 16:14:09 [TUniServerModule]:Server First Init.
SiFacil.exe: 0000084C: 16:14:09 [TUniServerModule]:Debug Mode = ON
SiFacil.exe: 0000084C: 16:14:09 [TUniServerModule]:Global Cache Folder Erased. <23> Files deleted.
SiFacil.exe: 0000084C: 16:14:09 [TUniServerModule]:Starting HTTP Server on Port: 8077...
SiFacil.exe: 0000084C: 16:14:09 [TUniServerModule]:HTTP Server Started on Port: 8077
SiFacil.exe: 00002E48: 16:14:10 [127.0.0.1]:EUniSessionException : Invalid session or session Timeout. : Addr: $00794143
SiFacil.exe: 00003210: 16:25:26 []:>--------------------------------------------------------------<
SiFacil.exe: 00003210: 16:25:26 [TUniServerModule]:Server First Init.
SiFacil.exe: 00003210: 16:25:26 [TUniServerModule]:Debug Mode = ON
SiFacil.exe: 00003210: 16:25:26 [TUniServerModule]:Global Cache Folder Erased. <4> Files deleted.
SiFacil.exe: 00003210: 16:25:26 [TUniServerModule]:Starting HTTP Server on Port: 8077...
SiFacil.exe: 00003210: 16:25:26 [TUniServerModule]:HTTP Server Started on Port: 8077
